Log file open, 09/10/21 10:27:03
LogInit: Display: Running engine for game: DeathBattle
LogPlatformFile: Not using cached read wrapper
LogTaskGraph: Started task graph with 5 named threads and 23 total threads with 3 sets of task threads.
LogStats: Stats thread started at 0.167432
LogD3D11RHI: Loaded GFSDK_Aftermath_Lib.x64.dll
LogICUInternationalization: ICU TimeZone Detection - Raw Offset: +1:00, Platform Override: ''
LogPluginManager: Mounting plugin Paper2D
LogPluginManager: Mounting plugin AISupport
LogPluginManager: Mounting plugin LightPropagationVolume
LogPluginManager: Mounting plugin CameraShakePreviewer
LogPluginManager: Mounting plugin ActorLayerUtilities
LogPluginManager: Mounting plugin AnimationSharing
LogPluginManager: Mounting plugin CLionSourceCodeAccess
LogPluginManager: Mounting plugin CodeLiteSourceCodeAccess
LogPluginManager: Mounting plugin GitSourceControl
LogPluginManager: Mounting plugin KDevelopSourceCodeAccess
LogPluginManager: Mounting plugin NullSourceCodeAccess
LogPluginManager: Mounting plugin PerforceSourceControl
LogPluginManager: Mounting plugin PlasticSourceControl
LogPluginManager: Mounting plugin RiderSourceCodeAccess
LogPluginManager: Mounting plugin SubversionSourceControl
LogPluginManager: Mounting plugin UObjectPlugin
LogPluginManager: Mounting plugin VisualStudioCodeSourceCodeAccess
LogPluginManager: Mounting plugin VisualStudioSourceCodeAccess
LogPluginManager: Mounting plugin XCodeSourceCodeAccess
LogPluginManager: Mounting plugin AssetManagerEditor
LogPluginManager: Mounting plugin CryptoKeys
LogPluginManager: Mounting plugin CurveEditorTools
LogPluginManager: Mounting plugin DataValidation
LogPluginManager: Mounting plugin EditorScriptingUtilities
LogPluginManager: Mounting plugin FacialAnimation
LogPluginManager: Mounting plugin GameplayTagsEditor
LogPluginManager: Mounting plugin GeometryMode
LogPluginManager: Mounting plugin MacGraphicsSwitching
LogPluginManager: Mounting plugin MaterialAnalyzer
LogPluginManager: Mounting plugin MobileLauncherProfileWizard
LogPluginManager: Mounting plugin PluginBrowser
LogPluginManager: Mounting plugin SpeedTreeImporter
LogPluginManager: Mounting plugin DatasmithContent
LogPluginManager: Mounting plugin VariantManagerContent
LogPluginManager: Mounting plugin AlembicImporter
LogPluginManager: Mounting plugin AutomationUtils
LogPluginManager: Mounting plugin BackChannel
LogPluginManager: Mounting plugin ChaosCloth
LogPluginManager: Mounting plugin ChaosClothEditor
LogPluginManager: Mounting plugin ChaosEditor
LogPluginManager: Mounting plugin ChaosNiagara
LogPluginManager: Mounting plugin ChaosSolverPlugin
LogPluginManager: Mounting plugin CharacterAI
LogPluginManager: Mounting plugin GeometryCache
LogPluginManager: Mounting plugin GeometryCollectionPlugin
LogPluginManager: Mounting plugin GeometryProcessing
LogPluginManager: Mounting plugin PlanarCut
LogPluginManager: Mounting plugin PlatformCrypto
LogPluginManager: Mounting plugin ProxyLODPlugin
LogPluginManager: Mounting plugin SkeletalReduction
LogPluginManager: Mounting plugin Niagara
LogPluginManager: Mounting plugin MagicLeap
LogPluginManager: Mounting plugin MagicLeapLightEstimation
LogPluginManager: Mounting plugin MagicLeapMedia
LogPluginManager: Mounting plugin MagicLeapPassableWorld
LogPluginManager: Mounting plugin MLSDK
LogPluginManager: Mounting plugin AndroidMedia
LogPluginManager: Mounting plugin AvfMedia
LogPluginManager: Mounting plugin ImgMedia
LogPluginManager: Mounting plugin MediaCompositing
LogPluginManager: Mounting plugin MediaPlayerEditor
LogPluginManager: Mounting plugin WebMMedia
LogPluginManager: Mounting plugin WmfMedia
LogPluginManager: Mounting plugin MeshPainting
LogPluginManager: Mounting plugin TcpMessaging
LogPluginManager: Mounting plugin UdpMessaging
LogPluginManager: Mounting plugin ActorSequence
LogPluginManager: Mounting plugin LevelSequenceEditor
LogPluginManager: Mounting plugin MatineeToLevelSequence
LogPluginManager: Mounting plugin MovieRenderPipeline
LogPluginManager: Mounting plugin TemplateSequence
LogPluginManager: Mounting plugin NetcodeUnitTest
LogPluginManager: Mounting plugin NUTUnrealEngine4
LogPluginManager: Mounting plugin OnlineSubsystemGooglePlay
LogPluginManager: Mounting plugin OnlineSubsystemIOS
LogPluginManager: Mounting plugin OnlineSubsystem
LogPluginManager: Mounting plugin OnlineSubsystemNull
LogPluginManager: Mounting plugin OnlineSubsystemUtils
LogPluginManager: Mounting plugin LauncherChunkInstaller
LogPluginManager: Mounting plugin AndroidDeviceProfileSelector
LogPluginManager: Mounting plugin AndroidMoviePlayer
LogPluginManager: Mounting plugin AndroidPermission
LogPluginManager: Mounting plugin ApexDestruction
LogPluginManager: Mounting plugin AppleImageUtils
LogPluginManager: Mounting plugin AppleMoviePlayer
LogPluginManager: Mounting plugin ArchVisCharacter
LogPluginManager: Mounting plugin AssetTags
LogPluginManager: Mounting plugin AudioCapture
LogPluginManager: Mounting plugin CableComponent
LogPluginManager: Mounting plugin CustomMeshComponent
LogPluginManager: Mounting plugin EditableMesh
LogPluginManager: Mounting plugin ExampleDeviceProfileSelector
LogPluginManager: Mounting plugin GoogleCloudMessaging
LogPluginManager: Mounting plugin GooglePAD
LogPluginManager: Mounting plugin IOSDeviceProfileSelector
LogPluginManager: Mounting plugin LinuxDeviceProfileSelector
LogPluginManager: Mounting plugin LocationServicesBPLibrary
LogPluginManager: Mounting plugin MobilePatchingUtils
LogPluginManager: Mounting plugin OculusVR
LogPluginManager: Mounting plugin PhysXVehicles
LogPluginManager: Mounting plugin PostSplashScreen
LogPluginManager: Mounting plugin ProceduralMeshComponent
LogPluginManager: Mounting plugin RuntimePhysXCooking
LogPluginManager: Mounting plugin SignificanceManager
LogPluginManager: Mounting plugin SoundFields
LogPluginManager: Mounting plugin SteamVR
LogPluginManager: Mounting plugin Synthesis
LogPluginManager: Mounting plugin WebMMoviePlayer
LogPluginManager: Mounting plugin WindowsMoviePlayer
LogPluginManager: Mounting plugin ScreenshotTools
LogInit: Using libcurl 7.55.1-DEV
LogInit:  - built for x86_64-pc-win32
LogInit:  - supports SSL with OpenSSL/1.1.1
LogInit:  - supports HTTP deflate (compression) using libz 1.2.8
LogInit:  - other features:
LogInit:      CURL_VERSION_SSL
LogInit:      CURL_VERSION_LIBZ
LogInit:      CURL_VERSION_IPV6
LogInit:      CURL_VERSION_ASYNCHDNS
LogInit:      CURL_VERSION_LARGEFILE
LogInit:      CURL_VERSION_IDN
LogInit:  CurlRequestOptions (configurable via config and command line):
LogInit:  - bVerifyPeer = true  - Libcurl will verify peer certificate
LogInit:  - bUseHttpProxy = false  - Libcurl will NOT use HTTP proxy
LogInit:  - bDontReuseConnections = false  - Libcurl will reuse connections
LogInit:  - MaxHostConnections = 16  - Libcurl will limit the number of connections to a host
LogInit:  - LocalHostAddr = Default
LogInit:  - BufferSize = 65536
LogOnline: OSS: Creating online subsystem instance for: NULL
LogInit: WinSock: version 1.1 (2.2), MaxSocks=32767, MaxUdp=65467
LogOnline: OSS: TryLoadSubsystemAndSetDefault: Loaded subsystem for module [NULL]
LogInit: Build: ++UE4+Release-4.25-CL-14469661
LogInit: Engine Version: 4.25.4-14469661+++UE4+Release-4.25
LogInit: Compatible Engine Version: 4.25.0-13144385+++UE4+Release-4.25
LogInit: Net CL: 13144385
LogInit: OS: Windows 10 (Release 1909) (), CPU: Intel(R) Core(TM) i5-10210U CPU @ 1.60GHz, GPU: Intel(R) UHD Graphics
LogInit: Compiled (64-bit): Oct 11 2020 08:10:49
LogInit: Compiled with Visual C++: 19.24.28315.00
LogInit: Build Configuration: Development
LogInit: Branch Name: ++UE4+Release-4.25
LogInit: Command Line: 
LogInit: Base Directory: C:/Program Files/Epic Games/UE_4.25/Engine/Binaries/Win64/
LogInit: Allocator: TBB
LogInit: Installed Engine Build: 1
LogDevObjectVersion: Number of dev versions registered: 26
LogDevObjectVersion:   Dev-Blueprints (B0D832E4-1F89-4F0D-ACCF-7EB736FD4AA2): 10
LogDevObjectVersion:   Dev-Build (E1C64328-A22C-4D53-A36C-8E866417BD8C): 0
LogDevObjectVersion:   Dev-Core (375EC13C-06E4-48FB-B500-84F0262A717E): 4
LogDevObjectVersion:   Dev-Editor (E4B068ED-F494-42E9-A231-DA0B2E46BB41): 38
LogDevObjectVersion:   Dev-Framework (CFFC743F-43B0-4480-9391-14DF171D2073): 37
LogDevObjectVersion:   Dev-Mobile (B02B49B5-BB20-44E9-A304-32B752E40360): 2
LogDevObjectVersion:   Dev-Networking (A4E4105C-59A1-49B5-A7C5-40C4547EDFEE): 0
LogDevObjectVersion:   Dev-Online (39C831C9-5AE6-47DC-9A44-9C173E1C8E7C): 0
LogDevObjectVersion:   Dev-Physics (78F01B33-EBEA-4F98-B9B4-84EACCB95AA2): 4
LogDevObjectVersion:   Dev-Platform (6631380F-2D4D-43E0-8009-CF276956A95A): 0
LogDevObjectVersion:   Dev-Rendering (12F88B9F-8875-4AFC-A67C-D90C383ABD29): 43
LogDevObjectVersion:   Dev-Sequencer (7B5AE74C-D270-4C10-A958-57980B212A5A): 12
LogDevObjectVersion:   Dev-VR (D7296918-1DD6-4BDD-9DE2-64A83CC13884): 3
LogDevObjectVersion:   Dev-LoadTimes (C2A15278-BFE7-4AFE-6C17-90FF531DF755): 1
LogDevObjectVersion:   Private-Geometry (6EACA3D4-40EC-4CC1-B786-8BED09428FC5): 3
LogDevObjectVersion:   Dev-AnimPhys (29E575DD-E0A3-4627-9D10-D276232CDCEA): 17
LogDevObjectVersion:   Dev-Anim (AF43A65D-7FD3-4947-9873-3E8ED9C1BB05): 7
LogDevObjectVersion:   Dev-ReflectionCapture (6B266CEC-1EC7-4B8F-A30B-E4D90942FC07): 1
LogDevObjectVersion:   Dev-Automation (0DF73D61-A23F-47EA-B727-89E90C41499A): 1
LogDevObjectVersion:   FortniteMain (601D1886-AC64-4F84-AA16-D3DE0DEAC7D6): 31
LogDevObjectVersion:   Dev-Enterprise (9DFFBCD6-494F-0158-E221-12823C92A888): 10
LogDevObjectVersion:   Dev-Niagara (F2AED0AC-9AFE-416F-8664-AA7FFA26D6FC): 1
LogDevObjectVersion:   Dev-Destruction (174F1F0B-B4C6-45A5-B13F-2EE8D0FB917D): 10
LogDevObjectVersion:   Dev-Physics-Ext (35F94A83-E258-406C-A318-09F59610247C): 37
LogDevObjectVersion:   Dev-PhysicsMaterial-Chaos (B68FC16E-8B1B-42E2-B453-215C058844FE): 1
LogDevObjectVersion:   Dev-CineCamera (B2E18506-4273-CFC2-A54E-F4BB758BBA07): 1
LogInit: Presizing for max 25165824 objects, including 0 objects not considered by GC, pre-allocating 0 bytes for permanent pool.
LogConfig: Applying CVar settings from Section [/Script/Engine.StreamingSettings] File [C:/Users/gustav.anderssongut/Documents/GitHub/Deathbattle7.0/Saved/Config/Windows/Engine.ini]
LogConfig: Setting CVar [[s.MinBulkDataSizeForAsyncLoading:131072]]
LogConfig: Setting CVar [[s.AsyncLoadingThreadEnabled:0]]
LogConfig: Setting CVar [[s.EventDrivenLoaderEnabled:1]]
LogConfig: Setting CVar [[s.WarnIfTimeLimitExceeded:0]]
LogConfig: Setting CVar [[s.TimeLimitExceededMultiplier:1.5]]
LogConfig: Setting CVar [[s.TimeLimitExceededMinTime:0.005]]
LogConfig: Setting CVar [[s.UseBackgroundLevelStreaming:1]]
LogConfig: Setting CVar [[s.PriorityAsyncLoadingExtraTime:15.0]]
LogConfig: Setting CVar [[s.LevelStreamingActorsUpdateTimeLimit:5.0]]
LogConfig: Setting CVar [[s.PriorityLevelStreamingActorsUpdateExtraTime:5.0]]
LogConfig: Setting CVar [[s.LevelStreamingComponentsRegistrationGranularity:10]]
LogConfig: Setting CVar [[s.UnregisterComponentsTimeLimit:1.0]]
LogConfig: Setting CVar [[s.LevelStreamingComponentsUnregistrationGranularity:5]]
LogConfig: Setting CVar [[s.FlushStreamingOnExit:1]]
LogInit: Object subsystem initialized
LogConfig: Setting CVar [[con.DebugEarlyDefault:1]]
LogConfig: Setting CVar [[r.setres:1280x720]]
[2021.09.10-08.27.04:096][  0]LogConfig: Setting CVar [[r.VSync:0]]
[2021.09.10-08.27.04:096][  0]LogConfig: Setting CVar [[r.RHICmdBypass:0]]
[2021.09.10-08.27.04:096][  0]LogConfig: Applying CVar settings from Section [/Script/Engine.RendererSettings] File [C:/Users/gustav.anderssongut/Documents/GitHub/Deathbattle7.0/Saved/Config/Windows/Engine.ini]
[2021.09.10-08.27.04:096][  0]LogConfig: Setting CVar [[r.GPUCrashDebugging:0]]
[2021.09.10-08.27.04:096][  0]LogConfig: Applying CVar settings from Section [/Script/Engine.RendererOverrideSettings] File [C:/Users/gustav.anderssongut/Documents/GitHub/Deathbattle7.0/Saved/Config/Windows/Engine.ini]
[2021.09.10-08.27.04:096][  0]LogConfig: Applying CVar settings from Section [/Script/Engine.StreamingSettings] File [C:/Users/gustav.anderssongut/Documents/GitHub/Deathbattle7.0/Saved/Config/Windows/Engine.ini]
[2021.09.10-08.27.04:096][  0]LogConfig: Setting CVar [[s.MinBulkDataSizeForAsyncLoading:131072]]
[2021.09.10-08.27.04:096][  0]LogConfig: Setting CVar [[s.AsyncLoadingThreadEnabled:0]]
[2021.09.10-08.27.04:096][  0]LogConfig: Setting CVar [[s.EventDrivenLoaderEnabled:1]]
[2021.09.10-08.27.04:096][  0]LogConfig: Setting CVar [[s.WarnIfTimeLimitExceeded:0]]
[2021.09.10-08.27.04:096][  0]LogConfig: Setting CVar [[s.TimeLimitExceededMultiplier:1.5]]
[2021.09.10-08.27.04:096][  0]LogConfig: Setting CVar [[s.TimeLimitExceededMinTime:0.005]]
[2021.09.10-08.27.04:096][  0]LogConfig: Setting CVar [[s.UseBackgroundLevelStreaming:1]]
[2021.09.10-08.27.04:096][  0]LogConfig: Setting CVar [[s.PriorityAsyncLoadingExtraTime:15.0]]
[2021.09.10-08.27.04:096][  0]LogConfig: Setting CVar [[s.LevelStreamingActorsUpdateTimeLimit:5.0]]
[2021.09.10-08.27.04:096][  0]LogConfig: Setting CVar [[s.PriorityLevelStreamingActorsUpdateExtraTime:5.0]]
[2021.09.10-08.27.04:096][  0]LogConfig: Setting CVar [[s.LevelStreamingComponentsRegistrationGranularity:10]]
[2021.09.10-08.27.04:096][  0]LogConfig: Setting CVar [[s.UnregisterComponentsTimeLimit:1.0]]
[2021.09.10-08.27.04:096][  0]LogConfig: Setting CVar [[s.LevelStreamingComponentsUnregistrationGranularity:5]]
[2021.09.10-08.27.04:097][  0]LogConfig: Setting CVar [[s.FlushStreamingOnExit:1]]
[2021.09.10-08.27.04:097][  0]LogConfig: Applying CVar settings from Section [/Script/Engine.GarbageCollectionSettings] File [C:/Users/gustav.anderssongut/Documents/GitHub/Deathbattle7.0/Saved/Config/Windows/Engine.ini]
[2021.09.10-08.27.04:097][  0]LogConfig: Setting CVar [[gc.MaxObjectsNotConsideredByGC:1]]
[2021.09.10-08.27.04:097][  0]LogConfig: Setting CVar [[gc.SizeOfPermanentObjectPool:0]]
[2021.09.10-08.27.04:097][  0]LogConfig: Setting CVar [[gc.FlushStreamingOnGC:0]]
[2021.09.10-08.27.04:097][  0]LogConfig: Setting CVar [[gc.NumRetriesBeforeForcingGC:10]]
[2021.09.10-08.27.04:097][  0]LogConfig: Setting CVar [[gc.AllowParallelGC:1]]
[2021.09.10-08.27.04:097][  0]LogConfig: Setting CVar [[gc.TimeBetweenPurgingPendingKillObjects:61.1]]
[2021.09.10-08.27.04:097][  0]LogConfig: Setting CVar [[gc.MaxObjectsInEditor:25165824]]
[2021.09.10-08.27.04:097][  0]LogConfig: Setting CVar [[gc.IncrementalBeginDestroyEnabled:1]]
[2021.09.10-08.27.04:097][  0]LogConfig: Setting CVar [[gc.CreateGCClusters:1]]
[2021.09.10-08.27.04:097][  0]LogConfig: Setting CVar [[gc.MinGCClusterSize:5]]
[2021.09.10-08.27.04:097][  0]LogConfig: Setting CVar [[gc.ActorClusteringEnabled:0]]
[2021.09.10-08.27.04:097][  0]LogConfig: Setting CVar [[gc.BlueprintClusteringEnabled:0]]
[2021.09.10-08.27.04:097][  0]LogConfig: Setting CVar [[gc.UseDisregardForGCOnDedicatedServers:0]]
[2021.09.10-08.27.04:097][  0]LogConfig: Applying CVar settings from Section [/Script/Engine.NetworkSettings] File [C:/Users/gustav.anderssongut/Documents/GitHub/Deathbattle7.0/Saved/Config/Windows/Engine.ini]
[2021.09.10-08.27.04:097][  0]LogConfig: Applying CVar settings from Section [/Script/UnrealEd.CookerSettings] File [C:/Users/gustav.anderssongut/Documents/GitHub/Deathbattle7.0/Saved/Config/Windows/Engine.ini]
[2021.09.10-08.27.04:098][  0]LogConfig: Applying CVar settings from Section [ViewDistanceQuality@3] File [C:/Users/gustav.anderssongut/Documents/GitHub/Deathbattle7.0/Saved/Config/Windows/Scalability.ini]
[2021.09.10-08.27.04:098][  0]LogConfig: Setting CVar [[r.SkeletalMeshLODBias:0]]
[2021.09.10-08.27.04:098][  0]LogConfig: Setting CVar [[r.ViewDistanceScale:1.0]]
[2021.09.10-08.27.04:098][  0]LogConfig: Applying CVar settings from Section [AntiAliasingQuality@3] File [C:/Users/gustav.anderssongut/Documents/GitHub/Deathbattle7.0/Saved/Config/Windows/Scalability.ini]
[2021.09.10-08.27.04:098][  0]LogConfig: Setting CVar [[r.PostProcessAAQuality:4]]
[2021.09.10-08.27.04:098][  0]LogConfig: Applying CVar settings from Section [ShadowQuality@3] File [C:/Users/gustav.anderssongut/Documents/GitHub/Deathbattle7.0/Saved/Config/Windows/Scalability.ini]
[2021.09.10-08.27.04:098][  0]LogConfig: Setting CVar [[r.LightFunctionQuality:1]]
[2021.09.10-08.27.04:098][  0]LogConfig: Setting CVar [[r.ShadowQuality:5]]
[2021.09.10-08.27.04:098][  0]LogConfig: Setting CVar [[r.Shadow.CSM.MaxCascades:10]]
[2021.09.10-08.27.04:098][  0]LogConfig: Setting CVar [[r.Shadow.MaxResolution:2048]]
[2021.09.10-08.27.04:098][  0]LogConfig: Setting CVar [[r.Shadow.MaxCSMResolution:2048]]
[2021.09.10-08.27.04:098][  0]LogConfig: Setting CVar [[r.Shadow.RadiusThreshold:0.01]]
[2021.09.10-08.27.04:098][  0]LogConfig: Setting CVar [[r.Shadow.DistanceScale:1.0]]
[2021.09.10-08.27.04:098][  0]LogConfig: Setting CVar [[r.Shadow.CSM.TransitionScale:1.0]]
[2021.09.10-08.27.04:098][  0]LogConfig: Setting CVar [[r.Shadow.PreShadowResolutionFactor:1.0]]
[2021.09.10-08.27.04:098][  0]LogConfig: Setting CVar [[r.DistanceFieldShadowing:1]]
[2021.09.10-08.27.04:098][  0]LogConfig: Setting CVar [[r.DistanceFieldAO:1]]
[2021.09.10-08.27.04:098][  0]LogConfig: Setting CVar [[r.AOQuality:2]]
[2021.09.10-08.27.04:098][  0]LogConfig: Setting CVar [[r.VolumetricFog:1]]
[2021.09.10-08.27.04:098][  0]LogConfig: Setting CVar [[r.VolumetricFog.GridPixelSize:8]]
[2021.09.10-08.27.04:098][  0]LogConfig: Setting CVar [[r.VolumetricFog.GridSizeZ:128]]
[2021.09.10-08.27.04:098][  0]LogConfig: Setting CVar [[r.VolumetricFog.HistoryMissSupersampleCount:4]]
[2021.09.10-08.27.04:098][  0]LogConfig: Setting CVar [[r.LightMaxDrawDistanceScale:1]]
[2021.09.10-08.27.04:098][  0]LogConfig: Setting CVar [[r.CapsuleShadows:1]]
[2021.09.10-08.27.04:098][  0]LogConfig: Applying CVar settings from Section [PostProcessQuality@3] File [C:/Users/gustav.anderssongut/Documents/GitHub/Deathbattle7.0/Saved/Config/Windows/Scalability.ini]
[2021.09.10-08.27.04:098][  0]LogConfig: Setting CVar [[r.MotionBlurQuality:4]]
[2021.09.10-08.27.04:098][  0]LogConfig: Setting CVar [[r.AmbientOcclusionMipLevelFactor:0.4]]
[2021.09.10-08.27.04:098][  0]LogConfig: Setting CVar [[r.AmbientOcclusionMaxQuality:100]]
[2021.09.10-08.27.04:099][  0]LogConfig: Setting CVar [[r.AmbientOcclusionLevels:-1]]
[2021.09.10-08.27.04:099][  0]LogConfig: Setting CVar [[r.AmbientOcclusionRadiusScale:1.0]]
[2021.09.10-08.27.04:099][  0]LogConfig: Setting CVar [[r.DepthOfFieldQuality:2]]
[2021.09.10-08.27.04:099][  0]LogConfig: Setting CVar [[r.RenderTargetPoolMin:400]]
[2021.09.10-08.27.04:099][  0]LogConfig: Setting CVar [[r.LensFlareQuality:2]]
[2021.09.10-08.27.04:099][  0]LogConfig: Setting CVar [[r.SceneColorFringeQuality:1]]
[2021.09.10-08.27.04:099][  0]LogConfig: Setting CVar [[r.EyeAdaptationQuality:2]]
[2021.09.10-08.27.04:099][  0]LogConfig: Setting CVar [[r.BloomQuality:5]]
[2021.09.10-08.27.04:099][  0]LogConfig: Setting CVar [[r.FastBlurThreshold:100]]
[2021.09.10-08.27.04:099][  0]LogConfig: Setting CVar [[r.Upscale.Quality:3]]
[2021.09.10-08.27.04:099][  0]LogConfig: Setting CVar [[r.Tonemapper.GrainQuantization:1]]
[2021.09.10-08.27.04:099][  0]LogConfig: Setting CVar [[r.LightShaftQuality:1]]
[2021.09.10-08.27.04:099][  0]LogConfig: Setting CVar [[r.Filter.SizeScale:1]]
[2021.09.10-08.27.04:099][  0]LogConfig: Setting CVar [[r.Tonemapper.Quality:5]]
[2021.09.10-08.27.04:099][  0]LogConfig: Setting CVar [[r.DOF.Gather.AccumulatorQuality:1        ; higher gathering accumulator quality]]
[2021.09.10-08.27.04:099][  0]LogConfig: Setting CVar [[r.DOF.Gather.PostfilterMethod:1          ; Median3x3 postfilering method]]
[2021.09.10-08.27.04:099][  0]LogConfig: Setting CVar [[r.DOF.Gather.EnableBokehSettings:0       ; no bokeh simulation when gathering]]
[2021.09.10-08.27.04:099][  0]LogConfig: Setting CVar [[r.DOF.Gather.RingCount:4                 ; medium number of samples when gathering]]
[2021.09.10-08.27.04:099][  0]LogConfig: Setting CVar [[r.DOF.Scatter.ForegroundCompositing:1    ; additive foreground scattering]]
[2021.09.10-08.27.04:099][  0]LogConfig: Setting CVar [[r.DOF.Scatter.BackgroundCompositing:2    ; additive background scattering]]
[2021.09.10-08.27.04:099][  0]LogConfig: Setting CVar [[r.DOF.Scatter.EnableBokehSettings:1      ; bokeh simulation when scattering]]
[2021.09.10-08.27.04:099][  0]LogConfig: Setting CVar [[r.DOF.Scatter.MaxSpriteRatio:0.1         ; only a maximum of 10% of scattered bokeh]]
[2021.09.10-08.27.04:099][  0]LogConfig: Setting CVar [[r.DOF.Recombine.Quality:1                ; cheap slight out of focus]]
[2021.09.10-08.27.04:099][  0]LogConfig: Setting CVar [[r.DOF.Recombine.EnableBokehSettings:0    ; no bokeh simulation on slight out of focus]]
[2021.09.10-08.27.04:099][  0]LogConfig: Setting CVar [[r.DOF.TemporalAAQuality:1                ; more stable temporal accumulation]]
[2021.09.10-08.27.04:099][  0]LogConfig: Setting CVar [[r.DOF.Kernel.MaxForegroundRadius:0.025]]
[2021.09.10-08.27.04:099][  0]LogConfig: Setting CVar [[r.DOF.Kernel.MaxBackgroundRadius:0.025]]
[2021.09.10-08.27.04:099][  0]LogConfig: Applying CVar settings from Section [TextureQuality@3] File [C:/Users/gustav.anderssongut/Documents/GitHub/Deathbattle7.0/Saved/Config/Windows/Scalability.ini]
[2021.09.10-08.27.04:099][  0]LogConfig: Setting CVar [[r.Streaming.MipBias:0]]
[2021.09.10-08.27.04:099][  0]LogConfig: Setting CVar [[r.Streaming.AmortizeCPUToGPUCopy:0]]
[2021.09.10-08.27.04:099][  0]LogConfig: Setting CVar [[r.Streaming.MaxNumTexturesToStreamPerFrame:0]]
[2021.09.10-08.27.04:099][  0]LogConfig: Setting CVar [[r.Streaming.Boost:1]]
[2021.09.10-08.27.04:099][  0]LogConfig: Setting CVar [[r.MaxAnisotropy:8]]
[2021.09.10-08.27.04:099][  0]LogConfig: Setting CVar [[r.VT.MaxAnisotropy:8]]
[2021.09.10-08.27.04:099][  0]LogConfig: Setting CVar [[r.Streaming.LimitPoolSizeToVRAM:0]]
[2021.09.10-08.27.04:099][  0]LogConfig: Setting CVar [[r.Streaming.PoolSize:1000]]
[2021.09.10-08.27.04:099][  0]LogConfig: Setting CVar [[r.Streaming.MaxEffectiveScreenSize:0]]
[2021.09.10-08.27.04:099][  0]LogConfig: Applying CVar settings from Section [EffectsQuality@3] File [C:/Users/gustav.anderssongut/Documents/GitHub/Deathbattle7.0/Saved/Config/Windows/Scalability.ini]
[2021.09.10-08.27.04:099][  0]LogConfig: Setting CVar [[r.TranslucencyLightingVolumeDim:64]]
[2021.09.10-08.27.04:099][  0]LogConfig: Setting CVar [[r.RefractionQuality:2]]
[2021.09.10-08.27.04:099][  0]LogConfig: Setting CVar [[r.SSR.Quality:3]]
[2021.09.10-08.27.04:099][  0]LogConfig: Setting CVar [[r.SSR.HalfResSceneColor:0]]
[2021.09.10-08.27.04:099][  0]LogConfig: Setting CVar [[r.SceneColorFormat:4]]
[2021.09.10-08.27.04:099][  0]LogConfig: Setting CVar [[r.DetailMode:2]]
[2021.09.10-08.27.04:099][  0]LogConfig: Setting CVar [[r.TranslucencyVolumeBlur:1]]
[2021.09.10-08.27.04:099][  0]LogConfig: Setting CVar [[r.MaterialQualityLevel:1 ; High quality]]
[2021.09.10-08.27.04:099][  0]LogConfig: Setting CVar [[r.SSS.Scale:1]]
[2021.09.10-08.27.04:099][  0]LogConfig: Setting CVar [[r.SSS.SampleSet:2]]
[2021.09.10-08.27.04:099][  0]LogConfig: Setting CVar [[r.SSS.Quality:1]]
[2021.09.10-08.27.04:099][  0]LogConfig: Setting CVar [[r.SSS.HalfRes:0]]
[2021.09.10-08.27.04:099][  0]LogConfig: Setting CVar [[r.SSGI.Quality:3]]
[2021.09.10-08.27.04:099][  0]LogConfig: Setting CVar [[r.EmitterSpawnRateScale:1.0]]
[2021.09.10-08.27.04:099][  0]LogConfig: Setting CVar [[r.ParticleLightQuality:2]]
[2021.09.10-08.27.04:099][  0]LogConfig: Setting CVar [[r.SkyAtmosphere.AerialPerspectiveLUT.FastApplyOnOpaque:1 ; Always have FastSkyLUT 1 in this case to avoid wrong sky]]
[2021.09.10-08.27.04:099][  0]LogConfig: Setting CVar [[r.SkyAtmosphere.AerialPerspectiveLUT.SampleCountPerSlice:1]]
[2021.09.10-08.27.04:099][  0]LogConfig: Setting CVar [[r.SkyAtmosphere.AerialPerspectiveLUT.DepthResolution:16.0]]
[2021.09.10-08.27.04:099][  0]LogConfig: Setting CVar [[r.SkyAtmosphere.FastSkyLUT:1]]
[2021.09.10-08.27.04:099][  0]LogConfig: Setting CVar [[r.SkyAtmosphere.FastSkyLUT.SampleCountMin:4.0]]
[2021.09.10-08.27.04:099][  0]LogConfig: Setting CVar [[r.SkyAtmosphere.FastSkyLUT.SampleCountMax:32.0]]
[2021.09.10-08.27.04:099][  0]LogConfig: Setting CVar [[r.SkyAtmosphere.SampleCountMin:4.0]]
[2021.09.10-08.27.04:099][  0]LogConfig: Setting CVar [[r.SkyAtmosphere.SampleCountMax:32.0]]
[2021.09.10-08.27.04:099][  0]LogConfig: Setting CVar [[r.SkyAtmosphere.TransmittanceLUT.UseSmallFormat:0]]
[2021.09.10-08.27.04:099][  0]LogConfig: Setting CVar [[r.SkyAtmosphere.TransmittanceLUT.SampleCount:10.0]]
[2021.09.10-08.27.04:099][  0]LogConfig: Setting CVar [[r.SkyAtmosphere.MultiScatteringLUT.SampleCount:15.0]]
[2021.09.10-08.27.04:099][  0]LogConfig: Applying CVar settings from Section [FoliageQuality@3] File [C:/Users/gustav.anderssongut/Documents/GitHub/Deathbattle7.0/Saved/Config/Windows/Scalability.ini]
[2021.09.10-08.27.04:099][  0]LogConfig: Setting CVar [[foliage.DensityScale:1.0]]
[2021.09.10-08.27.04:099][  0]LogConfig: Setting CVar [[grass.DensityScale:1.0]]
[2021.09.10-08.27.04:099][  0]LogConfig: Applying CVar settings from Section [ShadingQuality@3] File [C:/Users/gustav.anderssongut/Documents/GitHub/Deathbattle7.0/Saved/Config/Windows/Scalability.ini]
[2021.09.10-08.27.04:099][  0]LogConfig: Setting CVar [[r.HairStrands.SkyLighting.SampleCount:16]]
[2021.09.10-08.27.04:099][  0]LogConfig: Setting CVar [[r.HairStrands.SkyLighting.JitterIntegration:0]]
[2021.09.10-08.27.04:099][  0]LogConfig: Setting CVar [[r.HairStrands.SkyAO.SampleCount:16]]
[2021.09.10-08.27.04:099][  0]LogConfig: Setting CVar [[r.HairStrands.DeepShadow.SuperSampling:0]]
[2021.09.10-08.27.04:099][  0]LogConfig: Setting CVar [[r.HairStrands.VisibilityPPLL:0]]
[2021.09.10-08.27.04:099][  0]LogConfig: Setting CVar [[r.HairStrands.RasterizationScale:0.5]]
[2021.09.10-08.27.04:099][  0]LogConfig: Setting CVar [[r.HairStrands.VelocityRasterizationScale:1]]
[2021.09.10-08.27.04:099][  0]LogInit: Selected Device Profile: [Windows]
[2021.09.10-08.27.04:099][  0]LogInit: Applying CVar settings loaded from the selected device profile: [Windows]
[2021.09.10-08.27.04:099][  0]LogHAL: Display: Platform has ~ 16 GB [17009516544 / 17179869184 / 16], which maps to Larger [LargestMinGB=32, LargerMinGB=12, DefaultMinGB=8, SmallerMinGB=6, SmallestMinGB=0)
[2021.09.10-08.27.04:099][  0]LogInit: Going up to parent DeviceProfile []
[2021.09.10-08.27.04:099][  0]LogConfig: Applying CVar settings from Section [ViewDistanceQuality@3] File [C:/Users/gustav.anderssongut/Documents/GitHub/Deathbattle7.0/Saved/Config/Windows/Scalability.ini]
[2021.09.10-08.27.04:099][  0]LogConfig: Setting CVar [[r.SkeletalMeshLODBias:0]]
[2021.09.10-08.27.04:099][  0]LogConfig: Setting CVar [[r.ViewDistanceScale:1.0]]
[2021.09.10-08.27.04:099][  0]LogConfig: Applying CVar settings from Section [AntiAliasingQuality@3] File [C:/Users/gustav.anderssongut/Documents/GitHub/Deathbattle7.0/Saved/Config/Windows/Scalability.ini]
[2021.09.10-08.27.04:099][  0]LogConfig: Setting CVar [[r.PostProcessAAQuality:4]]
[2021.09.10-08.27.04:099][  0]LogConfig: Applying CVar settings from Section [ShadowQuality@3] File [C:/Users/gustav.anderssongut/Documents/GitHub/Deathbattle7.0/Saved/Config/Windows/Scalability.ini]
[2021.09.10-08.27.04:099][  0]LogConfig: Setting CVar [[r.LightFunctionQuality:1]]
[2021.09.10-08.27.04:099][  0]LogConfig: Setting CVar [[r.ShadowQuality:5]]
[2021.09.10-08.27.04:099][  0]LogConfig: Setting CVar [[r.Shadow.CSM.MaxCascades:10]]
[2021.09.10-08.27.04:099][  0]LogConfig: Setting CVar [[r.Shadow.MaxResolution:2048]]
[2021.09.10-08.27.04:099][  0]LogConfig: Setting CVar [[r.Shadow.MaxCSMResolution:2048]]
[2021.09.10-08.27.04:099][  0]LogConfig: Setting CVar [[r.Shadow.RadiusThreshold:0.01]]
[2021.09.10-08.27.04:099][  0]LogConfig: Setting CVar [[r.Shadow.DistanceScale:1.0]]
[2021.09.10-08.27.04:099][  0]LogConfig: Setting CVar [[r.Shadow.CSM.TransitionScale:1.0]]
[2021.09.10-08.27.04:099][  0]LogConfig: Setting CVar [[r.Shadow.PreShadowResolutionFactor:1.0]]
[2021.09.10-08.27.04:099][  0]LogConfig: Setting CVar [[r.DistanceFieldShadowing:1]]
[2021.09.10-08.27.04:100][  0]LogConfig: Setting CVar [[r.DistanceFieldAO:1]]
[2021.09.10-08.27.04:100][  0]LogConfig: Setting CVar [[r.AOQuality:2]]
[2021.09.10-08.27.04:100][  0]LogConfig: Setting CVar [[r.VolumetricFog:1]]
[2021.09.10-08.27.04:100][  0]LogConfig: Setting CVar [[r.VolumetricFog.GridPixelSize:8]]
[2021.09.10-08.27.04:100][  0]LogConfig: Setting CVar [[r.VolumetricFog.GridSizeZ:128]]
[2021.09.10-08.27.04:100][  0]LogConfig: Setting CVar [[r.VolumetricFog.HistoryMissSupersampleCount:4]]
[2021.09.10-08.27.04:100][  0]LogConfig: Setting CVar [[r.LightMaxDrawDistanceScale:1]]
[2021.09.10-08.27.04:100][  0]LogConfig: Setting CVar [[r.CapsuleShadows:1]]
[2021.09.10-08.27.04:100][  0]LogConfig: Applying CVar settings from Section [PostProcessQuality@3] File [C:/Users/gustav.anderssongut/Documents/GitHub/Deathbattle7.0/Saved/Config/Windows/Scalability.ini]
[2021.09.10-08.27.04:100][  0]LogConfig: Setting CVar [[r.MotionBlurQuality:4]]
[2021.09.10-08.27.04:100][  0]LogConfig: Setting CVar [[r.AmbientOcclusionMipLevelFactor:0.4]]
[2021.09.10-08.27.04:100][  0]LogConfig: Setting CVar [[r.AmbientOcclusionMaxQuality:100]]
[2021.09.10-08.27.04:100][  0]LogConfig: Setting CVar [[r.AmbientOcclusionLevels:-1]]
[2021.09.10-08.27.04:100][  0]LogConfig: Setting CVar [[r.AmbientOcclusionRadiusScale:1.0]]
[2021.09.10-08.27.04:100][  0]LogConfig: Setting CVar [[r.DepthOfFieldQuality:2]]
[2021.09.10-08.27.04:100][  0]LogConfig: Setting CVar [[r.RenderTargetPoolMin:400]]
[2021.09.10-08.27.04:100][  0]LogConfig: Setting CVar [[r.LensFlareQuality:2]]
[2021.09.10-08.27.04:100][  0]LogConfig: Setting CVar [[r.SceneColorFringeQuality:1]]
[2021.09.10-08.27.04:100][  0]LogConfig: Setting CVar [[r.EyeAdaptationQuality:2]]
[2021.09.10-08.27.04:100][  0]LogConfig: Setting CVar [[r.BloomQuality:5]]
[2021.09.10-08.27.04:100][  0]LogConfig: Setting CVar [[r.FastBlurThreshold:100]]
[2021.09.10-08.27.04:100][  0]LogConfig: Setting CVar [[r.Upscale.Quality:3]]
[2021.09.10-08.27.04:100][  0]LogConfig: Setting CVar [[r.Tonemapper.GrainQuantization:1]]
[2021.09.10-08.27.04:100][  0]LogConfig: Setting CVar [[r.LightShaftQuality:1]]
[2021.09.10-08.27.04:100][  0]LogConfig: Setting CVar [[r.Filter.SizeScale:1]]
[2021.09.10-08.27.04:100][  0]LogConfig: Setting CVar [[r.Tonemapper.Quality:5]]
[2021.09.10-08.27.04:100][  0]LogConfig: Setting CVar [[r.DOF.Gather.AccumulatorQuality:1        ; higher gathering accumulator quality]]
[2021.09.10-08.27.04:100][  0]LogConfig: Setting CVar [[r.DOF.Gather.PostfilterMethod:1          ; Median3x3 postfilering method]]
[2021.09.10-08.27.04:100][  0]LogConfig: Setting CVar [[r.DOF.Gather.EnableBokehSettings:0       ; no bokeh simulation when gathering]]
[2021.09.10-08.27.04:100][  0]LogConfig: Setting CVar [[r.DOF.Gather.RingCount:4                 ; medium number of samples when gathering]]
[2021.09.10-08.27.04:100][  0]LogConfig: Setting CVar [[r.DOF.Scatter.ForegroundCompositing:1    ; additive foreground scattering]]
[2021.09.10-08.27.04:100][  0]LogConfig: Setting CVar [[r.DOF.Scatter.BackgroundCompositing:2    ; additive background scattering]]
[2021.09.10-08.27.04:100][  0]LogConfig: Setting CVar [[r.DOF.Scatter.EnableBokehSettings:1      ; bokeh simulation when scattering]]
[2021.09.10-08.27.04:100][  0]LogConfig: Setting CVar [[r.DOF.Scatter.MaxSpriteRatio:0.1         ; only a maximum of 10% of scattered bokeh]]
[2021.09.10-08.27.04:100][  0]LogConfig: Setting CVar [[r.DOF.Recombine.Quality:1                ; cheap slight out of focus]]
[2021.09.10-08.27.04:100][  0]LogConfig: Setting CVar [[r.DOF.Recombine.EnableBokehSettings:0    ; no bokeh simulation on slight out of focus]]
[2021.09.10-08.27.04:100][  0]LogConfig: Setting CVar [[r.DOF.TemporalAAQuality:1                ; more stable temporal accumulation]]
[2021.09.10-08.27.04:100][  0]LogConfig: Setting CVar [[r.DOF.Kernel.MaxForegroundRadius:0.025]]
[2021.09.10-08.27.04:100][  0]LogConfig: Setting CVar [[r.DOF.Kernel.MaxBackgroundRadius:0.025]]
[2021.09.10-08.27.04:100][  0]LogConfig: Applying CVar settings from Section [TextureQuality@3] File [C:/Users/gustav.anderssongut/Documents/GitHub/Deathbattle7.0/Saved/Config/Windows/Scalability.ini]
[2021.09.10-08.27.04:100][  0]LogConfig: Setting CVar [[r.Streaming.MipBias:0]]
[2021.09.10-08.27.04:100][  0]LogConfig: Setting CVar [[r.Streaming.AmortizeCPUToGPUCopy:0]]
[2021.09.10-08.27.04:100][  0]LogConfig: Setting CVar [[r.Streaming.MaxNumTexturesToStreamPerFrame:0]]
[2021.09.10-08.27.04:100][  0]LogConfig: Setting CVar [[r.Streaming.Boost:1]]
[2021.09.10-08.27.04:100][  0]LogConfig: Setting CVar [[r.MaxAnisotropy:8]]
[2021.09.10-08.27.04:100][  0]LogConfig: Setting CVar [[r.VT.MaxAnisotropy:8]]
[2021.09.10-08.27.04:100][  0]LogConfig: Setting CVar [[r.Streaming.LimitPoolSizeToVRAM:0]]
[2021.09.10-08.27.04:100][  0]LogConfig: Setting CVar [[r.Streaming.PoolSize:1000]]
[2021.09.10-08.27.04:100][  0]LogConfig: Setting CVar [[r.Streaming.MaxEffectiveScreenSize:0]]
[2021.09.10-08.27.04:100][  0]LogConfig: Applying CVar settings from Section [EffectsQuality@3] File [C:/Users/gustav.anderssongut/Documents/GitHub/Deathbattle7.0/Saved/Config/Windows/Scalability.ini]
[2021.09.10-08.27.04:100][  0]LogConfig: Setting CVar [[r.TranslucencyLightingVolumeDim:64]]
[2021.09.10-08.27.04:100][  0]LogConfig: Setting CVar [[r.RefractionQuality:2]]
[2021.09.10-08.27.04:100][  0]LogConfig: Setting CVar [[r.SSR.Quality:3]]
[2021.09.10-08.27.04:100][  0]LogConfig: Setting CVar [[r.SSR.HalfResSceneColor:0]]
[2021.09.10-08.27.04:100][  0]LogConfig: Setting CVar [[r.SceneColorFormat:4]]
[2021.09.10-08.27.04:100][  0]LogConfig: Setting CVar [[r.DetailMode:2]]
[2021.09.10-08.27.04:100][  0]LogConfig: Setting CVar [[r.TranslucencyVolumeBlur:1]]
[2021.09.10-08.27.04:100][  0]LogConfig: Setting CVar [[r.MaterialQualityLevel:1 ; High quality]]
[2021.09.10-08.27.04:100][  0]LogConfig: Setting CVar [[r.SSS.Scale:1]]
[2021.09.10-08.27.04:100][  0]LogConfig: Setting CVar [[r.SSS.SampleSet:2]]
[2021.09.10-08.27.04:100][  0]LogConfig: Setting CVar [[r.SSS.Quality:1]]
[2021.09.10-08.27.04:100][  0]LogConfig: Setting CVar [[r.SSS.HalfRes:0]]
[2021.09.10-08.27.04:100][  0]LogConfig: Setting CVar [[r.SSGI.Quality:3]]
[2021.09.10-08.27.04:100][  0]LogConfig: Setting CVar [[r.EmitterSpawnRateScale:1.0]]
[2021.09.10-08.27.04:100][  0]LogConfig: Setting CVar [[r.ParticleLightQuality:2]]
[2021.09.10-08.27.04:100][  0]LogConfig: Setting CVar [[r.SkyAtmosphere.AerialPerspectiveLUT.FastApplyOnOpaque:1 ; Always have FastSkyLUT 1 in this case to avoid wrong sky]]
[2021.09.10-08.27.04:100][  0]LogConfig: Setting CVar [[r.SkyAtmosphere.AerialPerspectiveLUT.SampleCountPerSlice:1]]
[2021.09.10-08.27.04:100][  0]LogConfig: Setting CVar [[r.SkyAtmosphere.AerialPerspectiveLUT.DepthResolution:16.0]]
[2021.09.10-08.27.04:100][  0]LogConfig: Setting CVar [[r.SkyAtmosphere.FastSkyLUT:1]]
[2021.09.10-08.27.04:100][  0]LogConfig: Setting CVar [[r.SkyAtmosphere.FastSkyLUT.SampleCountMin:4.0]]
[2021.09.10-08.27.04:100][  0]LogConfig: Setting CVar [[r.SkyAtmosphere.FastSkyLUT.SampleCountMax:32.0]]
[2021.09.10-08.27.04:100][  0]LogConfig: Setting CVar [[r.SkyAtmosphere.SampleCountMin:4.0]]
[2021.09.10-08.27.04:100][  0]LogConfig: Setting CVar [[r.SkyAtmosphere.SampleCountMax:32.0]]
[2021.09.10-08.27.04:100][  0]LogConfig: Setting CVar [[r.SkyAtmosphere.TransmittanceLUT.UseSmallFormat:0]]
[2021.09.10-08.27.04:100][  0]LogConfig: Setting CVar [[r.SkyAtmosphere.TransmittanceLUT.SampleCount:10.0]]
[2021.09.10-08.27.04:100][  0]LogConfig: Setting CVar [[r.SkyAtmosphere.MultiScatteringLUT.SampleCount:15.0]]
[2021.09.10-08.27.04:100][  0]LogConfig: Applying CVar settings from Section [FoliageQuality@3] File [C:/Users/gustav.anderssongut/Documents/GitHub/Deathbattle7.0/Saved/Config/Windows/Scalability.ini]
[2021.09.10-08.27.04:100][  0]LogConfig: Setting CVar [[foliage.DensityScale:1.0]]
[2021.09.10-08.27.04:100][  0]LogConfig: Setting CVar [[grass.DensityScale:1.0]]
[2021.09.10-08.27.04:100][  0]LogConfig: Applying CVar settings from Section [ShadingQuality@3] File [C:/Users/gustav.anderssongut/Documents/GitHub/Deathbattle7.0/Saved/Config/Windows/Scalability.ini]
[2021.09.10-08.27.04:100][  0]LogConfig: Setting CVar [[r.HairStrands.SkyLighting.SampleCount:16]]
[2021.09.10-08.27.04:100][  0]LogConfig: Setting CVar [[r.HairStrands.SkyLighting.JitterIntegration:0]]
[2021.09.10-08.27.04:100][  0]LogConfig: Setting CVar [[r.HairStrands.SkyAO.SampleCount:16]]
[2021.09.10-08.27.04:100][  0]LogConfig: Setting CVar [[r.HairStrands.DeepShadow.SuperSampling:0]]
[2021.09.10-08.27.04:100][  0]LogConfig: Setting CVar [[r.HairStrands.VisibilityPPLL:0]]
[2021.09.10-08.27.04:100][  0]LogConfig: Setting CVar [[r.HairStrands.RasterizationScale:0.5]]
[2021.09.10-08.27.04:100][  0]LogConfig: Setting CVar [[r.HairStrands.VelocityRasterizationScale:1]]
[2021.09.10-08.27.04:100][  0]LogConfig: Applying CVar settings from Section [Startup] File [../../../Engine/Config/ConsoleVariables.ini]
[2021.09.10-08.27.04:101][  0]LogConfig: Setting CVar [[net.UseAdaptiveNetUpdateFrequency:0]]
[2021.09.10-08.27.04:101][  0]LogConfig: Setting CVar [[p.chaos.AllowCreatePhysxBodies:1]]
[2021.09.10-08.27.04:101][  0]LogConfig: Setting CVar [[fx.SkipVectorVMBackendOptimizations:1]]
[2021.09.10-08.27.04:101][  0]LogConfig: Applying CVar settings from Section [ConsoleVariables] File [C:/Users/gustav.anderssongut/Documents/GitHub/Deathbattle7.0/Saved/Config/Windows/Engine.ini]
[2021.09.10-08.27.04:101][  0]LogInit: Computer: 5CD02327XZ
[2021.09.10-08.27.04:101][  0]LogInit: User: gustavanderssongut
[2021.09.10-08.27.04:101][  0]LogInit: CPU Page size=4096, Cores=4
[2021.09.10-08.27.04:101][  0]LogInit: High frequency timer resolution =10.000000 MHz
[2021.09.10-08.27.04:101][  0]LogMemory: Memory total: Physical=15.8GB (16GB approx)
[2021.09.10-08.27.04:101][  0]LogMemory: Platform Memory Stats for Windows
[2021.09.10-08.27.04:101][  0]LogMemory: Process Physical Memory: 113.91 MB used, 113.91 MB peak
[2021.09.10-08.27.04:101][  0]LogMemory: Process Virtual Memory: 96.48 MB used, 96.48 MB peak
[2021.09.10-08.27.04:101][  0]LogMemory: Physical Memory: 7507.30 MB used,  8714.24 MB free, 16221.54 MB total
[2021.09.10-08.27.04:101][  0]LogMemory: Virtual Memory: 5143.16 MB used,  134212584.00 MB free, 134217728.00 MB total
[2021.09.10-08.27.04:106][  0]LogWindows: WindowsPlatformFeatures enabled
[2021.09.10-08.27.04:135][  0]LogInit: Physics initialised using underlying interface: PhysX
[2021.09.10-08.27.04:136][  0]LogInit: Using OS detected language (sv-SE).
[2021.09.10-08.27.04:136][  0]LogInit: Using OS detected locale (sv-SE).
[2021.09.10-08.27.04:140][  0]LogTextLocalizationManager: No localization for 'sv-SE' exists, so 'en' will be used for the language.
[2021.09.10-08.27.04:297][  0]LogInit: Setting process to per monitor DPI aware
[2021.09.10-08.27.04:333][  0]LogSlate: New Slate User Created.  User Index 0, Is Virtual User: 0
[2021.09.10-08.27.04:333][  0]LogSlate: Slate User Registered.  User Index 0, Is Virtual User: 0
[2021.09.10-08.27.04:466][  0]LogHMD: Failed to initialize OpenVR with code 110
[2021.09.10-08.27.04:466][  0]LogD3D11RHI: D3D11 min allowed feature level: 11_0
[2021.09.10-08.27.04:466][  0]LogD3D11RHI: D3D11 max allowed feature level: 11_0
[2021.09.10-08.27.04:466][  0]LogD3D11RHI: D3D11 adapters:
[2021.09.10-08.27.04:526][  0]LogD3D11RHI:    0. 'NVIDIA GeForce MX250' (Feature Level 11_0)
[2021.09.10-08.27.04:526][  0]LogD3D11RHI:       1983/0/8110 MB DedicatedVideo/DedicatedSystem/SharedSystem, Outputs:1, VendorId:0x10de
[2021.09.10-08.27.04:547][  0]LogD3D11RHI:    1. 'Intel(R) UHD Graphics' (Feature Level 11_0)
[2021.09.10-08.27.04:547][  0]LogD3D11RHI:       128/0/8110 MB DedicatedVideo/DedicatedSystem/SharedSystem, Outputs:0, VendorId:0x8086
[2021.09.10-08.27.04:549][  0]LogD3D11RHI:    2. 'Microsoft Basic Render Driver' (Feature Level 11_0)
[2021.09.10-08.27.04:549][  0]LogD3D11RHI:       0/0/8110 MB DedicatedVideo/DedicatedSystem/SharedSystem, Outputs:0, VendorId:0x1414
[2021.09.10-08.27.04:549][  0]LogD3D11RHI: Chosen D3D11 Adapter: 0
[2021.09.10-08.27.04:563][  0]LogD3D11RHI: Creating new Direct3DDevice
[2021.09.10-08.27.04:563][  0]LogD3D11RHI:     GPU DeviceId: 0x1d13 (for the marketing name, search the web for "GPU Device Id")
[2021.09.10-08.27.04:563][  0]LogWindows: EnumDisplayDevices:
[2021.09.10-08.27.04:563][  0]LogWindows:    0. 'Intel(R) UHD Graphics' (P:1 D:1)
[2021.09.10-08.27.04:563][  0]LogWindows:    1. 'Intel(R) UHD Graphics' (P:0 D:0)
[2021.09.10-08.27.04:564][  0]LogWindows:    2. 'Intel(R) UHD Graphics' (P:0 D:0)
[2021.09.10-08.27.04:564][  0]LogWindows: DebugString: PrimaryIsNotTheChoosenAdapter PrimaryIsNotTheChoosenAdapter PrimaryIsNotTheChoosenAdapter FoundDriverCount:0 
[2021.09.10-08.27.04:564][  0]LogD3D11RHI:     Adapter Name: NVIDIA GeForce MX250
[2021.09.10-08.27.04:564][  0]LogD3D11RHI:   Driver Version: Unknown (internal:Unknown, unified:Unknown)
[2021.09.10-08.27.04:564][  0]LogD3D11RHI:      Driver Date: Unknown
[2021.09.10-08.27.04:564][  0]LogRHI: Texture pool is 1388 MB (70% of 1983 MB)
[2021.09.10-08.27.04:598][  0]LogD3D11RHI: RHI has support for 64 bit atomics
[2021.09.10-08.27.04:599][  0]LogD3D11RHI: Async texture creation enabled
[2021.09.10-08.27.04:599][  0]LogD3D11RHI: Array index from any shader is supported
[2021.09.10-08.27.04:611][  0]LogD3D11RHI: GPU Timing Frequency: 1000.000000 (Debug: 2 1)
[2021.09.10-08.27.04:867][  0]LogTargetPlatformManager: Display: Loaded TargetPlatform 'AllDesktop'
[2021.09.10-08.27.04:886][  0]LogTargetPlatformManager: Display: Loaded TargetPlatform 'Android'
[2021.09.10-08.27.04:887][  0]LogTargetPlatformManager: Display: Loaded TargetPlatform 'Android_ASTC'
[2021.09.10-08.27.04:887][  0]LogTargetPlatformManager: Display: Loaded TargetPlatform 'Android_DXT'
[2021.09.10-08.27.04:887][  0]LogTargetPlatformManager: Display: Loaded TargetPlatform 'Android_ETC2'
[2021.09.10-08.27.04:887][  0]LogTargetPlatformManager: Display: Loaded TargetPlatform 'AndroidClient'
[2021.09.10-08.27.04:887][  0]LogTargetPlatformManager: Display: Loaded TargetPlatform 'Android_ASTCClient'
[2021.09.10-08.27.04:887][  0]LogTargetPlatformManager: Display: Loaded TargetPlatform 'Android_DXTClient'
[2021.09.10-08.27.04:887][  0]LogTargetPlatformManager: Display: Loaded TargetPlatform 'Android_ETC2Client'
[2021.09.10-08.27.04:887][  0]LogTargetPlatformManager: Display: Loaded TargetPlatform 'Android_Multi'
[2021.09.10-08.27.04:887][  0]LogTargetPlatformManager: Display: Loaded TargetPlatform 'Android_MultiClient'
[2021.09.10-08.27.04:914][  0]LogTargetPlatformManager: Display: Loaded TargetPlatform 'IOSClient'
[2021.09.10-08.27.04:914][  0]LogTargetPlatformManager: Display: Loaded TargetPlatform 'IOS'
[2021.09.10-08.27.04:928][  0]LogTargetPlatformManager: Display: Loaded TargetPlatform 'Linux'
[2021.09.10-08.27.04:937][  0]LogTargetPlatformManager: Display: Loaded TargetPlatform 'LinuxNoEditor'
[2021.09.10-08.27.04:948][  0]LogTargetPlatformManager: Display: Loaded TargetPlatform 'LinuxClient'
[2021.09.10-08.27.04:957][  0]LogTargetPlatformManager: Display: Loaded TargetPlatform 'LinuxServer'
[2021.09.10-08.27.04:966][  0]LogTargetPlatformManager: Display: Loaded TargetPlatform 'LinuxAArch64NoEditor'
[2021.09.10-08.27.04:976][  0]LogTargetPlatformManager: Display: Loaded TargetPlatform 'LinuxAArch64Client'
[2021.09.10-08.27.04:986][  0]LogTargetPlatformManager: Display: Loaded TargetPlatform 'LinuxAArch64Server'
[2021.09.10-08.27.05:016][  0]LogTargetPlatformManager: Display: Loaded TargetPlatform 'Lumin'
[2021.09.10-08.27.05:016][  0]LogTargetPlatformManager: Display: Loaded TargetPlatform 'LuminClient'
[2021.09.10-08.27.05:032][  0]LogTargetPlatformManager: Display: Loaded TargetPlatform 'TVOSClient'
[2021.09.10-08.27.05:032][  0]LogTargetPlatformManager: Display: Loaded TargetPlatform 'TVOS'
[2021.09.10-08.27.05:041][  0]LogTargetPlatformManager: Display: Loaded TargetPlatform 'WindowsNoEditor'
[2021.09.10-08.27.05:054][  0]LogTargetPlatformManager: Display: Loaded TargetPlatform 'Windows'
[2021.09.10-08.27.05:063][  0]LogTargetPlatformManager: Display: Loaded TargetPlatform 'WindowsClient'
[2021.09.10-08.27.05:072][  0]LogTargetPlatformManager: Display: Loaded TargetPlatform 'WindowsServer'
[2021.09.10-08.27.05:072][  0]LogTargetPlatformManager: Display: Building Assets For Windows
[2021.09.10-08.27.05:079][  0]LogAudioDebug: Display: Lib vorbis DLL was dynamically loaded.
[2021.09.10-08.27.05:129][  0]LogShaderCompilers: Guid format shader working directory is -16 characters bigger than the processId version (../../../../../../Users/gustav.anderssongut/Documents/GitHub/Deathbattle7.0/Intermediate/Shaders/WorkingDirectory/13512/).
[2021.09.10-08.27.05:129][  0]LogShaderCompilers: Cleaned the shader compiler working directory 'C:/Users/gustav.anderssongut/AppData/Local/Temp/UnrealShaderWorkingDir/4CEFAF7C454F7577DF86099D61D1022F/'.
[2021.09.10-08.27.05:129][  0]LogXGEController: Cleaning working directory: C:/Users/gustav.anderssongut/AppData/Local/Temp/UnrealXGEWorkingDir/
[2021.09.10-08.27.05:129][  0]LogXGEController: Cannot use XGE Controller as Incredibuild is not installed on this machine.
[2021.09.10-08.27.05:130][  0]LogShaderCompilers: Cannot use XGE Shader Compiler as Incredibuild is not installed on this machine.
[2021.09.10-08.27.05:130][  0]LogShaderCompilers: Display: Using Local Shader Compiler.
[2021.09.10-08.27.05:843][  0]LogDerivedDataCache: Display: Max Cache Size: 512 MB
[2021.09.10-08.27.05:895][  0]LogDerivedDataCache: Loaded boot cache 0.05s 75MB C:/Users/gustav.anderssongut/AppData/Local/UnrealEngine/4.25/DerivedDataCache/Boot.ddc.
[2021.09.10-08.27.05:895][  0]LogDerivedDataCache: Display: Loaded Boot cache: C:/Users/gustav.anderssongut/AppData/Local/UnrealEngine/4.25/DerivedDataCache/Boot.ddc
[2021.09.10-08.27.05:895][  0]LogDerivedDataCache: FDerivedDataBackendGraph:  Pak pak cache file ../../../../../../Users/gustav.anderssongut/Documents/GitHub/Deathbattle7.0/DerivedDataCache/DDC.ddp not found, will not use a pak cache.
[2021.09.10-08.27.05:895][  0]LogDerivedDataCache: Unable to find inner node Pak for hierarchical cache Hierarchy.
[2021.09.10-08.27.05:895][  0]LogDerivedDataCache: FDerivedDataBackendGraph:  CompressedPak pak cache file ../../../../../../Users/gustav.anderssongut/Documents/GitHub/Deathbattle7.0/DerivedDataCache/Compressed.ddp not found, will not use a pak cache.
[2021.09.10-08.27.05:895][  0]LogDerivedDataCache: Unable to find inner node CompressedPak for hierarchical cache Hierarchy.
[2021.09.10-08.27.05:904][  0]LogDerivedDataCache: Display: Pak cache opened for reading ../../../Engine/DerivedDataCache/Compressed.ddp.
[2021.09.10-08.27.05:904][  0]LogDerivedDataCache: FDerivedDataBackendGraph:  EnterprisePak pak cache file ../../../Enterprise/DerivedDataCache/Compressed.ddp not found, will not use a pak cache.
[2021.09.10-08.27.05:904][  0]LogDerivedDataCache: Unable to find inner node EnterprisePak for hierarchical cache Hierarchy.
[2021.09.10-08.27.05:906][  0]LogDerivedDataCache: Using Local data cache path C:/Users/gustav.anderssongut/AppData/Local/UnrealEngine/Common/DerivedDataCache: Writable
[2021.09.10-08.27.05:906][  0]LogDerivedDataCache: Shared data cache path not found in *engine.ini, will not use an Shared cache.
[2021.09.10-08.27.05:906][  0]LogDerivedDataCache: Unable to find inner node Shared for hierarchical cache Hierarchy.
[2021.09.10-08.27.05:956][  0]LogSlate: Using FreeType 2.10.0
[2021.09.10-08.27.05:957][  0]LogSlate: SlateFontServices - WITH_FREETYPE: 1, WITH_HARFBUZZ: 1
[2021.09.10-08.27.05:983][  0]LogAssetRegistry: FAssetRegistry took 0.0024 seconds to start up
[2021.09.10-08.27.06:202][  0]LogInit: Selected Device Profile: [Windows]
[2021.09.10-08.27.06:310][  0]LogMeshReduction: Using QuadricMeshReduction for automatic static mesh reduction
[2021.09.10-08.27.06:310][  0]LogMeshReduction: Using SimplygonMeshReduction for automatic skeletal mesh reduction
[2021.09.10-08.27.06:310][  0]LogMeshReduction: Using ProxyLODMeshReduction for automatic mesh merging
[2021.09.10-08.27.06:310][  0]LogMeshReduction: No distributed automatic mesh merging module available
[2021.09.10-08.27.06:310][  0]LogMeshMerging: No distributed automatic mesh merging module available
[2021.09.10-08.27.06:325][  0]LogNetVersion: DeathBattle 1.0.0, NetCL: 13144385, EngineNetVer: 14, GameNetVer: 0 (Checksum: 2666842768)
[2021.09.10-08.27.06:759][  0]LogAISub: UAISubsystem::UAISubsystem AISubsystem (0000014604ACB880), frame # 0
[2021.09.10-08.27.06:759][  0]LogAISub: UAISubsystem::UAISubsystem AIPerceptionSystem (0000014604B007C0), frame # 0
[2021.09.10-08.27.06:760][  0]LogAISub: UAISubsystem::UAISubsystem EnvQueryManager (0000014604B29E00), frame # 0
[2021.09.10-08.27.06:800][  0]LogPackageLocalizationCache: Processed 19 localized package path(s) for 1 prioritized culture(s) in 0.035496 seconds
[2021.09.10-08.27.06:805][  0]LogUObjectArray: 15917 objects as part of root set at end of initial load.
[2021.09.10-08.27.06:805][  0]LogUObjectAllocator: 3965568 out of 0 bytes used by permanent object pool.
[2021.09.10-08.27.06:805][  0]LogUObjectArray: CloseDisregardForGC: 0/0 objects in disregard for GC pool
[2021.09.10-08.27.07:092][  0]LogTcpMessaging: Initializing TcpMessaging bridge
[2021.09.10-08.27.07:096][  0]LogUdpMessaging: Initializing bridge on interface 0.0.0.0:0 to multicast group 230.0.0.1:6666.
[2021.09.10-08.27.07:154][  0]LogLinker: Warning: Failed to load '/Game/2DSideScrollerBP/2DSideScrollerOverview': Can't find file.
[2021.09.10-08.27.07:154][  0]LogLinker: Warning: Failed to load '/Game/2DSideScrollerBP/2DSideScrollerOverview': Can't find file.
[2021.09.10-08.27.07:154][  0]LogUObjectGlobals: Warning: Failed to find object 'Class /Game/2DSideScrollerBP/2DSideScrollerOverview.2DSideScrollerOverview_C'
[2021.09.10-08.27.07:183][  0]SourceControl: Source control is disabled
[2021.09.10-08.27.07:184][  0]SourceControl: Source control is disabled
[2021.09.10-08.27.07:186][  0]SourceControl: Source control is disabled
[2021.09.10-08.27.07:189][  0]SourceControl: Source control is disabled
[2021.09.10-08.27.07:197][  0]SourceControl: Source control is disabled
[2021.09.10-08.27.07:399][  0]LogAndroidPermission: UAndroidPermissionCallbackProxy::GetInstance
[2021.09.10-08.27.07:415][  0]LogAudioCaptureCore: Display: No Audio Capture implementations found. Audio input will be silent.
[2021.09.10-08.27.07:415][  0]LogAudioCaptureCore: Display: No Audio Capture implementations found. Audio input will be silent.
[2021.09.10-08.27.07:460][  0]LogOcInput: OculusInput pre-init called
[2021.09.10-08.27.07:469][  0]LogWindows: Failed to load 'OVRPlugin.dll' (GetLastError=126)
[2021.09.10-08.27.07:469][  0]LogWindows: File 'OVRPlugin.dll' does not exist
[2021.09.10-08.27.07:523][  0]LogEngine: Initializing Engine...
[2021.09.10-08.27.07:524][  0]LogHMD: Failed to initialize OpenVR with code 110
[2021.09.10-08.27.07:524][  0]LogMagicLeap: Warning: VR disabled because ZI is not enabled.  To enable, in the editor, Edit -> Project Settings -> Plugins -> Magic Leap Plugin -> Enable Zero Iteration
[2021.09.10-08.27.07:525][  0]LogStats: UGameplayTagsManager::InitializeManager -  0.000 s
[2021.09.10-08.27.07:659][  0]LogInit: Initializing FReadOnlyCVARCache
[2021.09.10-08.27.07:671][  0]LogAIModule: Creating AISystem for world Untitled
[2021.09.10-08.27.07:671][  0]LogAISub: UAISubsystem::UAISubsystem EnvQueryManager (0000014606D67C00), frame # 0
[2021.09.10-08.27.07:671][  0]LogAISub: UAISubsystem::UAISubsystem AIPerceptionSystem (0000014606DD0680), frame # 0
[2021.09.10-08.27.07:719][  0]LogAudioMixer: Display: Audio Mixer Platform Settings:
[2021.09.10-08.27.07:719][  0]LogAudioMixer: Display: 	Sample Rate:						  48000
[2021.09.10-08.27.07:719][  0]LogAudioMixer: Display: 	Callback Buffer Frame Size Requested: 1024
[2021.09.10-08.27.07:719][  0]LogAudioMixer: Display: 	Callback Buffer Frame Size To Use:	  1024
[2021.09.10-08.27.07:719][  0]LogAudioMixer: Display: 	Number of buffers to queue:			  2
[2021.09.10-08.27.07:719][  0]LogAudioMixer: Display: 	Max Channels (voices):				  32
[2021.09.10-08.27.07:719][  0]LogAudioMixer: Display: 	Number of Async Source Workers:		  0
[2021.09.10-08.27.07:719][  0]LogAudio: Display: AudioDevice MaxSources: 32
[2021.09.10-08.27.07:719][  0]LogAudio: Display: Using built-in audio occlusion.
[2021.09.10-08.27.07:719][  0]LogAudioMixer: Display: Initializing audio mixer.
[2021.09.10-08.27.07:731][  0]LogAudioMixer: Display: 0: FrontLeft
[2021.09.10-08.27.07:731][  0]LogAudioMixer: Display: 1: FrontRight
[2021.09.10-08.27.08:058][  0]LogAudioMixer: Display: Using Audio Device Högtalare (Realtek(R) Audio)
[2021.09.10-08.27.08:061][  0]LogAudioMixer: Display: Initializing Sound Submixes...
[2021.09.10-08.27.08:062][  0]LogAudioMixer: Display: Creating Master Submix 'MasterSubmixDefault'
[2021.09.10-08.27.08:062][  0]LogAudioMixer: Display: Creating Master Submix 'MasterReverbSubmixDefault'
[2021.09.10-08.27.08:063][  0]LogAudioMixer: Display: Creating Master Submix 'MasterEQSubmixDefault'
[2021.09.10-08.27.08:064][  0]LogInit: FAudioDevice initialized.
[2021.09.10-08.27.08:064][  0]LogNetVersion: Set ProjectVersion to 1.0.0.0. Version Checksum will be recalculated on next use.
[2021.09.10-08.27.08:116][  0]LogDerivedDataCache: Saved boot cache 0.05s 75MB C:/Users/gustav.anderssongut/AppData/Local/UnrealEngine/4.25/DerivedDataCache/Boot.ddc.
[2021.09.10-08.27.08:117][  0]LogInit: Texture streaming: Enabled
[2021.09.10-08.27.08:132][  0]LogEngineSessionManager: EngineSessionManager initialized
[2021.09.10-08.27.08:132][  0]LogEditorSessionSummary: Verbose: Initializing EditorSessionSummaryWriter for editor session tracking
[2021.09.10-08.27.08:133][  0]LogEditorSessionSummary: EditorSessionSummaryWriter initialized
[2021.09.10-08.27.08:168][  0]LogInit: Transaction tracking system initialized
[2021.09.10-08.27.08:185][  0]BlueprintLog: New page: Editor Load
[2021.09.10-08.27.08:243][  0]LocalizationService: Localization service is disabled
[2021.09.10-08.27.08:373][  0]LogCook: Display: Max memory allowance for cook 16384mb min free memory 0mb
[2021.09.10-08.27.08:373][  0]LogCook: Display: Mobile HDR setting 1
[2021.09.10-08.27.08:504][  0]LogFileCache: Scanning file cache for directory 'C:/Users/gustav.anderssongut/Documents/GitHub/Deathbattle7.0/Content/' took 0.00s
[2021.09.10-08.27.08:726][  0]SourceControl: Source control is disabled
[2021.09.10-08.27.08:726][  0]LogUnrealEdMisc: Loading editor; pre map load, took 5.916
[2021.09.10-08.27.08:726][  0]Cmd: MAP LOAD FILE="../../../../../../Users/gustav.anderssongut/Documents/GitHub/Deathbattle7.0/Content/SideScrollerBP/Maps/SideScrollerExampleMap.umap" TEMPLATE=0 SHOWPROGRESS=1 FEATURELEVEL=3
[2021.09.10-08.27.08:726][  0]LightingResults: New page: Lighting Build
[2021.09.10-08.27.08:727][  0]LogWorld: UWorld::CleanupWorld for Untitled, bSessionEnded=true, bCleanupResources=true
[2021.09.10-08.27.08:727][  0]LogSlate: InvalidateAllWidgets triggered.  All widgets were invalidated
[2021.09.10-08.27.08:727][  0]MapCheck: New page: Map Check
[2021.09.10-08.27.08:727][  0]LightingResults: New page: Lighting Build
[2021.09.10-08.27.08:736][  0]LogAISub: UAISubsystem::~UAISubsystem EnvQueryManager (0000014606D67C00), frame # 0
[2021.09.10-08.27.08:736][  0]LogAISub: UAISubsystem::~UAISubsystem AIPerceptionSystem (0000014606DD0680), frame # 0
[2021.09.10-08.27.08:737][  0]LogUObjectHash: Compacting FUObjectHashTables data took   0.67ms
[2021.09.10-08.27.08:923][  0]LogAIModule: Creating AISystem for world SideScrollerExampleMap
[2021.09.10-08.27.08:923][  0]LogAISub: UAISubsystem::UAISubsystem EnvQueryManager (00000146152C1800), frame # 0
[2021.09.10-08.27.08:923][  0]LogAISub: UAISubsystem::UAISubsystem AIPerceptionSystem (00000146152C6C00), frame # 0
[2021.09.10-08.27.08:938][  0]LogEditorServer: Finished looking for orphan Actors (0.000 secs)
[2021.09.10-08.27.08:951][  0]LogUObjectHash: Compacting FUObjectHashTables data took   1.04ms
[2021.09.10-08.27.08:952][  0]Cmd: MAP CHECKDEP NOCLEARLOG
[2021.09.10-08.27.08:952][  0]MapCheck: Map check complete: 0 Error(s), 0 Warning(s), took 0,164ms to complete.
[2021.09.10-08.27.08:952][  0]LogFileHelpers: Loading map 'SideScrollerExampleMap' took 0.226
[2021.09.10-08.27.08:954][  0]LogUnrealEdMisc: Total Editor Startup Time, took 6.144
[2021.09.10-08.27.09:076][  0]LogSlate: Updating window title bar state: overlay mode, drag disabled, window buttons hidden, title bar hidden
[2021.09.10-08.27.09:082][  0]LogSlate: Updating window title bar state: overlay mode, drag disabled, window buttons hidden, title bar hidden
[2021.09.10-08.27.09:089][  0]LogSlate: Updating window title bar state: overlay mode, drag disabled, window buttons hidden, title bar hidden
[2021.09.10-08.27.09:095][  0]LogSlate: Updating window title bar state: overlay mode, drag disabled, window buttons hidden, title bar hidden
[2021.09.10-08.27.09:101][  0]LogCollectionManager: Loaded 0 collections in 0.001334 seconds
[2021.09.10-08.27.09:114][  0]LogFileCache: Scanning file cache for directory 'C:/Users/gustav.anderssongut/Documents/GitHub/Deathbattle7.0/Saved/Collections/' took 0.00s
[2021.09.10-08.27.09:114][  0]LogFileCache: Scanning file cache for directory 'C:/Users/gustav.anderssongut/Documents/GitHub/Deathbattle7.0/Content/Developers/gustavanderssongut/Collections/' took 0.00s
[2021.09.10-08.27.09:114][  0]LogFileCache: Scanning file cache for directory 'C:/Users/gustav.anderssongut/Documents/GitHub/Deathbattle7.0/Content/Collections/' took 0.00s
[2021.09.10-08.27.09:114][  0]LogContentBrowser: Native class hierarchy populated in 0.0082 seconds. Added 3436 classes and 826 folders.
[2021.09.10-08.27.09:116][  0]LogContentBrowser: Native class hierarchy updated for 'WidgetCarousel' in 0.0002 seconds. Added 0 classes and 0 folders.
[2021.09.10-08.27.09:156][  0]LogContentBrowser: Native class hierarchy updated for 'AddContentDialog' in 0.0003 seconds. Added 0 classes and 0 folders.
[2021.09.10-08.27.09:158][  0]LogContentBrowser: Native class hierarchy updated for 'SceneOutliner' in 0.0002 seconds. Added 2 classes and 0 folders.
[2021.09.10-08.27.09:220][  0]LogSlate: Took 0.000223 seconds to synchronously load lazily loaded font '../../../Engine/Content/Slate/Fonts/Roboto-Regular.ttf' (155K)
[2021.09.10-08.27.09:223][  0]LogSlate: Took 0.000458 seconds to synchronously load lazily loaded font '../../../Engine/Content/Slate/Fonts/Roboto-Bold.ttf' (160K)
[2021.09.10-08.27.09:232][  0]LogSlate: Took 0.000205 seconds to synchronously load lazily loaded font '../../../Engine/Content/Editor/Slate/Fonts/FontAwesome.ttf' (139K)
[2021.09.10-08.27.09:300][  0]LogRenderer: Reallocating scene render targets to support 1208x536 Format 10 NumSamples 1 (Frame:1).
[2021.09.10-08.27.09:531][  0]LogContentBrowser: Native class hierarchy updated for 'HierarchicalLODOutliner' in 0.0003 seconds. Added 0 classes and 0 folders.
[2021.09.10-08.27.09:532][  0]LogLoad: (Engine Initialization) Total time: 6.72 seconds
[2021.09.10-08.27.09:532][  0]LogLoad: (Engine Initialization) Total Blueprint compile time: 0.00 seconds
[2021.09.10-08.27.09:579][  0]LogAssetRegistry: Asset discovery search completed in 3.5968 seconds
[2021.09.10-08.27.09:582][  0]LogCollectionManager: Fixed up redirectors for 0 collections in 0.000002 seconds (updated 0 objects)
[2021.09.10-08.27.09:584][  0]LogContentStreaming: Texture pool size now 1000 MB
[2021.09.10-08.27.09:701][  0]LogRenderer: Reallocating scene render targets to support 1208x552 Format 10 NumSamples 1 (Frame:2).
[2021.09.10-08.27.09:701][  0]LogSlate: Took 0.000129 seconds to synchronously load lazily loaded font '../../../Engine/Content/Slate/Fonts/Roboto-Light.ttf' (167K)
[2021.09.10-08.29.05:452][282]LogSlate: Took 0.000177 seconds to synchronously load lazily loaded font '../../../Engine/Content/Slate/Fonts/Roboto-Light.ttf' (167K)
[2021.09.10-08.29.07:327][282]LogSlate: Window 'Pick Parent Class' being destroyed
[2021.09.10-08.29.23:805][896]LogFactory: FactoryCreateFile: Texture with ReimportTextureFactory (0 0 C:\Users\gustav.anderssongut\Downloads\nedladdning.png)
[2021.09.10-08.29.23:806][896]LogTexture: Display: Building textures: nedladdning (AutoDXT, 96X96)
[2021.09.10-08.29.32:190][309]LogSlate: Warning: Ignoring SetUserFocus because it's not an active modal Window (user 0 not set to SAssetView [SContentBrowser.cpp(784)].
[2021.09.10-08.29.38:838][703]LogAssetEditorSubsystem: Opening Asset editor for Blueprint /Game/Gustav/Projectile.Projectile
[2021.09.10-08.29.39:088][703]LogContentBrowser: Native class hierarchy updated for 'BlueprintGraph' in 0.0006 seconds. Added 125 classes and 0 folders.
[2021.09.10-08.29.40:163][704]LogRenderer: Reallocating scene render targets to support 1208x632 Format 10 NumSamples 1 (Frame:1).
[2021.09.10-08.29.41:014][735]LogSlate: Took 0.011148 seconds to synchronously load lazily loaded font '../../../Engine/Content/Slate/Fonts/Roboto-Italic.ttf' (157K)
[2021.09.10-08.30.21:401][895]LogEditorTransaction: Undo Make New Scene Root
[2021.09.10-08.31.32:229][642]LogEditorTransaction: Undo Make New Scene Root
[2021.09.10-08.31.32:511][649]LogEditorTransaction: Undo Make New Scene Root
[2021.09.10-08.31.32:861][661]LogEditorTransaction: Undo Make New Scene Root
[2021.09.10-08.31.41:451][108]LogEditorTransaction: Undo Add Component
[2021.09.10-08.31.41:670][112]LogEditorTransaction: Undo Attach Component
[2021.09.10-08.31.41:872][117]LogEditorTransaction: Undo Add Component
[2021.09.10-08.31.42:105][128]LogEditorTransaction: Undo Add Component
[2021.09.10-08.34.57:324][236]BlueprintLog: New page: Compile Projectile
[2021.09.10-08.34.57:400][236]LogUObjectHash: Compacting FUObjectHashTables data took   3.66ms
[2021.09.10-08.34.57:448][236]LogSlate: Took 0.015646 seconds to synchronously load lazily loaded font '../../../Engine/Content/Slate/Fonts/DroidSansMono.ttf' (77K)
[2021.09.10-08.37.09:794][832]LogUObjectHash: Compacting FUObjectHashTables data took   2.91ms
[2021.09.10-08.37.09:796][832]LogFileHelpers: Editor autosave (incl. sublevels) for '/Game/SideScrollerBP/Maps/SideScrollerExampleMap' took 0.032
[2021.09.10-08.37.09:797][832]OBJ SavePackage: Generating thumbnails for [0] asset(s) in package [/Game/Gustav/Projectile] ([1] browsable assets)...
[2021.09.10-08.37.09:797][832]OBJ SavePackage: Finished generating thumbnails for package [/Game/Gustav/Projectile]
[2021.09.10-08.37.09:811][832]LogSavePackage: Moving '../../../../../../Users/gustav.anderssongut/Documents/GitHub/Deathbattle7.0/Saved/Projectile_Auto1009F468E420CF001E9DD6A98B3B8EB00.tmp' to '../../../../../../Users/gustav.anderssongut/Documents/GitHub/Deathbattle7.0/Saved/Autosaves/Game/Gustav/Projectile_Auto1.uasset'
[2021.09.10-08.37.09:812][832]OBJ SavePackage: Generating thumbnails for [1] asset(s) in package [/Game/Gustav/nedladdning] ([1] browsable assets)...
[2021.09.10-08.37.09:814][832]OBJ SavePackage:     Rendered thumbnail for [Texture2D /Game/Gustav/nedladdning.nedladdning]
[2021.09.10-08.37.09:814][832]OBJ SavePackage: Finished generating thumbnails for package [/Game/Gustav/nedladdning]
[2021.09.10-08.37.09:817][832]LogSavePackage: Moving '../../../../../../Users/gustav.anderssongut/Documents/GitHub/Deathbattle7.0/Saved/nedladdning_Auto1FC7674D546691B7A9FFE7F90641A2691.tmp' to '../../../../../../Users/gustav.anderssongut/Documents/GitHub/Deathbattle7.0/Saved/Autosaves/Game/Gustav/nedladdning_Auto1.uasset'
[2021.09.10-08.37.09:818][832]OBJ SavePackage: Generating thumbnails for [1] asset(s) in package [/Game/Gustav/nedladdning_Sprite] ([1] browsable assets)...
[2021.09.10-08.37.09:826][832]OBJ SavePackage:     Rendered thumbnail for [PaperSprite /Game/Gustav/nedladdning_Sprite.nedladdning_Sprite]
[2021.09.10-08.37.09:826][832]OBJ SavePackage: Finished generating thumbnails for package [/Game/Gustav/nedladdning_Sprite]
[2021.09.10-08.37.09:832][832]LogSavePackage: Moving '../../../../../../Users/gustav.anderssongut/Documents/GitHub/Deathbattle7.0/Saved/nedladdning_Sprite_Auto12B2772B241B55FB50A35529510567662.tmp' to '../../../../../../Users/gustav.anderssongut/Documents/GitHub/Deathbattle7.0/Saved/Autosaves/Game/Gustav/nedladdning_Sprite_Auto1.uasset'
[2021.09.10-08.37.09:833][832]OBJ SavePackage: Generating thumbnails for [1] asset(s) in package [/Game/Gustav/bullet] ([1] browsable assets)...
[2021.09.10-08.37.09:841][832]OBJ SavePackage:     Rendered thumbnail for [PaperFlipbook /Game/Gustav/bullet.bullet]
[2021.09.10-08.37.09:841][832]OBJ SavePackage: Finished generating thumbnails for package [/Game/Gustav/bullet]
[2021.09.10-08.37.09:846][832]LogSavePackage: Moving '../../../../../../Users/gustav.anderssongut/Documents/GitHub/Deathbattle7.0/Saved/bullet_Auto168F99F89457F9854F77C49B18BC927FB.tmp' to '../../../../../../Users/gustav.anderssongut/Documents/GitHub/Deathbattle7.0/Saved/Autosaves/Game/Gustav/bullet_Auto1.uasset'
[2021.09.10-08.37.09:846][832]LogFileHelpers: Auto-saving content packages took 0.050
[2021.09.10-08.38.52:828][783]LogAssetEditorSubsystem: Opening Asset editor for Blueprint /Game/SideScrollerBP/Blueprints/SideScrollerCharacter.SideScrollerCharacter
[2021.09.10-08.38.53:346][783]LogSlate: Took 0.008623 seconds to synchronously load lazily loaded font '../../../Engine/Content/Slate/Fonts/Roboto-BoldCondensed.ttf' (158K)
[2021.09.10-08.39.17:293][ 63]LogEditorTransaction: Undo Modify Component(s)
[2021.09.10-08.39.21:397][253]LogEditorTransaction: Undo Modify Component(s)
[2021.09.10-08.40.10:480][904]BlueprintLog: New page: Compile SideScrollerCharacter
[2021.09.10-08.40.10:503][904]LogUObjectGlobals: Warning: Guid referenced by CapsuleComponent /Game/SideScrollerBP/Maps/SideScrollerExampleMap.SideScrollerExampleMap:PersistentLevel.SideScrollerCharacter_78.CollisionCylinder is already used by CapsuleComponent /Game/SideScrollerBP/Maps/SideScrollerExampleMap.SideScrollerExampleMap:PersistentLevel.REINST_SideScrollerCharacter_C_0.CollisionCylinder, which should never happen in the editor but could happen at runtime with duplicate level loading or PIE
[2021.09.10-08.40.10:503][904]LogUObjectGlobals: Warning: Guid referenced by ArrowComponent /Game/SideScrollerBP/Maps/SideScrollerExampleMap.SideScrollerExampleMap:PersistentLevel.SideScrollerCharacter_78.Arrow is already used by ArrowComponent /Game/SideScrollerBP/Maps/SideScrollerExampleMap.SideScrollerExampleMap:PersistentLevel.REINST_SideScrollerCharacter_C_0.Arrow, which should never happen in the editor but could happen at runtime with duplicate level loading or PIE
[2021.09.10-08.40.10:503][904]LogUObjectGlobals: Warning: Guid referenced by CharacterMovementComponent /Game/SideScrollerBP/Maps/SideScrollerExampleMap.SideScrollerExampleMap:PersistentLevel.SideScrollerCharacter_78.CharMoveComp is already used by CharacterMovementComponent /Game/SideScrollerBP/Maps/SideScrollerExampleMap.SideScrollerExampleMap:PersistentLevel.REINST_SideScrollerCharacter_C_0.CharMoveComp, which should never happen in the editor but could happen at runtime with duplicate level loading or PIE
[2021.09.10-08.40.10:503][904]LogUObjectGlobals: Warning: Guid referenced by SkeletalMeshComponent /Game/SideScrollerBP/Maps/SideScrollerExampleMap.SideScrollerExampleMap:PersistentLevel.SideScrollerCharacter_78.CharacterMesh0 is already used by SkeletalMeshComponent /Game/SideScrollerBP/Maps/SideScrollerExampleMap.SideScrollerExampleMap:PersistentLevel.REINST_SideScrollerCharacter_C_0.CharacterMesh0, which should never happen in the editor but could happen at runtime with duplicate level loading or PIE
[2021.09.10-08.40.10:572][904]LogUObjectHash: Compacting FUObjectHashTables data took   3.65ms
[2021.09.10-08.41.38:136][159]LogSlate: Window 'Project Settings' being destroyed
[2021.09.10-08.41.38:149][159]LogSlate: Window 'Project Settings' being destroyed
[2021.09.10-08.41.39:470][221]BlueprintLog: New page: Compile SideScrollerCharacter
[2021.09.10-08.41.39:589][221]LogUObjectHash: Compacting FUObjectHashTables data took   5.53ms
[2021.09.10-08.42.27:935][444]LogSlate: Prevented a slow task dialog from being summoned while a context menu was open
[2021.09.10-08.43.16:284][635]BlueprintLog: New page: Compile SideScrollerCharacter
[2021.09.10-08.43.16:381][635]LogUObjectHash: Compacting FUObjectHashTables data took   5.24ms
[2021.09.10-08.43.17:567][696]LogEditorViewport: Clicking on Actor (LMB): StaticMeshActor (Wall1)
[2021.09.10-08.43.19:456][781]LogUObjectHash: Compacting FUObjectHashTables data took   4.26ms
[2021.09.10-08.43.19:503][781]LogSavePackage: Moving '../../../../../../Users/gustav.anderssongut/Documents/GitHub/Deathbattle7.0/Saved/SideScrollerExampleMap805C43484EA22665673EAF9FDDCFA590.tmp' to '../../../../../../Users/gustav.anderssongut/Documents/GitHub/Deathbattle7.0/Content/SideScrollerBP/Maps/SideScrollerExampleMap.umap'
[2021.09.10-08.43.19:904][781]LogSavePackage: Moving '../../../../../../Users/gustav.anderssongut/Documents/GitHub/Deathbattle7.0/Saved/SideScrollerExampleMap_BuiltDataB9973F7E469E9B72B3B3299C3C789504.tmp' to '../../../../../../Users/gustav.anderssongut/Documents/GitHub/Deathbattle7.0/Content/SideScrollerBP/Maps/SideScrollerExampleMap_BuiltData.uasset'
[2021.09.10-08.43.19:927][781]AssetCheck: New page: Asset Save: multiple assets
[2021.09.10-08.43.19:927][781]LogContentValidation: Display: Validating World /Game/SideScrollerBP/Maps/SideScrollerExampleMap.SideScrollerExampleMap
[2021.09.10-08.43.19:927][781]LogContentValidation: Display: Validating MapBuildDataRegistry /Game/SideScrollerBP/Maps/SideScrollerExampleMap_BuiltData.SideScrollerExampleMap_BuiltData
[2021.09.10-08.43.31:947][454]LogAssetEditorSubsystem: Opening Asset editor for World /Game/Map/NewMap.NewMap
[2021.09.10-08.43.31:982][454]LogUObjectHash: Compacting FUObjectHashTables data took   3.70ms
[2021.09.10-08.43.33:690][454]LogSlate: Window 'Save Content' being destroyed
[2021.09.10-08.43.33:710][454]Cmd: OBJ SAVEPACKAGE PACKAGE="/Game/Gustav/bullet" FILE="../../../../../../Users/gustav.anderssongut/Documents/GitHub/Deathbattle7.0/Content/Gustav/bullet.uasset" SILENT=true
[2021.09.10-08.43.33:713][454]LogSavePackage: Moving '../../../../../../Users/gustav.anderssongut/Documents/GitHub/Deathbattle7.0/Saved/bullet4052E32B4421AEE349B2A4815EB8FC9A.tmp' to '../../../../../../Users/gustav.anderssongut/Documents/GitHub/Deathbattle7.0/Content/Gustav/bullet.uasset'
[2021.09.10-08.43.33:714][454]Cmd: OBJ SAVEPACKAGE PACKAGE="/Game/Gustav/nedladdning" FILE="../../../../../../Users/gustav.anderssongut/Documents/GitHub/Deathbattle7.0/Content/Gustav/nedladdning.uasset" SILENT=true
[2021.09.10-08.43.33:717][454]LogSavePackage: Moving '../../../../../../Users/gustav.anderssongut/Documents/GitHub/Deathbattle7.0/Saved/nedladdningCA6624894A7A445929571C9FA1088EDC.tmp' to '../../../../../../Users/gustav.anderssongut/Documents/GitHub/Deathbattle7.0/Content/Gustav/nedladdning.uasset'
[2021.09.10-08.43.33:723][454]Cmd: OBJ SAVEPACKAGE PACKAGE="/Game/Gustav/nedladdning_Sprite" FILE="../../../../../../Users/gustav.anderssongut/Documents/GitHub/Deathbattle7.0/Content/Gustav/nedladdning_Sprite.uasset" SILENT=true
[2021.09.10-08.43.33:726][454]LogSavePackage: Moving '../../../../../../Users/gustav.anderssongut/Documents/GitHub/Deathbattle7.0/Saved/nedladdning_Sprite7CFE134D47948C8C0B74628B2ECD2115.tmp' to '../../../../../../Users/gustav.anderssongut/Documents/GitHub/Deathbattle7.0/Content/Gustav/nedladdning_Sprite.uasset'
[2021.09.10-08.43.33:732][454]Cmd: OBJ SAVEPACKAGE PACKAGE="/Game/Gustav/Projectile" FILE="../../../../../../Users/gustav.anderssongut/Documents/GitHub/Deathbattle7.0/Content/Gustav/Projectile.uasset" SILENT=true
[2021.09.10-08.43.33:738][454]LogSavePackage: Moving '../../../../../../Users/gustav.anderssongut/Documents/GitHub/Deathbattle7.0/Saved/Projectile7DA96C4D44F2783B4A40818198008B12.tmp' to '../../../../../../Users/gustav.anderssongut/Documents/GitHub/Deathbattle7.0/Content/Gustav/Projectile.uasset'
[2021.09.10-08.43.33:740][454]Cmd: OBJ SAVEPACKAGE PACKAGE="/Game/Map/NewMap" FILE="../../../../../../Users/gustav.anderssongut/Documents/GitHub/Deathbattle7.0/Content/Map/NewMap.umap" SILENT=true AUTOSAVING=false KEEPDIRTY=false
[2021.09.10-08.43.33:778][454]LogUObjectHash: Compacting FUObjectHashTables data took   2.37ms
[2021.09.10-08.43.33:796][454]LogSavePackage: Moving '../../../../../../Users/gustav.anderssongut/Documents/GitHub/Deathbattle7.0/Saved/NewMapC87732514963C8DC7EF64FA19C076154.tmp' to '../../../../../../Users/gustav.anderssongut/Documents/GitHub/Deathbattle7.0/Content/Map/NewMap.umap'
[2021.09.10-08.43.33:803][454]LogFileHelpers: Saving map 'NewMap' took 0.063
[2021.09.10-08.43.33:803][454]Cmd: OBJ SAVEPACKAGE PACKAGE="/Game/Map/NewMap_BuiltData" FILE="../../../../../../Users/gustav.anderssongut/Documents/GitHub/Deathbattle7.0/Content/Map/NewMap_BuiltData.uasset" SILENT=true
[2021.09.10-08.43.33:818][454]LogSavePackage: Moving '../../../../../../Users/gustav.anderssongut/Documents/GitHub/Deathbattle7.0/Saved/NewMap_BuiltData84183C2347D14A769C66CFB68F57278D.tmp' to '../../../../../../Users/gustav.anderssongut/Documents/GitHub/Deathbattle7.0/Content/Map/NewMap_BuiltData.uasset'
[2021.09.10-08.43.33:978][454]LogSavePackage: Moving '../../../../../../Users/gustav.anderssongut/Documents/GitHub/Deathbattle7.0/Saved/SideScrollerCharacter5C55E708429542768C58F6A396A15A22.tmp' to '../../../../../../Users/gustav.anderssongut/Documents/GitHub/Deathbattle7.0/Content/SideScrollerBP/Blueprints/SideScrollerCharacter.uasset'
[2021.09.10-08.43.33:979][454]Cmd: MAP LOAD FILE="../../../../../../Users/gustav.anderssongut/Documents/GitHub/Deathbattle7.0/Content/Map/NewMap.umap" TEMPLATE=0 SHOWPROGRESS=1 FEATURELEVEL=3
[2021.09.10-08.43.33:980][454]LightingResults: New page: Lighting Build
[2021.09.10-08.43.33:980][454]LoadErrors: New page: Loading map: NewMap.umap
[2021.09.10-08.43.33:982][454]LogWorld: UWorld::CleanupWorld for SideScrollerExampleMap, bSessionEnded=true, bCleanupResources=true
[2021.09.10-08.43.33:982][454]LogSlate: InvalidateAllWidgets triggered.  All widgets were invalidated
[2021.09.10-08.43.33:982][454]MapCheck: New page: Map Check
[2021.09.10-08.43.33:982][454]LightingResults: New page: Lighting Build
[2021.09.10-08.43.34:013][454]LogAISub: UAISubsystem::~UAISubsystem EnvQueryManager (00000146152C1800), frame # 47454
[2021.09.10-08.43.34:013][454]LogAISub: UAISubsystem::~UAISubsystem AIPerceptionSystem (00000146152C6C00), frame # 47454
[2021.09.10-08.43.34:016][454]LogUObjectHash: Compacting FUObjectHashTables data took   2.88ms
[2021.09.10-08.43.34:029][454]LogEditorServer: Finished looking for orphan Actors (0.000 secs)
[2021.09.10-08.43.34:029][454]LogAIModule: Creating AISystem for world NewMap
[2021.09.10-08.43.34:029][454]LogAISub: UAISubsystem::UAISubsystem EnvQueryManager (000001461525DA00), frame # 47454
[2021.09.10-08.43.34:030][454]LogAISub: UAISubsystem::UAISubsystem AIPerceptionSystem (00000146B82EA340), frame # 47454
[2021.09.10-08.43.34:062][454]LogUObjectHash: Compacting FUObjectHashTables data took   4.07ms
[2021.09.10-08.43.34:091][454]Cmd: MAP CHECKDEP NOCLEARLOG
[2021.09.10-08.43.34:091][454]MapCheck: Map check complete: 0 Error(s), 0 Warning(s), took 0,217ms to complete.
[2021.09.10-08.43.34:091][454]LogFileHelpers: Loading map 'NewMap' took 0.111
[2021.09.10-08.43.34:233][454]AssetCheck: New page: Asset Save: multiple assets
[2021.09.10-08.43.34:233][454]LogContentValidation: Display: Validating PaperFlipbook /Game/Gustav/bullet.bullet
[2021.09.10-08.43.34:233][454]LogContentValidation: Display: Validating Texture2D /Game/Gustav/nedladdning.nedladdning
[2021.09.10-08.43.34:233][454]LogContentValidation: Display: Validating PaperSprite /Game/Gustav/nedladdning_Sprite.nedladdning_Sprite
[2021.09.10-08.43.34:233][454]LogContentValidation: Display: Validating Blueprint /Game/Gustav/Projectile.Projectile
[2021.09.10-08.43.34:233][454]LogContentValidation: Display: Validating World /Game/Map/NewMap.NewMap
[2021.09.10-08.43.34:233][454]LogContentValidation: Display: Validating MapBuildDataRegistry /Game/Map/NewMap_BuiltData.NewMap_BuiltData
[2021.09.10-08.43.34:233][454]LogContentValidation: Display: Validating Blueprint /Game/SideScrollerBP/Blueprints/SideScrollerCharacter.SideScrollerCharacter
[2021.09.10-08.43.36:013][551]LogTemp: Repeating last play command: Selected Viewport
[2021.09.10-08.43.36:031][551]LogPlayLevel: PlayLevel: No blueprints needed recompiling
[2021.09.10-08.43.36:031][551]PIE: New page: PIE session: NewMap (10 sep. 2021 12:43:36)
[2021.09.10-08.43.36:032][551]LogOnline: OSS: Creating online subsystem instance for: NULL
[2021.09.10-08.43.36:034][551]LogOnline: OSS: TryLoadSubsystemAndSetDefault: Loaded subsystem for module [NULL]
[2021.09.10-08.43.36:034][551]LogPlayLevel: Creating play world package: /Game/Map/UEDPIE_0_NewMap
[2021.09.10-08.43.36:038][551]LogPlayLevel: PIE: StaticDuplicateObject took: (0.004215s)
[2021.09.10-08.43.36:039][551]LogAIModule: Creating AISystem for world NewMap
[2021.09.10-08.43.36:040][551]LogAISub: UAISubsystem::UAISubsystem EnvQueryManager (00000146ADBE7800), frame # 47551
[2021.09.10-08.43.36:040][551]LogAISub: UAISubsystem::UAISubsystem AIPerceptionSystem (0000014603F234C0), frame # 47551
[2021.09.10-08.43.36:040][551]LogPlayLevel: PIE: World Init took: (0.001656s)
[2021.09.10-08.43.36:040][551]LogPlayLevel: PIE: Created PIE world by copying editor world from /Game/Map/NewMap.NewMap to /Game/Map/UEDPIE_0_NewMap.NewMap (0.006045s)
[2021.09.10-08.43.36:079][551]LogUObjectHash: Compacting FUObjectHashTables data took   4.72ms
[2021.09.10-08.43.36:080][551]LogAudioMixer: Display: Audio Mixer Platform Settings:
[2021.09.10-08.43.36:080][551]LogAudioMixer: Display: 	Sample Rate:						  48000
[2021.09.10-08.43.36:080][551]LogAudioMixer: Display: 	Callback Buffer Frame Size Requested: 1024
[2021.09.10-08.43.36:080][551]LogAudioMixer: Display: 	Callback Buffer Frame Size To Use:	  1024
[2021.09.10-08.43.36:081][551]LogAudioMixer: Display: 	Number of buffers to queue:			  2
[2021.09.10-08.43.36:081][551]LogAudioMixer: Display: 	Max Channels (voices):				  32
[2021.09.10-08.43.36:081][551]LogAudioMixer: Display: 	Number of Async Source Workers:		  0
[2021.09.10-08.43.36:081][551]LogAudio: Display: AudioDevice MaxSources: 32
[2021.09.10-08.43.36:081][551]LogAudio: Display: Using built-in audio occlusion.
[2021.09.10-08.43.36:081][551]LogAudioMixer: Display: Initializing audio mixer.
[2021.09.10-08.43.36:085][551]LogAudioMixer: Display: 0: FrontLeft
[2021.09.10-08.43.36:085][551]LogAudioMixer: Display: 1: FrontRight
[2021.09.10-08.43.36:114][551]LogAudioMixer: Display: Using Audio Device Högtalare (Realtek(R) Audio)
[2021.09.10-08.43.36:114][551]LogAudioMixer: Display: Initializing Sound Submixes...
[2021.09.10-08.43.36:115][551]LogAudioMixer: Display: Creating Master Submix 'MasterSubmixDefault'
[2021.09.10-08.43.36:115][551]LogAudioMixer: Display: Creating Master Submix 'MasterReverbSubmixDefault'
[2021.09.10-08.43.36:115][551]LogAudioMixer: Display: Creating Master Submix 'MasterEQSubmixDefault'
[2021.09.10-08.43.36:136][551]LogInit: FAudioDevice initialized.
[2021.09.10-08.43.36:151][551]LogLoad: Game class is 'SideScrollerGameMode_C'
[2021.09.10-08.43.36:155][551]LogWorld: Bringing World /Game/Map/UEDPIE_0_NewMap.NewMap up for play (max tick rate 60) at 2021.09.10-10.43.36
[2021.09.10-08.43.36:155][551]LogWorld: Bringing up level for play took: 0.001923
[2021.09.10-08.43.36:155][551]LogOnline: OSS: Creating online subsystem instance for: :Context_7
[2021.09.10-08.43.36:175][551]LogContentBrowser: Native class hierarchy updated for 'MovieSceneCapture' in 0.0005 seconds. Added 20 classes and 0 folders.
[2021.09.10-08.43.36:176][551]PIE: Server logged in
[2021.09.10-08.43.36:178][551]PIE: Play in editor total start time 0,147 seconds.
[2021.09.10-08.52.42:044][193]LogProjectileMovement: Warning: Projectile_C_10 is outside the world bounds!
[2021.09.10-08.52.50:134][676]LogProjectileMovement: Warning: Projectile_C_45 is outside the world bounds!
[2021.09.10-08.52.50:301][686]LogProjectileMovement: Warning: Projectile_C_46 is outside the world bounds!
[2021.09.10-08.52.50:434][694]LogProjectileMovement: Warning: Projectile_C_47 is outside the world bounds!
[2021.09.10-08.52.52:184][799]LogProjectileMovement: Warning: Projectile_C_52 is outside the world bounds!
[2021.09.10-08.52.53:017][849]LogProjectileMovement: Warning: Projectile_C_57 is outside the world bounds!
[2021.09.10-08.52.53:617][885]LogProjectileMovement: Warning: Projectile_C_60 is outside the world bounds!
[2021.09.10-08.52.54:100][914]LogProjectileMovement: Warning: Projectile_C_62 is outside the world bounds!
[2021.09.10-08.52.54:517][939]LogProjectileMovement: Warning: Projectile_C_64 is outside the world bounds!
[2021.09.10-08.52.57:836][138]LogProjectileMovement: Warning: Projectile_C_90 is outside the world bounds!
[2021.09.10-08.52.58:235][162]LogProjectileMovement: Warning: Projectile_C_93 is outside the world bounds!
[2021.09.10-08.52.59:385][231]LogProjectileMovement: Warning: Projectile_C_99 is outside the world bounds!
[2021.09.10-08.53.00:401][292]LogProjectileMovement: Warning: Projectile_C_104 is outside the world bounds!
[2021.09.10-08.53.02:851][439]LogProjectileMovement: Warning: Projectile_C_105 is outside the world bounds!
[2021.09.10-08.53.03:685][489]LogProjectileMovement: Warning: Projectile_C_110 is outside the world bounds!
[2021.09.10-08.53.04:785][555]LogProjectileMovement: Warning: Projectile_C_116 is outside the world bounds!
[2021.09.10-08.53.05:818][617]LogProjectileMovement: Warning: Projectile_C_121 is outside the world bounds!
[2021.09.10-08.53.06:268][644]LogProjectileMovement: Warning: Projectile_C_123 is outside the world bounds!
[2021.09.10-08.53.07:151][697]LogProjectileMovement: Warning: Projectile_C_126 is outside the world bounds!
[2021.09.10-08.53.07:635][726]LogProjectileMovement: Warning: Projectile_C_127 is outside the world bounds!
[2021.09.10-08.53.08:368][770]LogProjectileMovement: Warning: Projectile_C_128 is outside the world bounds!
[2021.09.10-08.53.08:818][797]LogProjectileMovement: Warning: Projectile_C_129 is outside the world bounds!
[2021.09.10-08.53.09:085][813]LogProjectileMovement: Warning: Projectile_C_130 is outside the world bounds!
[2021.09.10-08.53.09:368][830]LogProjectileMovement: Warning: Projectile_C_131 is outside the world bounds!
[2021.09.10-08.53.09:602][844]LogProjectileMovement: Warning: Projectile_C_132 is outside the world bounds!
[2021.09.10-08.53.09:785][855]LogProjectileMovement: Warning: Projectile_C_133 is outside the world bounds!
[2021.09.10-08.53.09:968][866]LogProjectileMovement: Warning: Projectile_C_134 is outside the world bounds!
[2021.09.10-08.53.10:268][884]LogProjectileMovement: Warning: Projectile_C_135 is outside the world bounds!
[2021.09.10-08.54.02:106][989]LogSlate: Updating window title bar state: overlay mode, drag disabled, window buttons hidden, title bar hidden
[2021.09.10-08.54.02:106][989]LogWorld: BeginTearingDown for /Game/Map/UEDPIE_0_NewMap
[2021.09.10-08.54.02:106][989]LogWorld: UWorld::CleanupWorld for NewMap, bSessionEnded=true, bCleanupResources=true
[2021.09.10-08.54.02:107][989]LogSlate: InvalidateAllWidgets triggered.  All widgets were invalidated
[2021.09.10-08.54.02:117][989]LogPlayLevel: Display: Shutting down PIE online subsystems
[2021.09.10-08.54.02:122][989]LogSlate: InvalidateAllWidgets triggered.  All widgets were invalidated
[2021.09.10-08.54.02:170][989]LogSlate: Updating window title bar state: overlay mode, drag disabled, window buttons hidden, title bar hidden
[2021.09.10-08.54.02:172][989]LogAISub: UAISubsystem::~UAISubsystem AIPerceptionSystem (0000014603F234C0), frame # 84989
[2021.09.10-08.54.02:172][989]LogAISub: UAISubsystem::~UAISubsystem EnvQueryManager (00000146ADBE7800), frame # 84989
[2021.09.10-08.54.02:178][989]LogUObjectHash: Compacting FUObjectHashTables data took   6.26ms
[2021.09.10-08.54.02:211][990]LogPlayLevel: Display: Destroying online subsystem :Context_7
[2021.09.10-08.54.03:173][ 42]Cmd: OBJ SAVEPACKAGE PACKAGE="/Game/Map/NewMap" FILE="../../../../../../Users/gustav.anderssongut/Documents/GitHub/Deathbattle7.0/Content/Map/NewMap.umap" SILENT=true AUTOSAVING=false KEEPDIRTY=false
[2021.09.10-08.54.03:209][ 42]LogUObjectHash: Compacting FUObjectHashTables data took   3.01ms
[2021.09.10-08.54.03:233][ 42]LogSavePackage: Moving '../../../../../../Users/gustav.anderssongut/Documents/GitHub/Deathbattle7.0/Saved/NewMap346ED06847CC57A704D5EA94D741A671.tmp' to '../../../../../../Users/gustav.anderssongut/Documents/GitHub/Deathbattle7.0/Content/Map/NewMap.umap'
[2021.09.10-08.54.03:258][ 42]Cmd: OBJ SAVEPACKAGE PACKAGE="/Game/Map/NewMap_BuiltData" FILE="../../../../../../Users/gustav.anderssongut/Documents/GitHub/Deathbattle7.0/Content/Map/NewMap_BuiltData.uasset" SILENT=true
[2021.09.10-08.54.03:274][ 42]LogSavePackage: Moving '../../../../../../Users/gustav.anderssongut/Documents/GitHub/Deathbattle7.0/Saved/NewMap_BuiltData91991DF7454C1CD2FD41C5A00BEBDEC2.tmp' to '../../../../../../Users/gustav.anderssongut/Documents/GitHub/Deathbattle7.0/Content/Map/NewMap_BuiltData.uasset'
[2021.09.10-08.54.03:297][ 42]AssetCheck: New page: Asset Save: multiple assets
[2021.09.10-08.54.03:297][ 42]LogContentValidation: Display: Validating World /Game/Map/NewMap.NewMap
[2021.09.10-08.54.03:297][ 42]LogContentValidation: Display: Validating MapBuildDataRegistry /Game/Map/NewMap_BuiltData.NewMap_BuiltData
