Log file open, 10/07/21 09:31:18
LogInit: Display: Running engine for game: DeathBattle
LogPlatformFile: Not using cached read wrapper
LogTaskGraph: Started task graph with 5 named threads and 23 total threads with 3 sets of task threads.
LogStats: Stats thread started at 0.292364
LogD3D11RHI: Loaded GFSDK_Aftermath_Lib.x64.dll
LogICUInternationalization: ICU TimeZone Detection - Raw Offset: +1:00, Platform Override: ''
LogPluginManager: Mounting plugin Paper2D
LogPluginManager: Mounting plugin AISupport
LogPluginManager: Mounting plugin LightPropagationVolume
LogPluginManager: Mounting plugin CameraShakePreviewer
LogPluginManager: Mounting plugin ActorLayerUtilities
LogPluginManager: Mounting plugin AnimationSharing
LogPluginManager: Mounting plugin CLionSourceCodeAccess
LogPluginManager: Mounting plugin CodeLiteSourceCodeAccess
LogPluginManager: Mounting plugin GitSourceControl
LogPluginManager: Mounting plugin KDevelopSourceCodeAccess
LogPluginManager: Mounting plugin NullSourceCodeAccess
LogPluginManager: Mounting plugin PerforceSourceControl
LogPluginManager: Mounting plugin PlasticSourceControl
LogPluginManager: Mounting plugin RiderSourceCodeAccess
LogPluginManager: Mounting plugin SubversionSourceControl
LogPluginManager: Mounting plugin UObjectPlugin
LogPluginManager: Mounting plugin VisualStudioCodeSourceCodeAccess
LogPluginManager: Mounting plugin VisualStudioSourceCodeAccess
LogPluginManager: Mounting plugin XCodeSourceCodeAccess
LogPluginManager: Mounting plugin AssetManagerEditor
LogPluginManager: Mounting plugin CryptoKeys
LogPluginManager: Mounting plugin CurveEditorTools
LogPluginManager: Mounting plugin DataValidation
LogPluginManager: Mounting plugin EditorScriptingUtilities
LogPluginManager: Mounting plugin FacialAnimation
LogPluginManager: Mounting plugin GameplayTagsEditor
LogPluginManager: Mounting plugin GeometryMode
LogPluginManager: Mounting plugin MacGraphicsSwitching
LogPluginManager: Mounting plugin MaterialAnalyzer
LogPluginManager: Mounting plugin MobileLauncherProfileWizard
LogPluginManager: Mounting plugin PluginBrowser
LogPluginManager: Mounting plugin SpeedTreeImporter
LogPluginManager: Mounting plugin DatasmithContent
LogPluginManager: Mounting plugin VariantManagerContent
LogPluginManager: Mounting plugin AlembicImporter
LogPluginManager: Mounting plugin AutomationUtils
LogPluginManager: Mounting plugin BackChannel
LogPluginManager: Mounting plugin ChaosCloth
LogPluginManager: Mounting plugin ChaosClothEditor
LogPluginManager: Mounting plugin ChaosEditor
LogPluginManager: Mounting plugin ChaosNiagara
LogPluginManager: Mounting plugin ChaosSolverPlugin
LogPluginManager: Mounting plugin CharacterAI
LogPluginManager: Mounting plugin GeometryCache
LogPluginManager: Mounting plugin GeometryCollectionPlugin
LogPluginManager: Mounting plugin GeometryProcessing
LogPluginManager: Mounting plugin PlanarCut
LogPluginManager: Mounting plugin PlatformCrypto
LogPluginManager: Mounting plugin ProxyLODPlugin
LogPluginManager: Mounting plugin SkeletalReduction
LogPluginManager: Mounting plugin Niagara
LogPluginManager: Mounting plugin MagicLeap
LogPluginManager: Mounting plugin MagicLeapLightEstimation
LogPluginManager: Mounting plugin MagicLeapMedia
LogPluginManager: Mounting plugin MagicLeapPassableWorld
LogPluginManager: Mounting plugin MLSDK
LogPluginManager: Mounting plugin AndroidMedia
LogPluginManager: Mounting plugin AvfMedia
LogPluginManager: Mounting plugin ImgMedia
LogPluginManager: Mounting plugin MediaCompositing
LogPluginManager: Mounting plugin MediaPlayerEditor
LogPluginManager: Mounting plugin WebMMedia
LogPluginManager: Mounting plugin WmfMedia
LogPluginManager: Mounting plugin MeshPainting
LogPluginManager: Mounting plugin TcpMessaging
LogPluginManager: Mounting plugin UdpMessaging
LogPluginManager: Mounting plugin ActorSequence
LogPluginManager: Mounting plugin LevelSequenceEditor
LogPluginManager: Mounting plugin MatineeToLevelSequence
LogPluginManager: Mounting plugin MovieRenderPipeline
LogPluginManager: Mounting plugin TemplateSequence
LogPluginManager: Mounting plugin NetcodeUnitTest
LogPluginManager: Mounting plugin NUTUnrealEngine4
LogPluginManager: Mounting plugin OnlineSubsystemGooglePlay
LogPluginManager: Mounting plugin OnlineSubsystemIOS
LogPluginManager: Mounting plugin OnlineSubsystem
LogPluginManager: Mounting plugin OnlineSubsystemNull
LogPluginManager: Mounting plugin OnlineSubsystemUtils
LogPluginManager: Mounting plugin LauncherChunkInstaller
LogPluginManager: Mounting plugin AndroidDeviceProfileSelector
LogPluginManager: Mounting plugin AndroidMoviePlayer
LogPluginManager: Mounting plugin AndroidPermission
LogPluginManager: Mounting plugin ApexDestruction
LogPluginManager: Mounting plugin AppleImageUtils
LogPluginManager: Mounting plugin AppleMoviePlayer
LogPluginManager: Mounting plugin ArchVisCharacter
LogPluginManager: Mounting plugin AssetTags
LogPluginManager: Mounting plugin AudioCapture
LogPluginManager: Mounting plugin CableComponent
LogPluginManager: Mounting plugin CustomMeshComponent
LogPluginManager: Mounting plugin EditableMesh
LogPluginManager: Mounting plugin ExampleDeviceProfileSelector
LogPluginManager: Mounting plugin GoogleCloudMessaging
LogPluginManager: Mounting plugin GooglePAD
LogPluginManager: Mounting plugin IOSDeviceProfileSelector
LogPluginManager: Mounting plugin LinuxDeviceProfileSelector
LogPluginManager: Mounting plugin LocationServicesBPLibrary
LogPluginManager: Mounting plugin MobilePatchingUtils
LogPluginManager: Mounting plugin OculusVR
LogPluginManager: Mounting plugin PhysXVehicles
LogPluginManager: Mounting plugin PostSplashScreen
LogPluginManager: Mounting plugin ProceduralMeshComponent
LogPluginManager: Mounting plugin RuntimePhysXCooking
LogPluginManager: Mounting plugin SignificanceManager
LogPluginManager: Mounting plugin SoundFields
LogPluginManager: Mounting plugin SteamVR
LogPluginManager: Mounting plugin Synthesis
LogPluginManager: Mounting plugin WebMMoviePlayer
LogPluginManager: Mounting plugin WindowsMoviePlayer
LogPluginManager: Mounting plugin ScreenshotTools
LogInit: Using libcurl 7.55.1-DEV
LogInit:  - built for x86_64-pc-win32
LogInit:  - supports SSL with OpenSSL/1.1.1
LogInit:  - supports HTTP deflate (compression) using libz 1.2.8
LogInit:  - other features:
LogInit:      CURL_VERSION_SSL
LogInit:      CURL_VERSION_LIBZ
LogInit:      CURL_VERSION_IPV6
LogInit:      CURL_VERSION_ASYNCHDNS
LogInit:      CURL_VERSION_LARGEFILE
LogInit:      CURL_VERSION_IDN
LogInit:  CurlRequestOptions (configurable via config and command line):
LogInit:  - bVerifyPeer = true  - Libcurl will verify peer certificate
LogInit:  - bUseHttpProxy = false  - Libcurl will NOT use HTTP proxy
LogInit:  - bDontReuseConnections = false  - Libcurl will reuse connections
LogInit:  - MaxHostConnections = 16  - Libcurl will limit the number of connections to a host
LogInit:  - LocalHostAddr = Default
LogInit:  - BufferSize = 65536
LogOnline: OSS: Creating online subsystem instance for: NULL
LogInit: WinSock: version 1.1 (2.2), MaxSocks=32767, MaxUdp=65467
LogOnline: OSS: TryLoadSubsystemAndSetDefault: Loaded subsystem for module [NULL]
LogInit: Build: ++UE4+Release-4.25-CL-14469661
LogInit: Engine Version: 4.25.4-14469661+++UE4+Release-4.25
LogInit: Compatible Engine Version: 4.25.0-13144385+++UE4+Release-4.25
LogInit: Net CL: 13144385
LogInit: OS: Windows 10 (Release 1909) (), CPU: Intel(R) Core(TM) i5-8265U CPU @ 1.60GHz, GPU: Intel(R) UHD Graphics 620
LogInit: Compiled (64-bit): Oct 11 2020 08:10:49
LogInit: Compiled with Visual C++: 19.24.28315.00
LogInit: Build Configuration: Development
LogInit: Branch Name: ++UE4+Release-4.25
LogInit: Command Line:  /Game/Map/Moon -game -PIEVIACONSOLE -Multiprocess GameUserSettingsINI=C:/Users/rasmus.jacobsson/Documents/GitHub/Deathbattle7.0/Saved/Config/Windows/PIEGameUserSettings0.ini -MultiprocessSaveConfig -MultiprocessOSS -messaging -SessionName="Play in Standalone Game" -windowed -ResX=1280 -ResY=720
LogInit: Base Directory: C:/Unreal/UE_4.25/Engine/Binaries/Win64/
LogInit: Allocator: TBB
LogInit: Installed Engine Build: 1
LogDevObjectVersion: Number of dev versions registered: 26
LogDevObjectVersion:   Dev-Blueprints (B0D832E4-1F89-4F0D-ACCF-7EB736FD4AA2): 10
LogDevObjectVersion:   Dev-Build (E1C64328-A22C-4D53-A36C-8E866417BD8C): 0
LogDevObjectVersion:   Dev-Core (375EC13C-06E4-48FB-B500-84F0262A717E): 4
LogDevObjectVersion:   Dev-Editor (E4B068ED-F494-42E9-A231-DA0B2E46BB41): 38
LogDevObjectVersion:   Dev-Framework (CFFC743F-43B0-4480-9391-14DF171D2073): 37
LogDevObjectVersion:   Dev-Mobile (B02B49B5-BB20-44E9-A304-32B752E40360): 2
LogDevObjectVersion:   Dev-Networking (A4E4105C-59A1-49B5-A7C5-40C4547EDFEE): 0
LogDevObjectVersion:   Dev-Online (39C831C9-5AE6-47DC-9A44-9C173E1C8E7C): 0
LogDevObjectVersion:   Dev-Physics (78F01B33-EBEA-4F98-B9B4-84EACCB95AA2): 4
LogDevObjectVersion:   Dev-Platform (6631380F-2D4D-43E0-8009-CF276956A95A): 0
LogDevObjectVersion:   Dev-Rendering (12F88B9F-8875-4AFC-A67C-D90C383ABD29): 43
LogDevObjectVersion:   Dev-Sequencer (7B5AE74C-D270-4C10-A958-57980B212A5A): 12
LogDevObjectVersion:   Dev-VR (D7296918-1DD6-4BDD-9DE2-64A83CC13884): 3
LogDevObjectVersion:   Dev-LoadTimes (C2A15278-BFE7-4AFE-6C17-90FF531DF755): 1
LogDevObjectVersion:   Private-Geometry (6EACA3D4-40EC-4CC1-B786-8BED09428FC5): 3
LogDevObjectVersion:   Dev-AnimPhys (29E575DD-E0A3-4627-9D10-D276232CDCEA): 17
LogDevObjectVersion:   Dev-Anim (AF43A65D-7FD3-4947-9873-3E8ED9C1BB05): 7
LogDevObjectVersion:   Dev-ReflectionCapture (6B266CEC-1EC7-4B8F-A30B-E4D90942FC07): 1
LogDevObjectVersion:   Dev-Automation (0DF73D61-A23F-47EA-B727-89E90C41499A): 1
LogDevObjectVersion:   FortniteMain (601D1886-AC64-4F84-AA16-D3DE0DEAC7D6): 31
LogDevObjectVersion:   Dev-Enterprise (9DFFBCD6-494F-0158-E221-12823C92A888): 10
LogDevObjectVersion:   Dev-Niagara (F2AED0AC-9AFE-416F-8664-AA7FFA26D6FC): 1
LogDevObjectVersion:   Dev-Destruction (174F1F0B-B4C6-45A5-B13F-2EE8D0FB917D): 10
LogDevObjectVersion:   Dev-Physics-Ext (35F94A83-E258-406C-A318-09F59610247C): 37
LogDevObjectVersion:   Dev-PhysicsMaterial-Chaos (B68FC16E-8B1B-42E2-B453-215C058844FE): 1
LogDevObjectVersion:   Dev-CineCamera (B2E18506-4273-CFC2-A54E-F4BB758BBA07): 1
LogInit: Presizing for max 25165824 objects, including 0 objects not considered by GC, pre-allocating 0 bytes for permanent pool.
LogConfig: Applying CVar settings from Section [/Script/Engine.StreamingSettings] File [C:/Users/rasmus.jacobsson/Documents/GitHub/Deathbattle7.0/Saved/Config/Windows/Engine.ini]
LogConfig: Setting CVar [[s.MinBulkDataSizeForAsyncLoading:131072]]
LogConfig: Setting CVar [[s.AsyncLoadingThreadEnabled:0]]
LogConfig: Setting CVar [[s.EventDrivenLoaderEnabled:1]]
LogConfig: Setting CVar [[s.WarnIfTimeLimitExceeded:0]]
LogConfig: Setting CVar [[s.TimeLimitExceededMultiplier:1.5]]
LogConfig: Setting CVar [[s.TimeLimitExceededMinTime:0.005]]
LogConfig: Setting CVar [[s.UseBackgroundLevelStreaming:1]]
LogConfig: Setting CVar [[s.PriorityAsyncLoadingExtraTime:15.0]]
LogConfig: Setting CVar [[s.LevelStreamingActorsUpdateTimeLimit:5.0]]
LogConfig: Setting CVar [[s.PriorityLevelStreamingActorsUpdateExtraTime:5.0]]
LogConfig: Setting CVar [[s.LevelStreamingComponentsRegistrationGranularity:10]]
LogConfig: Setting CVar [[s.UnregisterComponentsTimeLimit:1.0]]
LogConfig: Setting CVar [[s.LevelStreamingComponentsUnregistrationGranularity:5]]
LogConfig: Setting CVar [[s.FlushStreamingOnExit:1]]
LogInit: Object subsystem initialized
LogConfig: Setting CVar [[con.DebugEarlyDefault:1]]
LogConfig: Setting CVar [[r.setres:1280x720]]
[2021.10.07-07.31.18:872][  0]LogConfig: Setting CVar [[con.DebugEarlyDefault:1]]
[2021.10.07-07.31.18:872][  0]LogConfig: Setting CVar [[r.setres:1280x720]]
[2021.10.07-07.31.18:872][  0]LogConfig: Applying CVar settings from Section [/Script/Engine.RendererSettings] File [C:/Users/rasmus.jacobsson/Documents/GitHub/Deathbattle7.0/Saved/Config/Windows/Engine.ini]
[2021.10.07-07.31.18:872][  0]LogConfig: Setting CVar [[r.GPUCrashDebugging:0]]
[2021.10.07-07.31.18:872][  0]LogConfig: Applying CVar settings from Section [/Script/Engine.RendererOverrideSettings] File [C:/Users/rasmus.jacobsson/Documents/GitHub/Deathbattle7.0/Saved/Config/Windows/Engine.ini]
[2021.10.07-07.31.18:872][  0]LogConfig: Applying CVar settings from Section [/Script/Engine.StreamingSettings] File [C:/Users/rasmus.jacobsson/Documents/GitHub/Deathbattle7.0/Saved/Config/Windows/Engine.ini]
[2021.10.07-07.31.18:872][  0]LogConfig: Setting CVar [[s.MinBulkDataSizeForAsyncLoading:131072]]
[2021.10.07-07.31.18:872][  0]LogConfig: Setting CVar [[s.AsyncLoadingThreadEnabled:0]]
[2021.10.07-07.31.18:872][  0]LogConfig: Setting CVar [[s.EventDrivenLoaderEnabled:1]]
[2021.10.07-07.31.18:872][  0]LogConfig: Setting CVar [[s.WarnIfTimeLimitExceeded:0]]
[2021.10.07-07.31.18:872][  0]LogConfig: Setting CVar [[s.TimeLimitExceededMultiplier:1.5]]
[2021.10.07-07.31.18:872][  0]LogConfig: Setting CVar [[s.TimeLimitExceededMinTime:0.005]]
[2021.10.07-07.31.18:872][  0]LogConfig: Setting CVar [[s.UseBackgroundLevelStreaming:1]]
[2021.10.07-07.31.18:872][  0]LogConfig: Setting CVar [[s.PriorityAsyncLoadingExtraTime:15.0]]
[2021.10.07-07.31.18:872][  0]LogConfig: Setting CVar [[s.LevelStreamingActorsUpdateTimeLimit:5.0]]
[2021.10.07-07.31.18:872][  0]LogConfig: Setting CVar [[s.PriorityLevelStreamingActorsUpdateExtraTime:5.0]]
[2021.10.07-07.31.18:873][  0]LogConfig: Setting CVar [[s.LevelStreamingComponentsRegistrationGranularity:10]]
[2021.10.07-07.31.18:873][  0]LogConfig: Setting CVar [[s.UnregisterComponentsTimeLimit:1.0]]
[2021.10.07-07.31.18:873][  0]LogConfig: Setting CVar [[s.LevelStreamingComponentsUnregistrationGranularity:5]]
[2021.10.07-07.31.18:873][  0]LogConfig: Setting CVar [[s.FlushStreamingOnExit:1]]
[2021.10.07-07.31.18:873][  0]LogConfig: Applying CVar settings from Section [/Script/Engine.GarbageCollectionSettings] File [C:/Users/rasmus.jacobsson/Documents/GitHub/Deathbattle7.0/Saved/Config/Windows/Engine.ini]
[2021.10.07-07.31.18:873][  0]LogConfig: Setting CVar [[gc.MaxObjectsNotConsideredByGC:1]]
[2021.10.07-07.31.18:873][  0]LogConfig: Setting CVar [[gc.SizeOfPermanentObjectPool:0]]
[2021.10.07-07.31.18:873][  0]LogConfig: Setting CVar [[gc.FlushStreamingOnGC:0]]
[2021.10.07-07.31.18:873][  0]LogConfig: Setting CVar [[gc.NumRetriesBeforeForcingGC:10]]
[2021.10.07-07.31.18:873][  0]LogConfig: Setting CVar [[gc.AllowParallelGC:1]]
[2021.10.07-07.31.18:873][  0]LogConfig: Setting CVar [[gc.TimeBetweenPurgingPendingKillObjects:61.1]]
[2021.10.07-07.31.18:873][  0]LogConfig: Setting CVar [[gc.MaxObjectsInEditor:25165824]]
[2021.10.07-07.31.18:873][  0]LogConfig: Setting CVar [[gc.IncrementalBeginDestroyEnabled:1]]
[2021.10.07-07.31.18:873][  0]LogConfig: Setting CVar [[gc.CreateGCClusters:1]]
[2021.10.07-07.31.18:873][  0]LogConfig: Setting CVar [[gc.MinGCClusterSize:5]]
[2021.10.07-07.31.18:873][  0]LogConfig: Setting CVar [[gc.ActorClusteringEnabled:0]]
[2021.10.07-07.31.18:873][  0]LogConfig: Setting CVar [[gc.BlueprintClusteringEnabled:0]]
[2021.10.07-07.31.18:873][  0]LogConfig: Setting CVar [[gc.UseDisregardForGCOnDedicatedServers:0]]
[2021.10.07-07.31.18:873][  0]LogConfig: Applying CVar settings from Section [/Script/Engine.NetworkSettings] File [C:/Users/rasmus.jacobsson/Documents/GitHub/Deathbattle7.0/Saved/Config/Windows/Engine.ini]
[2021.10.07-07.31.18:873][  0]LogConfig: Applying CVar settings from Section [/Script/UnrealEd.CookerSettings] File [C:/Users/rasmus.jacobsson/Documents/GitHub/Deathbattle7.0/Saved/Config/Windows/Engine.ini]
[2021.10.07-07.31.18:878][  0]LogConfig: Applying CVar settings from Section [ViewDistanceQuality@3] File [C:/Users/rasmus.jacobsson/Documents/GitHub/Deathbattle7.0/Saved/Config/Windows/Scalability.ini]
[2021.10.07-07.31.18:878][  0]LogConfig: Setting CVar [[r.SkeletalMeshLODBias:0]]
[2021.10.07-07.31.18:878][  0]LogConfig: Setting CVar [[r.ViewDistanceScale:1.0]]
[2021.10.07-07.31.18:878][  0]LogConfig: Applying CVar settings from Section [AntiAliasingQuality@3] File [C:/Users/rasmus.jacobsson/Documents/GitHub/Deathbattle7.0/Saved/Config/Windows/Scalability.ini]
[2021.10.07-07.31.18:878][  0]LogConfig: Setting CVar [[r.PostProcessAAQuality:4]]
[2021.10.07-07.31.18:878][  0]LogConfig: Applying CVar settings from Section [ShadowQuality@3] File [C:/Users/rasmus.jacobsson/Documents/GitHub/Deathbattle7.0/Saved/Config/Windows/Scalability.ini]
[2021.10.07-07.31.18:878][  0]LogConfig: Setting CVar [[r.LightFunctionQuality:1]]
[2021.10.07-07.31.18:878][  0]LogConfig: Setting CVar [[r.ShadowQuality:5]]
[2021.10.07-07.31.18:878][  0]LogConfig: Setting CVar [[r.Shadow.CSM.MaxCascades:10]]
[2021.10.07-07.31.18:878][  0]LogConfig: Setting CVar [[r.Shadow.MaxResolution:2048]]
[2021.10.07-07.31.18:878][  0]LogConfig: Setting CVar [[r.Shadow.MaxCSMResolution:2048]]
[2021.10.07-07.31.18:878][  0]LogConfig: Setting CVar [[r.Shadow.RadiusThreshold:0.01]]
[2021.10.07-07.31.18:878][  0]LogConfig: Setting CVar [[r.Shadow.DistanceScale:1.0]]
[2021.10.07-07.31.18:878][  0]LogConfig: Setting CVar [[r.Shadow.CSM.TransitionScale:1.0]]
[2021.10.07-07.31.18:878][  0]LogConfig: Setting CVar [[r.Shadow.PreShadowResolutionFactor:1.0]]
[2021.10.07-07.31.18:878][  0]LogConfig: Setting CVar [[r.DistanceFieldShadowing:1]]
[2021.10.07-07.31.18:878][  0]LogConfig: Setting CVar [[r.DistanceFieldAO:1]]
[2021.10.07-07.31.18:878][  0]LogConfig: Setting CVar [[r.AOQuality:2]]
[2021.10.07-07.31.18:878][  0]LogConfig: Setting CVar [[r.VolumetricFog:1]]
[2021.10.07-07.31.18:878][  0]LogConfig: Setting CVar [[r.VolumetricFog.GridPixelSize:8]]
[2021.10.07-07.31.18:878][  0]LogConfig: Setting CVar [[r.VolumetricFog.GridSizeZ:128]]
[2021.10.07-07.31.18:878][  0]LogConfig: Setting CVar [[r.VolumetricFog.HistoryMissSupersampleCount:4]]
[2021.10.07-07.31.18:878][  0]LogConfig: Setting CVar [[r.LightMaxDrawDistanceScale:1]]
[2021.10.07-07.31.18:878][  0]LogConfig: Setting CVar [[r.CapsuleShadows:1]]
[2021.10.07-07.31.18:878][  0]LogConfig: Applying CVar settings from Section [PostProcessQuality@3] File [C:/Users/rasmus.jacobsson/Documents/GitHub/Deathbattle7.0/Saved/Config/Windows/Scalability.ini]
[2021.10.07-07.31.18:878][  0]LogConfig: Setting CVar [[r.MotionBlurQuality:4]]
[2021.10.07-07.31.18:878][  0]LogConfig: Setting CVar [[r.AmbientOcclusionMipLevelFactor:0.4]]
[2021.10.07-07.31.18:878][  0]LogConfig: Setting CVar [[r.AmbientOcclusionMaxQuality:100]]
[2021.10.07-07.31.18:878][  0]LogConfig: Setting CVar [[r.AmbientOcclusionLevels:-1]]
[2021.10.07-07.31.18:878][  0]LogConfig: Setting CVar [[r.AmbientOcclusionRadiusScale:1.0]]
[2021.10.07-07.31.18:878][  0]LogConfig: Setting CVar [[r.DepthOfFieldQuality:2]]
[2021.10.07-07.31.18:878][  0]LogConfig: Setting CVar [[r.RenderTargetPoolMin:400]]
[2021.10.07-07.31.18:878][  0]LogConfig: Setting CVar [[r.LensFlareQuality:2]]
[2021.10.07-07.31.18:878][  0]LogConfig: Setting CVar [[r.SceneColorFringeQuality:1]]
[2021.10.07-07.31.18:878][  0]LogConfig: Setting CVar [[r.EyeAdaptationQuality:2]]
[2021.10.07-07.31.18:878][  0]LogConfig: Setting CVar [[r.BloomQuality:5]]
[2021.10.07-07.31.18:878][  0]LogConfig: Setting CVar [[r.FastBlurThreshold:100]]
[2021.10.07-07.31.18:878][  0]LogConfig: Setting CVar [[r.Upscale.Quality:3]]
[2021.10.07-07.31.18:878][  0]LogConfig: Setting CVar [[r.Tonemapper.GrainQuantization:1]]
[2021.10.07-07.31.18:878][  0]LogConfig: Setting CVar [[r.LightShaftQuality:1]]
[2021.10.07-07.31.18:878][  0]LogConfig: Setting CVar [[r.Filter.SizeScale:1]]
[2021.10.07-07.31.18:878][  0]LogConfig: Setting CVar [[r.Tonemapper.Quality:5]]
[2021.10.07-07.31.18:878][  0]LogConfig: Setting CVar [[r.DOF.Gather.AccumulatorQuality:1        ; higher gathering accumulator quality]]
[2021.10.07-07.31.18:878][  0]LogConfig: Setting CVar [[r.DOF.Gather.PostfilterMethod:1          ; Median3x3 postfilering method]]
[2021.10.07-07.31.18:878][  0]LogConfig: Setting CVar [[r.DOF.Gather.EnableBokehSettings:0       ; no bokeh simulation when gathering]]
[2021.10.07-07.31.18:879][  0]LogConfig: Setting CVar [[r.DOF.Gather.RingCount:4                 ; medium number of samples when gathering]]
[2021.10.07-07.31.18:879][  0]LogConfig: Setting CVar [[r.DOF.Scatter.ForegroundCompositing:1    ; additive foreground scattering]]
[2021.10.07-07.31.18:879][  0]LogConfig: Setting CVar [[r.DOF.Scatter.BackgroundCompositing:2    ; additive background scattering]]
[2021.10.07-07.31.18:879][  0]LogConfig: Setting CVar [[r.DOF.Scatter.EnableBokehSettings:1      ; bokeh simulation when scattering]]
[2021.10.07-07.31.18:879][  0]LogConfig: Setting CVar [[r.DOF.Scatter.MaxSpriteRatio:0.1         ; only a maximum of 10% of scattered bokeh]]
[2021.10.07-07.31.18:879][  0]LogConfig: Setting CVar [[r.DOF.Recombine.Quality:1                ; cheap slight out of focus]]
[2021.10.07-07.31.18:879][  0]LogConfig: Setting CVar [[r.DOF.Recombine.EnableBokehSettings:0    ; no bokeh simulation on slight out of focus]]
[2021.10.07-07.31.18:879][  0]LogConfig: Setting CVar [[r.DOF.TemporalAAQuality:1                ; more stable temporal accumulation]]
[2021.10.07-07.31.18:879][  0]LogConfig: Setting CVar [[r.DOF.Kernel.MaxForegroundRadius:0.025]]
[2021.10.07-07.31.18:879][  0]LogConfig: Setting CVar [[r.DOF.Kernel.MaxBackgroundRadius:0.025]]
[2021.10.07-07.31.18:879][  0]LogConfig: Applying CVar settings from Section [TextureQuality@3] File [C:/Users/rasmus.jacobsson/Documents/GitHub/Deathbattle7.0/Saved/Config/Windows/Scalability.ini]
[2021.10.07-07.31.18:879][  0]LogConfig: Setting CVar [[r.Streaming.MipBias:0]]
[2021.10.07-07.31.18:879][  0]LogConfig: Setting CVar [[r.Streaming.AmortizeCPUToGPUCopy:0]]
[2021.10.07-07.31.18:879][  0]LogConfig: Setting CVar [[r.Streaming.MaxNumTexturesToStreamPerFrame:0]]
[2021.10.07-07.31.18:879][  0]LogConfig: Setting CVar [[r.Streaming.Boost:1]]
[2021.10.07-07.31.18:879][  0]LogConfig: Setting CVar [[r.MaxAnisotropy:8]]
[2021.10.07-07.31.18:879][  0]LogConfig: Setting CVar [[r.VT.MaxAnisotropy:8]]
[2021.10.07-07.31.18:879][  0]LogConfig: Setting CVar [[r.Streaming.LimitPoolSizeToVRAM:0]]
[2021.10.07-07.31.18:879][  0]LogConfig: Setting CVar [[r.Streaming.PoolSize:1000]]
[2021.10.07-07.31.18:879][  0]LogConfig: Setting CVar [[r.Streaming.MaxEffectiveScreenSize:0]]
[2021.10.07-07.31.18:879][  0]LogConfig: Applying CVar settings from Section [EffectsQuality@3] File [C:/Users/rasmus.jacobsson/Documents/GitHub/Deathbattle7.0/Saved/Config/Windows/Scalability.ini]
[2021.10.07-07.31.18:879][  0]LogConfig: Setting CVar [[r.TranslucencyLightingVolumeDim:64]]
[2021.10.07-07.31.18:879][  0]LogConfig: Setting CVar [[r.RefractionQuality:2]]
[2021.10.07-07.31.18:879][  0]LogConfig: Setting CVar [[r.SSR.Quality:3]]
[2021.10.07-07.31.18:879][  0]LogConfig: Setting CVar [[r.SSR.HalfResSceneColor:0]]
[2021.10.07-07.31.18:879][  0]LogConfig: Setting CVar [[r.SceneColorFormat:4]]
[2021.10.07-07.31.18:879][  0]LogConfig: Setting CVar [[r.DetailMode:2]]
[2021.10.07-07.31.18:879][  0]LogConfig: Setting CVar [[r.TranslucencyVolumeBlur:1]]
[2021.10.07-07.31.18:879][  0]LogConfig: Setting CVar [[r.MaterialQualityLevel:1 ; High quality]]
[2021.10.07-07.31.18:879][  0]LogConfig: Setting CVar [[r.SSS.Scale:1]]
[2021.10.07-07.31.18:879][  0]LogConfig: Setting CVar [[r.SSS.SampleSet:2]]
[2021.10.07-07.31.18:879][  0]LogConfig: Setting CVar [[r.SSS.Quality:1]]
[2021.10.07-07.31.18:879][  0]LogConfig: Setting CVar [[r.SSS.HalfRes:0]]
[2021.10.07-07.31.18:879][  0]LogConfig: Setting CVar [[r.SSGI.Quality:3]]
[2021.10.07-07.31.18:879][  0]LogConfig: Setting CVar [[r.EmitterSpawnRateScale:1.0]]
[2021.10.07-07.31.18:879][  0]LogConfig: Setting CVar [[r.ParticleLightQuality:2]]
[2021.10.07-07.31.18:879][  0]LogConfig: Setting CVar [[r.SkyAtmosphere.AerialPerspectiveLUT.FastApplyOnOpaque:1 ; Always have FastSkyLUT 1 in this case to avoid wrong sky]]
[2021.10.07-07.31.18:879][  0]LogConfig: Setting CVar [[r.SkyAtmosphere.AerialPerspectiveLUT.SampleCountPerSlice:1]]
[2021.10.07-07.31.18:879][  0]LogConfig: Setting CVar [[r.SkyAtmosphere.AerialPerspectiveLUT.DepthResolution:16.0]]
[2021.10.07-07.31.18:879][  0]LogConfig: Setting CVar [[r.SkyAtmosphere.FastSkyLUT:1]]
[2021.10.07-07.31.18:879][  0]LogConfig: Setting CVar [[r.SkyAtmosphere.FastSkyLUT.SampleCountMin:4.0]]
[2021.10.07-07.31.18:879][  0]LogConfig: Setting CVar [[r.SkyAtmosphere.FastSkyLUT.SampleCountMax:32.0]]
[2021.10.07-07.31.18:879][  0]LogConfig: Setting CVar [[r.SkyAtmosphere.SampleCountMin:4.0]]
[2021.10.07-07.31.18:879][  0]LogConfig: Setting CVar [[r.SkyAtmosphere.SampleCountMax:32.0]]
[2021.10.07-07.31.18:879][  0]LogConfig: Setting CVar [[r.SkyAtmosphere.TransmittanceLUT.UseSmallFormat:0]]
[2021.10.07-07.31.18:879][  0]LogConfig: Setting CVar [[r.SkyAtmosphere.TransmittanceLUT.SampleCount:10.0]]
[2021.10.07-07.31.18:879][  0]LogConfig: Setting CVar [[r.SkyAtmosphere.MultiScatteringLUT.SampleCount:15.0]]
[2021.10.07-07.31.18:879][  0]LogConfig: Applying CVar settings from Section [FoliageQuality@3] File [C:/Users/rasmus.jacobsson/Documents/GitHub/Deathbattle7.0/Saved/Config/Windows/Scalability.ini]
[2021.10.07-07.31.18:879][  0]LogConfig: Setting CVar [[foliage.DensityScale:1.0]]
[2021.10.07-07.31.18:879][  0]LogConfig: Setting CVar [[grass.DensityScale:1.0]]
[2021.10.07-07.31.18:879][  0]LogConfig: Applying CVar settings from Section [ShadingQuality@3] File [C:/Users/rasmus.jacobsson/Documents/GitHub/Deathbattle7.0/Saved/Config/Windows/Scalability.ini]
[2021.10.07-07.31.18:879][  0]LogConfig: Setting CVar [[r.HairStrands.SkyLighting.SampleCount:16]]
[2021.10.07-07.31.18:879][  0]LogConfig: Setting CVar [[r.HairStrands.SkyLighting.JitterIntegration:0]]
[2021.10.07-07.31.18:880][  0]LogConfig: Setting CVar [[r.HairStrands.SkyAO.SampleCount:16]]
[2021.10.07-07.31.18:880][  0]LogConfig: Setting CVar [[r.HairStrands.DeepShadow.SuperSampling:0]]
[2021.10.07-07.31.18:880][  0]LogConfig: Setting CVar [[r.HairStrands.VisibilityPPLL:0]]
[2021.10.07-07.31.18:880][  0]LogConfig: Setting CVar [[r.HairStrands.RasterizationScale:0.5]]
[2021.10.07-07.31.18:880][  0]LogConfig: Setting CVar [[r.HairStrands.VelocityRasterizationScale:1]]
[2021.10.07-07.31.18:880][  0]LogInit: Selected Device Profile: [Windows]
[2021.10.07-07.31.18:880][  0]LogInit: Applying CVar settings loaded from the selected device profile: [Windows]
[2021.10.07-07.31.18:880][  0]LogHAL: Display: Platform has ~ 16 GB [17044439040 / 17179869184 / 16], which maps to Larger [LargestMinGB=32, LargerMinGB=12, DefaultMinGB=8, SmallerMinGB=6, SmallestMinGB=0)
[2021.10.07-07.31.18:880][  0]LogInit: Going up to parent DeviceProfile []
[2021.10.07-07.31.18:880][  0]LogConfig: Applying CVar settings from Section [ViewDistanceQuality@3] File [C:/Users/rasmus.jacobsson/Documents/GitHub/Deathbattle7.0/Saved/Config/Windows/Scalability.ini]
[2021.10.07-07.31.18:880][  0]LogConfig: Setting CVar [[r.SkeletalMeshLODBias:0]]
[2021.10.07-07.31.18:880][  0]LogConfig: Setting CVar [[r.ViewDistanceScale:1.0]]
[2021.10.07-07.31.18:880][  0]LogConfig: Applying CVar settings from Section [AntiAliasingQuality@3] File [C:/Users/rasmus.jacobsson/Documents/GitHub/Deathbattle7.0/Saved/Config/Windows/Scalability.ini]
[2021.10.07-07.31.18:880][  0]LogConfig: Setting CVar [[r.PostProcessAAQuality:4]]
[2021.10.07-07.31.18:880][  0]LogConfig: Applying CVar settings from Section [ShadowQuality@3] File [C:/Users/rasmus.jacobsson/Documents/GitHub/Deathbattle7.0/Saved/Config/Windows/Scalability.ini]
[2021.10.07-07.31.18:880][  0]LogConfig: Setting CVar [[r.LightFunctionQuality:1]]
[2021.10.07-07.31.18:880][  0]LogConfig: Setting CVar [[r.ShadowQuality:5]]
[2021.10.07-07.31.18:880][  0]LogConfig: Setting CVar [[r.Shadow.CSM.MaxCascades:10]]
[2021.10.07-07.31.18:880][  0]LogConfig: Setting CVar [[r.Shadow.MaxResolution:2048]]
[2021.10.07-07.31.18:880][  0]LogConfig: Setting CVar [[r.Shadow.MaxCSMResolution:2048]]
[2021.10.07-07.31.18:880][  0]LogConfig: Setting CVar [[r.Shadow.RadiusThreshold:0.01]]
[2021.10.07-07.31.18:880][  0]LogConfig: Setting CVar [[r.Shadow.DistanceScale:1.0]]
[2021.10.07-07.31.18:880][  0]LogConfig: Setting CVar [[r.Shadow.CSM.TransitionScale:1.0]]
[2021.10.07-07.31.18:880][  0]LogConfig: Setting CVar [[r.Shadow.PreShadowResolutionFactor:1.0]]
[2021.10.07-07.31.18:880][  0]LogConfig: Setting CVar [[r.DistanceFieldShadowing:1]]
[2021.10.07-07.31.18:880][  0]LogConfig: Setting CVar [[r.DistanceFieldAO:1]]
[2021.10.07-07.31.18:880][  0]LogConfig: Setting CVar [[r.AOQuality:2]]
[2021.10.07-07.31.18:880][  0]LogConfig: Setting CVar [[r.VolumetricFog:1]]
[2021.10.07-07.31.18:880][  0]LogConfig: Setting CVar [[r.VolumetricFog.GridPixelSize:8]]
[2021.10.07-07.31.18:880][  0]LogConfig: Setting CVar [[r.VolumetricFog.GridSizeZ:128]]
[2021.10.07-07.31.18:880][  0]LogConfig: Setting CVar [[r.VolumetricFog.HistoryMissSupersampleCount:4]]
[2021.10.07-07.31.18:880][  0]LogConfig: Setting CVar [[r.LightMaxDrawDistanceScale:1]]
[2021.10.07-07.31.18:880][  0]LogConfig: Setting CVar [[r.CapsuleShadows:1]]
[2021.10.07-07.31.18:880][  0]LogConfig: Applying CVar settings from Section [PostProcessQuality@3] File [C:/Users/rasmus.jacobsson/Documents/GitHub/Deathbattle7.0/Saved/Config/Windows/Scalability.ini]
[2021.10.07-07.31.18:880][  0]LogConfig: Setting CVar [[r.MotionBlurQuality:4]]
[2021.10.07-07.31.18:880][  0]LogConfig: Setting CVar [[r.AmbientOcclusionMipLevelFactor:0.4]]
[2021.10.07-07.31.18:880][  0]LogConfig: Setting CVar [[r.AmbientOcclusionMaxQuality:100]]
[2021.10.07-07.31.18:880][  0]LogConfig: Setting CVar [[r.AmbientOcclusionLevels:-1]]
[2021.10.07-07.31.18:880][  0]LogConfig: Setting CVar [[r.AmbientOcclusionRadiusScale:1.0]]
[2021.10.07-07.31.18:880][  0]LogConfig: Setting CVar [[r.DepthOfFieldQuality:2]]
[2021.10.07-07.31.18:880][  0]LogConfig: Setting CVar [[r.RenderTargetPoolMin:400]]
[2021.10.07-07.31.18:881][  0]LogConfig: Setting CVar [[r.LensFlareQuality:2]]
[2021.10.07-07.31.18:881][  0]LogConfig: Setting CVar [[r.SceneColorFringeQuality:1]]
[2021.10.07-07.31.18:881][  0]LogConfig: Setting CVar [[r.EyeAdaptationQuality:2]]
[2021.10.07-07.31.18:881][  0]LogConfig: Setting CVar [[r.BloomQuality:5]]
[2021.10.07-07.31.18:881][  0]LogConfig: Setting CVar [[r.FastBlurThreshold:100]]
[2021.10.07-07.31.18:881][  0]LogConfig: Setting CVar [[r.Upscale.Quality:3]]
[2021.10.07-07.31.18:881][  0]LogConfig: Setting CVar [[r.Tonemapper.GrainQuantization:1]]
[2021.10.07-07.31.18:881][  0]LogConfig: Setting CVar [[r.LightShaftQuality:1]]
[2021.10.07-07.31.18:881][  0]LogConfig: Setting CVar [[r.Filter.SizeScale:1]]
[2021.10.07-07.31.18:881][  0]LogConfig: Setting CVar [[r.Tonemapper.Quality:5]]
[2021.10.07-07.31.18:881][  0]LogConfig: Setting CVar [[r.DOF.Gather.AccumulatorQuality:1        ; higher gathering accumulator quality]]
[2021.10.07-07.31.18:881][  0]LogConfig: Setting CVar [[r.DOF.Gather.PostfilterMethod:1          ; Median3x3 postfilering method]]
[2021.10.07-07.31.18:881][  0]LogConfig: Setting CVar [[r.DOF.Gather.EnableBokehSettings:0       ; no bokeh simulation when gathering]]
[2021.10.07-07.31.18:881][  0]LogConfig: Setting CVar [[r.DOF.Gather.RingCount:4                 ; medium number of samples when gathering]]
[2021.10.07-07.31.18:881][  0]LogConfig: Setting CVar [[r.DOF.Scatter.ForegroundCompositing:1    ; additive foreground scattering]]
[2021.10.07-07.31.18:881][  0]LogConfig: Setting CVar [[r.DOF.Scatter.BackgroundCompositing:2    ; additive background scattering]]
[2021.10.07-07.31.18:881][  0]LogConfig: Setting CVar [[r.DOF.Scatter.EnableBokehSettings:1      ; bokeh simulation when scattering]]
[2021.10.07-07.31.18:881][  0]LogConfig: Setting CVar [[r.DOF.Scatter.MaxSpriteRatio:0.1         ; only a maximum of 10% of scattered bokeh]]
[2021.10.07-07.31.18:881][  0]LogConfig: Setting CVar [[r.DOF.Recombine.Quality:1                ; cheap slight out of focus]]
[2021.10.07-07.31.18:881][  0]LogConfig: Setting CVar [[r.DOF.Recombine.EnableBokehSettings:0    ; no bokeh simulation on slight out of focus]]
[2021.10.07-07.31.18:881][  0]LogConfig: Setting CVar [[r.DOF.TemporalAAQuality:1                ; more stable temporal accumulation]]
[2021.10.07-07.31.18:881][  0]LogConfig: Setting CVar [[r.DOF.Kernel.MaxForegroundRadius:0.025]]
[2021.10.07-07.31.18:881][  0]LogConfig: Setting CVar [[r.DOF.Kernel.MaxBackgroundRadius:0.025]]
[2021.10.07-07.31.18:881][  0]LogConfig: Applying CVar settings from Section [TextureQuality@3] File [C:/Users/rasmus.jacobsson/Documents/GitHub/Deathbattle7.0/Saved/Config/Windows/Scalability.ini]
[2021.10.07-07.31.18:881][  0]LogConfig: Setting CVar [[r.Streaming.MipBias:0]]
[2021.10.07-07.31.18:881][  0]LogConfig: Setting CVar [[r.Streaming.AmortizeCPUToGPUCopy:0]]
[2021.10.07-07.31.18:881][  0]LogConfig: Setting CVar [[r.Streaming.MaxNumTexturesToStreamPerFrame:0]]
[2021.10.07-07.31.18:881][  0]LogConfig: Setting CVar [[r.Streaming.Boost:1]]
[2021.10.07-07.31.18:881][  0]LogConfig: Setting CVar [[r.MaxAnisotropy:8]]
[2021.10.07-07.31.18:881][  0]LogConfig: Setting CVar [[r.VT.MaxAnisotropy:8]]
[2021.10.07-07.31.18:881][  0]LogConfig: Setting CVar [[r.Streaming.LimitPoolSizeToVRAM:0]]
[2021.10.07-07.31.18:881][  0]LogConfig: Setting CVar [[r.Streaming.PoolSize:1000]]
[2021.10.07-07.31.18:881][  0]LogConfig: Setting CVar [[r.Streaming.MaxEffectiveScreenSize:0]]
[2021.10.07-07.31.18:881][  0]LogConfig: Applying CVar settings from Section [EffectsQuality@3] File [C:/Users/rasmus.jacobsson/Documents/GitHub/Deathbattle7.0/Saved/Config/Windows/Scalability.ini]
[2021.10.07-07.31.18:881][  0]LogConfig: Setting CVar [[r.TranslucencyLightingVolumeDim:64]]
[2021.10.07-07.31.18:881][  0]LogConfig: Setting CVar [[r.RefractionQuality:2]]
[2021.10.07-07.31.18:881][  0]LogConfig: Setting CVar [[r.SSR.Quality:3]]
[2021.10.07-07.31.18:881][  0]LogConfig: Setting CVar [[r.SSR.HalfResSceneColor:0]]
[2021.10.07-07.31.18:881][  0]LogConfig: Setting CVar [[r.SceneColorFormat:4]]
[2021.10.07-07.31.18:881][  0]LogConfig: Setting CVar [[r.DetailMode:2]]
[2021.10.07-07.31.18:881][  0]LogConfig: Setting CVar [[r.TranslucencyVolumeBlur:1]]
[2021.10.07-07.31.18:881][  0]LogConfig: Setting CVar [[r.MaterialQualityLevel:1 ; High quality]]
[2021.10.07-07.31.18:882][  0]LogConfig: Setting CVar [[r.SSS.Scale:1]]
[2021.10.07-07.31.18:882][  0]LogConfig: Setting CVar [[r.SSS.SampleSet:2]]
[2021.10.07-07.31.18:882][  0]LogConfig: Setting CVar [[r.SSS.Quality:1]]
[2021.10.07-07.31.18:882][  0]LogConfig: Setting CVar [[r.SSS.HalfRes:0]]
[2021.10.07-07.31.18:882][  0]LogConfig: Setting CVar [[r.SSGI.Quality:3]]
[2021.10.07-07.31.18:882][  0]LogConfig: Setting CVar [[r.EmitterSpawnRateScale:1.0]]
[2021.10.07-07.31.18:882][  0]LogConfig: Setting CVar [[r.ParticleLightQuality:2]]
[2021.10.07-07.31.18:882][  0]LogConfig: Setting CVar [[r.SkyAtmosphere.AerialPerspectiveLUT.FastApplyOnOpaque:1 ; Always have FastSkyLUT 1 in this case to avoid wrong sky]]
[2021.10.07-07.31.18:882][  0]LogConfig: Setting CVar [[r.SkyAtmosphere.AerialPerspectiveLUT.SampleCountPerSlice:1]]
[2021.10.07-07.31.18:882][  0]LogConfig: Setting CVar [[r.SkyAtmosphere.AerialPerspectiveLUT.DepthResolution:16.0]]
[2021.10.07-07.31.18:882][  0]LogConfig: Setting CVar [[r.SkyAtmosphere.FastSkyLUT:1]]
[2021.10.07-07.31.18:882][  0]LogConfig: Setting CVar [[r.SkyAtmosphere.FastSkyLUT.SampleCountMin:4.0]]
[2021.10.07-07.31.18:882][  0]LogConfig: Setting CVar [[r.SkyAtmosphere.FastSkyLUT.SampleCountMax:32.0]]
[2021.10.07-07.31.18:882][  0]LogConfig: Setting CVar [[r.SkyAtmosphere.SampleCountMin:4.0]]
[2021.10.07-07.31.18:882][  0]LogConfig: Setting CVar [[r.SkyAtmosphere.SampleCountMax:32.0]]
[2021.10.07-07.31.18:882][  0]LogConfig: Setting CVar [[r.SkyAtmosphere.TransmittanceLUT.UseSmallFormat:0]]
[2021.10.07-07.31.18:882][  0]LogConfig: Setting CVar [[r.SkyAtmosphere.TransmittanceLUT.SampleCount:10.0]]
[2021.10.07-07.31.18:882][  0]LogConfig: Setting CVar [[r.SkyAtmosphere.MultiScatteringLUT.SampleCount:15.0]]
[2021.10.07-07.31.18:882][  0]LogConfig: Applying CVar settings from Section [FoliageQuality@3] File [C:/Users/rasmus.jacobsson/Documents/GitHub/Deathbattle7.0/Saved/Config/Windows/Scalability.ini]
[2021.10.07-07.31.18:882][  0]LogConfig: Setting CVar [[foliage.DensityScale:1.0]]
[2021.10.07-07.31.18:882][  0]LogConfig: Setting CVar [[grass.DensityScale:1.0]]
[2021.10.07-07.31.18:882][  0]LogConfig: Applying CVar settings from Section [ShadingQuality@3] File [C:/Users/rasmus.jacobsson/Documents/GitHub/Deathbattle7.0/Saved/Config/Windows/Scalability.ini]
[2021.10.07-07.31.18:882][  0]LogConfig: Setting CVar [[r.HairStrands.SkyLighting.SampleCount:16]]
[2021.10.07-07.31.18:882][  0]LogConfig: Setting CVar [[r.HairStrands.SkyLighting.JitterIntegration:0]]
[2021.10.07-07.31.18:882][  0]LogConfig: Setting CVar [[r.HairStrands.SkyAO.SampleCount:16]]
[2021.10.07-07.31.18:882][  0]LogConfig: Setting CVar [[r.HairStrands.DeepShadow.SuperSampling:0]]
[2021.10.07-07.31.18:882][  0]LogConfig: Setting CVar [[r.HairStrands.VisibilityPPLL:0]]
[2021.10.07-07.31.18:882][  0]LogConfig: Setting CVar [[r.HairStrands.RasterizationScale:0.5]]
[2021.10.07-07.31.18:882][  0]LogConfig: Setting CVar [[r.HairStrands.VelocityRasterizationScale:1]]
[2021.10.07-07.31.18:882][  0]LogConfig: Applying CVar settings from Section [Startup] File [../../../Engine/Config/ConsoleVariables.ini]
[2021.10.07-07.31.18:883][  0]LogConfig: Setting CVar [[net.UseAdaptiveNetUpdateFrequency:0]]
[2021.10.07-07.31.18:883][  0]LogConfig: Setting CVar [[p.chaos.AllowCreatePhysxBodies:1]]
[2021.10.07-07.31.18:883][  0]LogConfig: Setting CVar [[fx.SkipVectorVMBackendOptimizations:1]]
[2021.10.07-07.31.18:883][  0]LogConfig: Applying CVar settings from Section [ConsoleVariables] File [C:/Users/rasmus.jacobsson/Documents/GitHub/Deathbattle7.0/Saved/Config/Windows/Engine.ini]
[2021.10.07-07.31.18:883][  0]LogInit: Computer: 5CD92376TC
[2021.10.07-07.31.18:883][  0]LogInit: User: rasmusjacobsson
[2021.10.07-07.31.18:883][  0]LogInit: CPU Page size=4096, Cores=4
[2021.10.07-07.31.18:883][  0]LogInit: High frequency timer resolution =10.000000 MHz
[2021.10.07-07.31.18:883][  0]LogMemory: Memory total: Physical=15.9GB (16GB approx)
[2021.10.07-07.31.18:884][  0]LogMemory: Platform Memory Stats for Windows
[2021.10.07-07.31.18:884][  0]LogMemory: Process Physical Memory: 114.27 MB used, 114.27 MB peak
[2021.10.07-07.31.18:884][  0]LogMemory: Process Virtual Memory: 95.98 MB used, 95.98 MB peak
[2021.10.07-07.31.18:884][  0]LogMemory: Physical Memory: 8539.59 MB used,  7715.25 MB free, 16254.84 MB total
[2021.10.07-07.31.18:884][  0]LogMemory: Virtual Memory: 5143.14 MB used,  134212584.00 MB free, 134217728.00 MB total
[2021.10.07-07.31.18:894][  0]LogWindows: WindowsPlatformFeatures enabled
[2021.10.07-07.31.18:976][  0]LogInit: Physics initialised using underlying interface: PhysX
[2021.10.07-07.31.18:976][  0]LogInit: Using OS detected language (sv-SE).
[2021.10.07-07.31.18:976][  0]LogInit: Using OS detected locale (sv-SE).
[2021.10.07-07.31.18:980][  0]LogTextLocalizationManager: No localization for 'sv-SE' exists, so 'en' will be used for the language.
[2021.10.07-07.31.18:983][  0]LogTextLocalizationManager: No localization for 'sv-SE' exists, so 'en' will be used for the locale.
[2021.10.07-07.31.19:355][  0]LogSlate: New Slate User Created.  User Index 0, Is Virtual User: 0
[2021.10.07-07.31.19:356][  0]LogSlate: Slate User Registered.  User Index 0, Is Virtual User: 0
[2021.10.07-07.31.19:388][  0]LogHMD: Failed to initialize OpenVR with code 110
[2021.10.07-07.31.19:388][  0]LogD3D11RHI: D3D11 min allowed feature level: 11_0
[2021.10.07-07.31.19:388][  0]LogD3D11RHI: D3D11 max allowed feature level: 11_0
[2021.10.07-07.31.19:388][  0]LogD3D11RHI: D3D11 adapters:
[2021.10.07-07.31.19:519][  0]LogD3D11RHI:    0. 'NVIDIA GeForce MX250' (Feature Level 11_0)
[2021.10.07-07.31.19:519][  0]LogD3D11RHI:       1983/0/8127 MB DedicatedVideo/DedicatedSystem/SharedSystem, Outputs:1, VendorId:0x10de
[2021.10.07-07.31.19:566][  0]LogD3D11RHI:    1. 'Intel(R) UHD Graphics 620' (Feature Level 11_0)
[2021.10.07-07.31.19:566][  0]LogD3D11RHI:       128/0/8127 MB DedicatedVideo/DedicatedSystem/SharedSystem, Outputs:0, VendorId:0x8086
[2021.10.07-07.31.19:569][  0]LogD3D11RHI:    2. 'Microsoft Basic Render Driver' (Feature Level 11_0)
[2021.10.07-07.31.19:569][  0]LogD3D11RHI:       0/0/8127 MB DedicatedVideo/DedicatedSystem/SharedSystem, Outputs:0, VendorId:0x1414
[2021.10.07-07.31.19:569][  0]LogD3D11RHI: Chosen D3D11 Adapter: 0
[2021.10.07-07.31.19:583][  0]LogD3D11RHI: Creating new Direct3DDevice
[2021.10.07-07.31.19:583][  0]LogD3D11RHI:     GPU DeviceId: 0x1d13 (for the marketing name, search the web for "GPU Device Id")
[2021.10.07-07.31.19:583][  0]LogWindows: EnumDisplayDevices:
[2021.10.07-07.31.19:583][  0]LogWindows:    0. 'Intel(R) UHD Graphics 620' (P:1 D:1)
[2021.10.07-07.31.19:584][  0]LogWindows:    1. 'Intel(R) UHD Graphics 620' (P:0 D:0)
[2021.10.07-07.31.19:584][  0]LogWindows:    2. 'Intel(R) UHD Graphics 620' (P:0 D:0)
[2021.10.07-07.31.19:584][  0]LogWindows: DebugString: PrimaryIsNotTheChoosenAdapter PrimaryIsNotTheChoosenAdapter PrimaryIsNotTheChoosenAdapter FoundDriverCount:0 
[2021.10.07-07.31.19:584][  0]LogD3D11RHI:     Adapter Name: NVIDIA GeForce MX250
[2021.10.07-07.31.19:584][  0]LogD3D11RHI:   Driver Version: Unknown (internal:Unknown, unified:Unknown)
[2021.10.07-07.31.19:584][  0]LogD3D11RHI:      Driver Date: Unknown
[2021.10.07-07.31.19:584][  0]LogRHI: Texture pool is 1388 MB (70% of 1983 MB)
[2021.10.07-07.31.19:680][  0]LogD3D11RHI: RHI has support for 64 bit atomics
[2021.10.07-07.31.19:681][  0]LogD3D11RHI: Async texture creation enabled
[2021.10.07-07.31.19:681][  0]LogD3D11RHI: Array index from any shader is supported
[2021.10.07-07.31.19:705][  0]LogD3D11RHI: GPU Timing Frequency: 1000.000000 (Debug: 2 1)
[2021.10.07-07.31.20:292][  0]LogTargetPlatformManager: Display: Loaded TargetPlatform 'WindowsNoEditor'
[2021.10.07-07.31.20:301][  0]LogTargetPlatformManager: Display: Loaded TargetPlatform 'Windows'
[2021.10.07-07.31.20:318][  0]LogTargetPlatformManager: Display: Loaded TargetPlatform 'WindowsClient'
[2021.10.07-07.31.20:341][  0]LogTargetPlatformManager: Display: Loaded TargetPlatform 'WindowsServer'
[2021.10.07-07.31.20:341][  0]LogTargetPlatformManager: Display: Building Assets For Windows
[2021.10.07-07.31.20:355][  0]LogAudioDebug: Display: Lib vorbis DLL was dynamically loaded.
[2021.10.07-07.31.20:471][  0]LogShaderCompilers: Guid format shader working directory is -13 characters bigger than the processId version (../../../../../Users/rasmus.jacobsson/Documents/GitHub/Deathbattle7.0/Intermediate/Shaders/WorkingDirectory/20140/).
[2021.10.07-07.31.20:471][  0]LogShaderCompilers: Cleaned the shader compiler working directory 'C:/Users/rasmus.jacobsson/AppData/Local/Temp/UnrealShaderWorkingDir/3800A04E46AD4E262DCA26B63A06EA89/'.
[2021.10.07-07.31.20:472][  0]LogXGEController: Cannot use XGE Controller as Incredibuild is not installed on this machine.
[2021.10.07-07.31.20:472][  0]LogShaderCompilers: Cannot use XGE Shader Compiler as Incredibuild is not installed on this machine.
[2021.10.07-07.31.20:472][  0]LogShaderCompilers: Display: Using Local Shader Compiler.
[2021.10.07-07.31.21:949][  0]LogDerivedDataCache: Display: Max Cache Size: 512 MB
[2021.10.07-07.31.22:052][  0]LogDerivedDataCache: Loaded boot cache 0.10s 87MB C:/Users/rasmus.jacobsson/AppData/Local/UnrealEngine/4.25/DerivedDataCache/Boot.ddc.
[2021.10.07-07.31.22:053][  0]LogDerivedDataCache: Display: Loaded Boot cache: C:/Users/rasmus.jacobsson/AppData/Local/UnrealEngine/4.25/DerivedDataCache/Boot.ddc
[2021.10.07-07.31.22:053][  0]LogDerivedDataCache: FDerivedDataBackendGraph:  Pak pak cache file ../../../../../Users/rasmus.jacobsson/Documents/GitHub/Deathbattle7.0/DerivedDataCache/DDC.ddp not found, will not use a pak cache.
[2021.10.07-07.31.22:053][  0]LogDerivedDataCache: Unable to find inner node Pak for hierarchical cache Hierarchy.
[2021.10.07-07.31.22:054][  0]LogDerivedDataCache: FDerivedDataBackendGraph:  CompressedPak pak cache file ../../../../../Users/rasmus.jacobsson/Documents/GitHub/Deathbattle7.0/DerivedDataCache/Compressed.ddp not found, will not use a pak cache.
[2021.10.07-07.31.22:054][  0]LogDerivedDataCache: Unable to find inner node CompressedPak for hierarchical cache Hierarchy.
[2021.10.07-07.31.22:070][  0]LogDerivedDataCache: Display: Pak cache opened for reading ../../../Engine/DerivedDataCache/Compressed.ddp.
[2021.10.07-07.31.22:070][  0]LogDerivedDataCache: FDerivedDataBackendGraph:  EnterprisePak pak cache file ../../../Enterprise/DerivedDataCache/Compressed.ddp not found, will not use a pak cache.
[2021.10.07-07.31.22:070][  0]LogDerivedDataCache: Unable to find inner node EnterprisePak for hierarchical cache Hierarchy.
[2021.10.07-07.31.22:072][  0]LogDerivedDataCache: Using Local data cache path C:/Users/rasmus.jacobsson/AppData/Local/UnrealEngine/Common/DerivedDataCache: Writable
[2021.10.07-07.31.22:072][  0]LogDerivedDataCache: Shared data cache path not found in *engine.ini, will not use an Shared cache.
[2021.10.07-07.31.22:072][  0]LogDerivedDataCache: Unable to find inner node Shared for hierarchical cache Hierarchy.
[2021.10.07-07.31.22:149][  0]LogSlate: Using FreeType 2.10.0
[2021.10.07-07.31.22:149][  0]LogSlate: SlateFontServices - WITH_FREETYPE: 1, WITH_HARFBUZZ: 1
[2021.10.07-07.31.22:344][  0]LogInit: Using OS detected language (sv-SE).
[2021.10.07-07.31.22:344][  0]LogInit: Using OS detected locale (sv-SE).
[2021.10.07-07.31.22:345][  0]LogTextLocalizationManager: No localization for 'sv-SE' exists, so 'en' will be used for the language.
[2021.10.07-07.31.22:345][  0]LogTextLocalizationManager: No localization for 'sv-SE' exists, so 'en' will be used for the locale.
[2021.10.07-07.31.22:349][  0]LogTextLocalizationManager: Compacting localization data took   0.00ms
[2021.10.07-07.31.22:354][  0]LogAssetRegistry: FAssetRegistry took 0.0026 seconds to start up
[2021.10.07-07.31.22:721][  0]LogPackageLocalizationCache: Processed 19 localized package path(s) for 1 prioritized culture(s) in 0.001287 seconds
[2021.10.07-07.31.22:819][  0]LogInit: Selected Device Profile: [Windows]
[2021.10.07-07.31.23:028][  0]LogMeshReduction: Using QuadricMeshReduction for automatic static mesh reduction
[2021.10.07-07.31.23:028][  0]LogMeshReduction: Using SimplygonMeshReduction for automatic skeletal mesh reduction
[2021.10.07-07.31.23:028][  0]LogMeshReduction: Using ProxyLODMeshReduction for automatic mesh merging
[2021.10.07-07.31.23:028][  0]LogMeshReduction: No distributed automatic mesh merging module available
[2021.10.07-07.31.23:028][  0]LogMeshMerging: No distributed automatic mesh merging module available
[2021.10.07-07.31.23:054][  0]LogNetVersion: DeathBattle 1.0.0, NetCL: 13144385, EngineNetVer: 14, GameNetVer: 0 (Checksum: 2666842768)
[2021.10.07-07.31.23:543][  0]LogAISub: UAISubsystem::UAISubsystem AISubsystem (000001D12A94B880), frame # 0
[2021.10.07-07.31.23:543][  0]LogAISub: UAISubsystem::UAISubsystem AIPerceptionSystem (000001D12A94D1C0), frame # 0
[2021.10.07-07.31.23:546][  0]LogAISub: UAISubsystem::UAISubsystem EnvQueryManager (000001D12A93BC00), frame # 0
[2021.10.07-07.31.23:797][  0]LogMoviePlayer: Initializing movie player
[2021.10.07-07.31.24:080][  0]LogTcpMessaging: Initializing TcpMessaging bridge
[2021.10.07-07.31.24:087][  0]LogUdpMessaging: Initializing bridge on interface 0.0.0.0:0 to multicast group 230.0.0.1:6666.
[2021.10.07-07.31.24:136][  0]LogCollectionManager: Loaded 0 collections in 0.002151 seconds
[2021.10.07-07.31.24:141][  0]LogFileCache: Scanning file cache for directory 'C:/Users/rasmus.jacobsson/Documents/GitHub/Deathbattle7.0/Saved/Collections/' took 0.00s
[2021.10.07-07.31.24:141][  0]LogFileCache: Scanning file cache for directory 'C:/Users/rasmus.jacobsson/Documents/GitHub/Deathbattle7.0/Content/Developers/rasmusjacobsson/Collections/' took 0.00s
[2021.10.07-07.31.24:141][  0]LogCollectionManager: Fixed up redirectors for 0 collections in 0.000005 seconds (updated 0 objects)
[2021.10.07-07.31.24:208][  0]LogFileCache: Scanning file cache for directory 'C:/Users/rasmus.jacobsson/Documents/GitHub/Deathbattle7.0/Content/Collections/' took 0.00s
[2021.10.07-07.31.24:208][  0]SourceControl: Source control is disabled
[2021.10.07-07.31.24:209][  0]SourceControl: Source control is disabled
[2021.10.07-07.31.24:219][  0]SourceControl: Source control is disabled
[2021.10.07-07.31.24:444][  0]LogAndroidPermission: UAndroidPermissionCallbackProxy::GetInstance
[2021.10.07-07.31.24:475][  0]LogAudioCaptureCore: Display: No Audio Capture implementations found. Audio input will be silent.
[2021.10.07-07.31.24:475][  0]LogAudioCaptureCore: Display: No Audio Capture implementations found. Audio input will be silent.
[2021.10.07-07.31.24:559][  0]LogOcInput: OculusInput pre-init called
[2021.10.07-07.31.24:583][  0]LogUObjectArray: 19104 objects as part of root set at end of initial load.
[2021.10.07-07.31.24:583][  0]LogUObjectAllocator: 5032864 out of 0 bytes used by permanent object pool.
[2021.10.07-07.31.24:583][  0]LogUObjectArray: CloseDisregardForGC: 0/0 objects in disregard for GC pool
[2021.10.07-07.31.24:654][  0]LogEngine: Initializing Engine...
[2021.10.07-07.31.24:657][  0]LogHMD: Failed to initialize OpenVR with code 110
[2021.10.07-07.31.24:657][  0]LogMagicLeap: Warning: VR disabled because ZI is not enabled.  To enable, in the editor, Edit -> Project Settings -> Plugins -> Magic Leap Plugin -> Enable Zero Iteration
[2021.10.07-07.31.24:661][  0]LogStats: UGameplayTagsManager::InitializeManager -  0.001 s
[2021.10.07-07.31.24:883][  0]LogInit: Initializing FReadOnlyCVARCache
[2021.10.07-07.31.24:892][  0]LogAudioMixer: Display: Audio Mixer Platform Settings:
[2021.10.07-07.31.24:892][  0]LogAudioMixer: Display: 	Sample Rate:						  48000
[2021.10.07-07.31.24:892][  0]LogAudioMixer: Display: 	Callback Buffer Frame Size Requested: 1024
[2021.10.07-07.31.24:892][  0]LogAudioMixer: Display: 	Callback Buffer Frame Size To Use:	  1024
[2021.10.07-07.31.24:892][  0]LogAudioMixer: Display: 	Number of buffers to queue:			  2
[2021.10.07-07.31.24:892][  0]LogAudioMixer: Display: 	Max Channels (voices):				  32
[2021.10.07-07.31.24:892][  0]LogAudioMixer: Display: 	Number of Async Source Workers:		  0
[2021.10.07-07.31.24:892][  0]LogAudio: Display: AudioDevice MaxSources: 32
[2021.10.07-07.31.24:895][  0]LogAudio: Display: Using built-in audio occlusion.
[2021.10.07-07.31.24:895][  0]LogAudioMixer: Display: Initializing audio mixer.
[2021.10.07-07.31.24:927][  0]LogAudioMixer: Display: 0: FrontLeft
[2021.10.07-07.31.24:927][  0]LogAudioMixer: Display: 1: FrontRight
[2021.10.07-07.31.24:988][  0]LogAudioMixer: Display: Using Audio Device Högtalare (Realtek(R) Audio)
[2021.10.07-07.31.24:997][  0]LogAudioMixer: Display: Initializing Sound Submixes...
[2021.10.07-07.31.24:999][  0]LogAudioMixer: Display: Creating Master Submix 'MasterSubmixDefault'
[2021.10.07-07.31.24:999][  0]LogAudioMixer: Display: Creating Master Submix 'MasterReverbSubmixDefault'
[2021.10.07-07.31.25:001][  0]LogAudioMixer: Display: Creating Master Submix 'MasterEQSubmixDefault'
[2021.10.07-07.31.25:002][  0]LogInit: FAudioDevice initialized.
[2021.10.07-07.31.25:004][  0]LogNetVersion: Set ProjectVersion to 1.0.0.0. Version Checksum will be recalculated on next use.
[2021.10.07-07.31.25:009][  0]LogInit: Texture streaming: Enabled
[2021.10.07-07.31.25:113][  0]LogSlate: Updating window title bar state: overlay mode, drag disabled, window buttons hidden, title bar hidden
[2021.10.07-07.31.25:114][  0]LogInit: Display: Game Engine Initialized.
[2021.10.07-07.31.25:114][  0]LogNiagaraEditor: Warning: GEditor isn't valid! Particle reset commands will not work for Niagara components!
[2021.10.07-07.31.25:162][  0]LogInit: Display: Starting Game.
[2021.10.07-07.31.25:163][  0]LogNet: Browse: /Game/Map/Moon?Name=Player
[2021.10.07-07.31.25:163][  0]LogLoad: LoadMap: /Game/Map/Moon?Name=Player
[2021.10.07-07.31.25:163][  0]LogWorld: BeginTearingDown for /Temp/Untitled_0
[2021.10.07-07.31.25:164][  0]LogWorld: UWorld::CleanupWorld for Untitled, bSessionEnded=true, bCleanupResources=true
[2021.10.07-07.31.25:165][  0]LogSlate: InvalidateAllWidgets triggered.  All widgets were invalidated
[2021.10.07-07.31.25:182][  0]LogUObjectHash: Compacting FUObjectHashTables data took   0.91ms
[2021.10.07-07.31.25:399][  0]LogAIModule: Creating AISystem for world Moon
[2021.10.07-07.31.25:399][  0]LogAISub: UAISubsystem::UAISubsystem EnvQueryManager (000001D11E301E00), frame # 0
[2021.10.07-07.31.25:400][  0]LogAISub: UAISubsystem::UAISubsystem AIPerceptionSystem (000001D1306E9080), frame # 0
[2021.10.07-07.31.25:659][  0]LogLoad: Game class is 'SideScrollerGameMode_C'
[2021.10.07-07.31.25:664][  0]LogWorld: Bringing World /Game/Map/Moon.Moon up for play (max tick rate 0) at 2021.10.07-09.31.25
[2021.10.07-07.31.25:665][  0]LogWorld: Bringing up level for play took: 0.004372
[2021.10.07-07.31.25:686][  0]LogLoad: Took 0.524149 seconds to LoadMap(/Game/Map/Moon)
[2021.10.07-07.31.25:730][  0]LogRenderer: Reallocating scene render targets to support 1920x1080 Format 10 NumSamples 1 (Frame:1).
[2021.10.07-07.31.25:730][  0]LogLoad: (Engine Initialization) Total time: 9.32 seconds
[2021.10.07-07.31.25:730][  0]LogLoad: (Engine Initialization) Total Blueprint compile time: 0.00 seconds
[2021.10.07-07.31.25:784][  0]LogContentStreaming: Texture pool size now 1000 MB
[2021.10.07-07.31.25:785][  0]LogSlate: New Slate User Created.  User Index 1, Is Virtual User: 0
[2021.10.07-07.31.25:785][  0]LogSlate: Slate User Registered.  User Index 1, Is Virtual User: 0
