Log file open, 01/17/22 22:58:32
LogInit: Display: Running engine for game: DeathBattle
LogPlatformFile: Not using cached read wrapper
LogTaskGraph: Started task graph with 5 named threads and 23 total threads with 3 sets of task threads.
LogStats: Stats thread started at 0.279141
LogD3D11RHI: Loaded GFSDK_Aftermath_Lib.x64.dll
LogICUInternationalization: ICU TimeZone Detection - Raw Offset: +1:00, Platform Override: ''
LogPluginManager: Mounting plugin Paper2D
LogPluginManager: Mounting plugin AISupport
LogPluginManager: Mounting plugin LightPropagationVolume
LogPluginManager: Mounting plugin CameraShakePreviewer
LogPluginManager: Mounting plugin ActorLayerUtilities
LogPluginManager: Mounting plugin AnimationSharing
LogPluginManager: Mounting plugin CLionSourceCodeAccess
LogPluginManager: Mounting plugin CodeLiteSourceCodeAccess
LogPluginManager: Mounting plugin GitSourceControl
LogPluginManager: Mounting plugin KDevelopSourceCodeAccess
LogPluginManager: Mounting plugin NullSourceCodeAccess
LogPluginManager: Mounting plugin PerforceSourceControl
LogPluginManager: Mounting plugin PlasticSourceControl
LogPluginManager: Mounting plugin RiderSourceCodeAccess
LogPluginManager: Mounting plugin SubversionSourceControl
LogPluginManager: Mounting plugin UObjectPlugin
LogPluginManager: Mounting plugin VisualStudioCodeSourceCodeAccess
LogPluginManager: Mounting plugin VisualStudioSourceCodeAccess
LogPluginManager: Mounting plugin XCodeSourceCodeAccess
LogPluginManager: Mounting plugin AssetManagerEditor
LogPluginManager: Mounting plugin CryptoKeys
LogPluginManager: Mounting plugin CurveEditorTools
LogPluginManager: Mounting plugin DataValidation
LogPluginManager: Mounting plugin EditorScriptingUtilities
LogPluginManager: Mounting plugin FacialAnimation
LogPluginManager: Mounting plugin GameplayTagsEditor
LogPluginManager: Mounting plugin GeometryMode
LogPluginManager: Mounting plugin MacGraphicsSwitching
LogPluginManager: Mounting plugin MaterialAnalyzer
LogPluginManager: Mounting plugin MobileLauncherProfileWizard
LogPluginManager: Mounting plugin PluginBrowser
LogPluginManager: Mounting plugin SpeedTreeImporter
LogPluginManager: Mounting plugin DatasmithContent
LogPluginManager: Mounting plugin VariantManagerContent
LogPluginManager: Mounting plugin AlembicImporter
LogPluginManager: Mounting plugin AutomationUtils
LogPluginManager: Mounting plugin BackChannel
LogPluginManager: Mounting plugin ChaosCloth
LogPluginManager: Mounting plugin ChaosClothEditor
LogPluginManager: Mounting plugin ChaosEditor
LogPluginManager: Mounting plugin ChaosNiagara
LogPluginManager: Mounting plugin ChaosSolverPlugin
LogPluginManager: Mounting plugin CharacterAI
LogPluginManager: Mounting plugin GeometryCache
LogPluginManager: Mounting plugin GeometryCollectionPlugin
LogPluginManager: Mounting plugin GeometryProcessing
LogPluginManager: Mounting plugin PlanarCut
LogPluginManager: Mounting plugin PlatformCrypto
LogPluginManager: Mounting plugin ProxyLODPlugin
LogPluginManager: Mounting plugin SkeletalReduction
LogPluginManager: Mounting plugin Text3D
LogPluginManager: Mounting plugin Niagara
LogPluginManager: Mounting plugin MagicLeap
LogPluginManager: Mounting plugin MagicLeapLightEstimation
LogPluginManager: Mounting plugin MagicLeapMedia
LogPluginManager: Mounting plugin MagicLeapPassableWorld
LogPluginManager: Mounting plugin MLSDK
LogPluginManager: Mounting plugin AndroidMedia
LogPluginManager: Mounting plugin AvfMedia
LogPluginManager: Mounting plugin ImgMedia
LogPluginManager: Mounting plugin MediaCompositing
LogPluginManager: Mounting plugin MediaPlayerEditor
LogPluginManager: Mounting plugin WebMMedia
LogPluginManager: Mounting plugin WmfMedia
LogPluginManager: Mounting plugin MeshPainting
LogPluginManager: Mounting plugin TcpMessaging
LogPluginManager: Mounting plugin UdpMessaging
LogPluginManager: Mounting plugin ActorSequence
LogPluginManager: Mounting plugin LevelSequenceEditor
LogPluginManager: Mounting plugin MatineeToLevelSequence
LogPluginManager: Mounting plugin MovieRenderPipeline
LogPluginManager: Mounting plugin TemplateSequence
LogPluginManager: Mounting plugin NetcodeUnitTest
LogPluginManager: Mounting plugin NUTUnrealEngine4
LogPluginManager: Mounting plugin OnlineSubsystemGooglePlay
LogPluginManager: Mounting plugin OnlineSubsystemIOS
LogPluginManager: Mounting plugin OnlineSubsystem
LogPluginManager: Mounting plugin OnlineSubsystemNull
LogPluginManager: Mounting plugin OnlineSubsystemUtils
LogPluginManager: Mounting plugin LauncherChunkInstaller
LogPluginManager: Mounting plugin AndroidDeviceProfileSelector
LogPluginManager: Mounting plugin AndroidMoviePlayer
LogPluginManager: Mounting plugin AndroidPermission
LogPluginManager: Mounting plugin ApexDestruction
LogPluginManager: Mounting plugin AppleImageUtils
LogPluginManager: Mounting plugin AppleMoviePlayer
LogPluginManager: Mounting plugin ArchVisCharacter
LogPluginManager: Mounting plugin AssetTags
LogPluginManager: Mounting plugin AudioCapture
LogPluginManager: Mounting plugin CableComponent
LogPluginManager: Mounting plugin CustomMeshComponent
LogPluginManager: Mounting plugin EditableMesh
LogPluginManager: Mounting plugin ExampleDeviceProfileSelector
LogPluginManager: Mounting plugin GoogleCloudMessaging
LogPluginManager: Mounting plugin GooglePAD
LogPluginManager: Mounting plugin IOSDeviceProfileSelector
LogPluginManager: Mounting plugin LinuxDeviceProfileSelector
LogPluginManager: Mounting plugin LocationServicesBPLibrary
LogPluginManager: Mounting plugin MobilePatchingUtils
LogPluginManager: Mounting plugin OculusVR
LogPluginManager: Mounting plugin PhysXVehicles
LogPluginManager: Mounting plugin PostSplashScreen
LogPluginManager: Mounting plugin ProceduralMeshComponent
LogPluginManager: Mounting plugin RuntimePhysXCooking
LogPluginManager: Mounting plugin SignificanceManager
LogPluginManager: Mounting plugin SoundFields
LogPluginManager: Mounting plugin SteamVR
LogPluginManager: Mounting plugin Synthesis
LogPluginManager: Mounting plugin WebMMoviePlayer
LogPluginManager: Mounting plugin WindowsMoviePlayer
LogPluginManager: Mounting plugin ScreenshotTools
LogInit: Using libcurl 7.55.1-DEV
LogInit:  - built for x86_64-pc-win32
LogInit:  - supports SSL with OpenSSL/1.1.1
LogInit:  - supports HTTP deflate (compression) using libz 1.2.8
LogInit:  - other features:
LogInit:      CURL_VERSION_SSL
LogInit:      CURL_VERSION_LIBZ
LogInit:      CURL_VERSION_IPV6
LogInit:      CURL_VERSION_ASYNCHDNS
LogInit:      CURL_VERSION_LARGEFILE
LogInit:      CURL_VERSION_IDN
LogInit:  CurlRequestOptions (configurable via config and command line):
LogInit:  - bVerifyPeer = true  - Libcurl will verify peer certificate
LogInit:  - bUseHttpProxy = false  - Libcurl will NOT use HTTP proxy
LogInit:  - bDontReuseConnections = false  - Libcurl will reuse connections
LogInit:  - MaxHostConnections = 16  - Libcurl will limit the number of connections to a host
LogInit:  - LocalHostAddr = Default
LogInit:  - BufferSize = 65536
LogOnline: OSS: Creating online subsystem instance for: NULL
LogInit: WinSock: version 1.1 (2.2), MaxSocks=32767, MaxUdp=65467
LogOnline: OSS: TryLoadSubsystemAndSetDefault: Loaded subsystem for module [NULL]
LogInit: Build: ++UE4+Release-4.25-CL-14469661
LogInit: Engine Version: 4.25.4-14469661+++UE4+Release-4.25
LogInit: Compatible Engine Version: 4.25.0-13144385+++UE4+Release-4.25
LogInit: Net CL: 13144385
LogInit: OS: Windows 10 (Release 1909) (), CPU: Intel(R) Core(TM) i5-8265U CPU @ 1.60GHz, GPU: Intel(R) UHD Graphics 620
LogInit: Compiled (64-bit): Oct 11 2020 08:10:49
LogInit: Compiled with Visual C++: 19.24.28315.00
LogInit: Build Configuration: Development
LogInit: Branch Name: ++UE4+Release-4.25
LogInit: Command Line:  -EpicPortal -epicusername=ralle.jacobsson -epicuserid=df1c9455e3f349f5a0e60309858c95f8 -epiclocale=en -epicsandboxid=ue
LogInit: Base Directory: C:/Unreal/UE_4.25/Engine/Binaries/Win64/
LogInit: Allocator: TBB
LogInit: Installed Engine Build: 1
LogDevObjectVersion: Number of dev versions registered: 26
LogDevObjectVersion:   Dev-Blueprints (B0D832E4-1F89-4F0D-ACCF-7EB736FD4AA2): 10
LogDevObjectVersion:   Dev-Build (E1C64328-A22C-4D53-A36C-8E866417BD8C): 0
LogDevObjectVersion:   Dev-Core (375EC13C-06E4-48FB-B500-84F0262A717E): 4
LogDevObjectVersion:   Dev-Editor (E4B068ED-F494-42E9-A231-DA0B2E46BB41): 38
LogDevObjectVersion:   Dev-Framework (CFFC743F-43B0-4480-9391-14DF171D2073): 37
LogDevObjectVersion:   Dev-Mobile (B02B49B5-BB20-44E9-A304-32B752E40360): 2
LogDevObjectVersion:   Dev-Networking (A4E4105C-59A1-49B5-A7C5-40C4547EDFEE): 0
LogDevObjectVersion:   Dev-Online (39C831C9-5AE6-47DC-9A44-9C173E1C8E7C): 0
LogDevObjectVersion:   Dev-Physics (78F01B33-EBEA-4F98-B9B4-84EACCB95AA2): 4
LogDevObjectVersion:   Dev-Platform (6631380F-2D4D-43E0-8009-CF276956A95A): 0
LogDevObjectVersion:   Dev-Rendering (12F88B9F-8875-4AFC-A67C-D90C383ABD29): 43
LogDevObjectVersion:   Dev-Sequencer (7B5AE74C-D270-4C10-A958-57980B212A5A): 12
LogDevObjectVersion:   Dev-VR (D7296918-1DD6-4BDD-9DE2-64A83CC13884): 3
LogDevObjectVersion:   Dev-LoadTimes (C2A15278-BFE7-4AFE-6C17-90FF531DF755): 1
LogDevObjectVersion:   Private-Geometry (6EACA3D4-40EC-4CC1-B786-8BED09428FC5): 3
LogDevObjectVersion:   Dev-AnimPhys (29E575DD-E0A3-4627-9D10-D276232CDCEA): 17
LogDevObjectVersion:   Dev-Anim (AF43A65D-7FD3-4947-9873-3E8ED9C1BB05): 7
LogDevObjectVersion:   Dev-ReflectionCapture (6B266CEC-1EC7-4B8F-A30B-E4D90942FC07): 1
LogDevObjectVersion:   Dev-Automation (0DF73D61-A23F-47EA-B727-89E90C41499A): 1
LogDevObjectVersion:   FortniteMain (601D1886-AC64-4F84-AA16-D3DE0DEAC7D6): 31
LogDevObjectVersion:   Dev-Enterprise (9DFFBCD6-494F-0158-E221-12823C92A888): 10
LogDevObjectVersion:   Dev-Niagara (F2AED0AC-9AFE-416F-8664-AA7FFA26D6FC): 1
LogDevObjectVersion:   Dev-Destruction (174F1F0B-B4C6-45A5-B13F-2EE8D0FB917D): 10
LogDevObjectVersion:   Dev-Physics-Ext (35F94A83-E258-406C-A318-09F59610247C): 37
LogDevObjectVersion:   Dev-PhysicsMaterial-Chaos (B68FC16E-8B1B-42E2-B453-215C058844FE): 1
LogDevObjectVersion:   Dev-CineCamera (B2E18506-4273-CFC2-A54E-F4BB758BBA07): 1
LogInit: Presizing for max 25165824 objects, including 0 objects not considered by GC, pre-allocating 0 bytes for permanent pool.
LogConfig: Applying CVar settings from Section [/Script/Engine.StreamingSettings] File [C:/Users/rasmus.jacobsson/Documents/GitHub/Deathbattle7.0/Saved/Config/Windows/Engine.ini]
LogConfig: Setting CVar [[s.MinBulkDataSizeForAsyncLoading:131072]]
LogConfig: Setting CVar [[s.AsyncLoadingThreadEnabled:0]]
LogConfig: Setting CVar [[s.EventDrivenLoaderEnabled:1]]
LogConfig: Setting CVar [[s.WarnIfTimeLimitExceeded:0]]
LogConfig: Setting CVar [[s.TimeLimitExceededMultiplier:1.5]]
LogConfig: Setting CVar [[s.TimeLimitExceededMinTime:0.005]]
LogConfig: Setting CVar [[s.UseBackgroundLevelStreaming:1]]
LogConfig: Setting CVar [[s.PriorityAsyncLoadingExtraTime:15.0]]
LogConfig: Setting CVar [[s.LevelStreamingActorsUpdateTimeLimit:5.0]]
LogConfig: Setting CVar [[s.PriorityLevelStreamingActorsUpdateExtraTime:5.0]]
LogConfig: Setting CVar [[s.LevelStreamingComponentsRegistrationGranularity:10]]
LogConfig: Setting CVar [[s.UnregisterComponentsTimeLimit:1.0]]
LogConfig: Setting CVar [[s.LevelStreamingComponentsUnregistrationGranularity:5]]
LogConfig: Setting CVar [[s.FlushStreamingOnExit:1]]
LogInit: Object subsystem initialized
LogConfig: Setting CVar [[con.DebugEarlyDefault:1]]
LogConfig: Setting CVar [[r.setres:1280x720]]
[2022.01.17-21.58.33:145][  0]LogConfig: Setting CVar [[r.VSync:0]]
[2022.01.17-21.58.33:145][  0]LogConfig: Setting CVar [[r.RHICmdBypass:0]]
[2022.01.17-21.58.33:146][  0]LogConfig: Applying CVar settings from Section [/Script/Engine.RendererSettings] File [C:/Users/rasmus.jacobsson/Documents/GitHub/Deathbattle7.0/Saved/Config/Windows/Engine.ini]
[2022.01.17-21.58.33:146][  0]LogConfig: Setting CVar [[r.GPUCrashDebugging:0]]
[2022.01.17-21.58.33:146][  0]LogConfig: Applying CVar settings from Section [/Script/Engine.RendererOverrideSettings] File [C:/Users/rasmus.jacobsson/Documents/GitHub/Deathbattle7.0/Saved/Config/Windows/Engine.ini]
[2022.01.17-21.58.33:146][  0]LogConfig: Applying CVar settings from Section [/Script/Engine.StreamingSettings] File [C:/Users/rasmus.jacobsson/Documents/GitHub/Deathbattle7.0/Saved/Config/Windows/Engine.ini]
[2022.01.17-21.58.33:146][  0]LogConfig: Setting CVar [[s.MinBulkDataSizeForAsyncLoading:131072]]
[2022.01.17-21.58.33:146][  0]LogConfig: Setting CVar [[s.AsyncLoadingThreadEnabled:0]]
[2022.01.17-21.58.33:146][  0]LogConfig: Setting CVar [[s.EventDrivenLoaderEnabled:1]]
[2022.01.17-21.58.33:146][  0]LogConfig: Setting CVar [[s.WarnIfTimeLimitExceeded:0]]
[2022.01.17-21.58.33:146][  0]LogConfig: Setting CVar [[s.TimeLimitExceededMultiplier:1.5]]
[2022.01.17-21.58.33:146][  0]LogConfig: Setting CVar [[s.TimeLimitExceededMinTime:0.005]]
[2022.01.17-21.58.33:146][  0]LogConfig: Setting CVar [[s.UseBackgroundLevelStreaming:1]]
[2022.01.17-21.58.33:146][  0]LogConfig: Setting CVar [[s.PriorityAsyncLoadingExtraTime:15.0]]
[2022.01.17-21.58.33:146][  0]LogConfig: Setting CVar [[s.LevelStreamingActorsUpdateTimeLimit:5.0]]
[2022.01.17-21.58.33:146][  0]LogConfig: Setting CVar [[s.PriorityLevelStreamingActorsUpdateExtraTime:5.0]]
[2022.01.17-21.58.33:146][  0]LogConfig: Setting CVar [[s.LevelStreamingComponentsRegistrationGranularity:10]]
[2022.01.17-21.58.33:146][  0]LogConfig: Setting CVar [[s.UnregisterComponentsTimeLimit:1.0]]
[2022.01.17-21.58.33:146][  0]LogConfig: Setting CVar [[s.LevelStreamingComponentsUnregistrationGranularity:5]]
[2022.01.17-21.58.33:146][  0]LogConfig: Setting CVar [[s.FlushStreamingOnExit:1]]
[2022.01.17-21.58.33:146][  0]LogConfig: Applying CVar settings from Section [/Script/Engine.GarbageCollectionSettings] File [C:/Users/rasmus.jacobsson/Documents/GitHub/Deathbattle7.0/Saved/Config/Windows/Engine.ini]
[2022.01.17-21.58.33:146][  0]LogConfig: Setting CVar [[gc.MaxObjectsNotConsideredByGC:1]]
[2022.01.17-21.58.33:146][  0]LogConfig: Setting CVar [[gc.SizeOfPermanentObjectPool:0]]
[2022.01.17-21.58.33:146][  0]LogConfig: Setting CVar [[gc.FlushStreamingOnGC:0]]
[2022.01.17-21.58.33:146][  0]LogConfig: Setting CVar [[gc.NumRetriesBeforeForcingGC:10]]
[2022.01.17-21.58.33:146][  0]LogConfig: Setting CVar [[gc.AllowParallelGC:1]]
[2022.01.17-21.58.33:146][  0]LogConfig: Setting CVar [[gc.TimeBetweenPurgingPendingKillObjects:61.1]]
[2022.01.17-21.58.33:146][  0]LogConfig: Setting CVar [[gc.MaxObjectsInEditor:25165824]]
[2022.01.17-21.58.33:146][  0]LogConfig: Setting CVar [[gc.IncrementalBeginDestroyEnabled:1]]
[2022.01.17-21.58.33:146][  0]LogConfig: Setting CVar [[gc.CreateGCClusters:1]]
[2022.01.17-21.58.33:146][  0]LogConfig: Setting CVar [[gc.MinGCClusterSize:5]]
[2022.01.17-21.58.33:146][  0]LogConfig: Setting CVar [[gc.ActorClusteringEnabled:0]]
[2022.01.17-21.58.33:146][  0]LogConfig: Setting CVar [[gc.BlueprintClusteringEnabled:0]]
[2022.01.17-21.58.33:146][  0]LogConfig: Setting CVar [[gc.UseDisregardForGCOnDedicatedServers:0]]
[2022.01.17-21.58.33:146][  0]LogConfig: Applying CVar settings from Section [/Script/Engine.NetworkSettings] File [C:/Users/rasmus.jacobsson/Documents/GitHub/Deathbattle7.0/Saved/Config/Windows/Engine.ini]
[2022.01.17-21.58.33:146][  0]LogConfig: Applying CVar settings from Section [/Script/UnrealEd.CookerSettings] File [C:/Users/rasmus.jacobsson/Documents/GitHub/Deathbattle7.0/Saved/Config/Windows/Engine.ini]
[2022.01.17-21.58.33:150][  0]LogConfig: Applying CVar settings from Section [ViewDistanceQuality@3] File [C:/Users/rasmus.jacobsson/Documents/GitHub/Deathbattle7.0/Saved/Config/Windows/Scalability.ini]
[2022.01.17-21.58.33:150][  0]LogConfig: Setting CVar [[r.SkeletalMeshLODBias:0]]
[2022.01.17-21.58.33:150][  0]LogConfig: Setting CVar [[r.ViewDistanceScale:1.0]]
[2022.01.17-21.58.33:150][  0]LogConfig: Applying CVar settings from Section [AntiAliasingQuality@3] File [C:/Users/rasmus.jacobsson/Documents/GitHub/Deathbattle7.0/Saved/Config/Windows/Scalability.ini]
[2022.01.17-21.58.33:150][  0]LogConfig: Setting CVar [[r.PostProcessAAQuality:4]]
[2022.01.17-21.58.33:150][  0]LogConfig: Applying CVar settings from Section [ShadowQuality@3] File [C:/Users/rasmus.jacobsson/Documents/GitHub/Deathbattle7.0/Saved/Config/Windows/Scalability.ini]
[2022.01.17-21.58.33:150][  0]LogConfig: Setting CVar [[r.LightFunctionQuality:1]]
[2022.01.17-21.58.33:150][  0]LogConfig: Setting CVar [[r.ShadowQuality:5]]
[2022.01.17-21.58.33:150][  0]LogConfig: Setting CVar [[r.Shadow.CSM.MaxCascades:10]]
[2022.01.17-21.58.33:150][  0]LogConfig: Setting CVar [[r.Shadow.MaxResolution:2048]]
[2022.01.17-21.58.33:150][  0]LogConfig: Setting CVar [[r.Shadow.MaxCSMResolution:2048]]
[2022.01.17-21.58.33:150][  0]LogConfig: Setting CVar [[r.Shadow.RadiusThreshold:0.01]]
[2022.01.17-21.58.33:150][  0]LogConfig: Setting CVar [[r.Shadow.DistanceScale:1.0]]
[2022.01.17-21.58.33:150][  0]LogConfig: Setting CVar [[r.Shadow.CSM.TransitionScale:1.0]]
[2022.01.17-21.58.33:150][  0]LogConfig: Setting CVar [[r.Shadow.PreShadowResolutionFactor:1.0]]
[2022.01.17-21.58.33:150][  0]LogConfig: Setting CVar [[r.DistanceFieldShadowing:1]]
[2022.01.17-21.58.33:150][  0]LogConfig: Setting CVar [[r.DistanceFieldAO:1]]
[2022.01.17-21.58.33:150][  0]LogConfig: Setting CVar [[r.AOQuality:2]]
[2022.01.17-21.58.33:151][  0]LogConfig: Setting CVar [[r.VolumetricFog:1]]
[2022.01.17-21.58.33:151][  0]LogConfig: Setting CVar [[r.VolumetricFog.GridPixelSize:8]]
[2022.01.17-21.58.33:151][  0]LogConfig: Setting CVar [[r.VolumetricFog.GridSizeZ:128]]
[2022.01.17-21.58.33:151][  0]LogConfig: Setting CVar [[r.VolumetricFog.HistoryMissSupersampleCount:4]]
[2022.01.17-21.58.33:151][  0]LogConfig: Setting CVar [[r.LightMaxDrawDistanceScale:1]]
[2022.01.17-21.58.33:151][  0]LogConfig: Setting CVar [[r.CapsuleShadows:1]]
[2022.01.17-21.58.33:151][  0]LogConfig: Applying CVar settings from Section [PostProcessQuality@3] File [C:/Users/rasmus.jacobsson/Documents/GitHub/Deathbattle7.0/Saved/Config/Windows/Scalability.ini]
[2022.01.17-21.58.33:151][  0]LogConfig: Setting CVar [[r.MotionBlurQuality:4]]
[2022.01.17-21.58.33:151][  0]LogConfig: Setting CVar [[r.AmbientOcclusionMipLevelFactor:0.4]]
[2022.01.17-21.58.33:151][  0]LogConfig: Setting CVar [[r.AmbientOcclusionMaxQuality:100]]
[2022.01.17-21.58.33:151][  0]LogConfig: Setting CVar [[r.AmbientOcclusionLevels:-1]]
[2022.01.17-21.58.33:151][  0]LogConfig: Setting CVar [[r.AmbientOcclusionRadiusScale:1.0]]
[2022.01.17-21.58.33:151][  0]LogConfig: Setting CVar [[r.DepthOfFieldQuality:2]]
[2022.01.17-21.58.33:151][  0]LogConfig: Setting CVar [[r.RenderTargetPoolMin:400]]
[2022.01.17-21.58.33:151][  0]LogConfig: Setting CVar [[r.LensFlareQuality:2]]
[2022.01.17-21.58.33:151][  0]LogConfig: Setting CVar [[r.SceneColorFringeQuality:1]]
[2022.01.17-21.58.33:151][  0]LogConfig: Setting CVar [[r.EyeAdaptationQuality:2]]
[2022.01.17-21.58.33:151][  0]LogConfig: Setting CVar [[r.BloomQuality:5]]
[2022.01.17-21.58.33:151][  0]LogConfig: Setting CVar [[r.FastBlurThreshold:100]]
[2022.01.17-21.58.33:151][  0]LogConfig: Setting CVar [[r.Upscale.Quality:3]]
[2022.01.17-21.58.33:151][  0]LogConfig: Setting CVar [[r.Tonemapper.GrainQuantization:1]]
[2022.01.17-21.58.33:151][  0]LogConfig: Setting CVar [[r.LightShaftQuality:1]]
[2022.01.17-21.58.33:151][  0]LogConfig: Setting CVar [[r.Filter.SizeScale:1]]
[2022.01.17-21.58.33:151][  0]LogConfig: Setting CVar [[r.Tonemapper.Quality:5]]
[2022.01.17-21.58.33:151][  0]LogConfig: Setting CVar [[r.DOF.Gather.AccumulatorQuality:1        ; higher gathering accumulator quality]]
[2022.01.17-21.58.33:151][  0]LogConfig: Setting CVar [[r.DOF.Gather.PostfilterMethod:1          ; Median3x3 postfilering method]]
[2022.01.17-21.58.33:151][  0]LogConfig: Setting CVar [[r.DOF.Gather.EnableBokehSettings:0       ; no bokeh simulation when gathering]]
[2022.01.17-21.58.33:151][  0]LogConfig: Setting CVar [[r.DOF.Gather.RingCount:4                 ; medium number of samples when gathering]]
[2022.01.17-21.58.33:151][  0]LogConfig: Setting CVar [[r.DOF.Scatter.ForegroundCompositing:1    ; additive foreground scattering]]
[2022.01.17-21.58.33:151][  0]LogConfig: Setting CVar [[r.DOF.Scatter.BackgroundCompositing:2    ; additive background scattering]]
[2022.01.17-21.58.33:151][  0]LogConfig: Setting CVar [[r.DOF.Scatter.EnableBokehSettings:1      ; bokeh simulation when scattering]]
[2022.01.17-21.58.33:152][  0]LogConfig: Setting CVar [[r.DOF.Scatter.MaxSpriteRatio:0.1         ; only a maximum of 10% of scattered bokeh]]
[2022.01.17-21.58.33:152][  0]LogConfig: Setting CVar [[r.DOF.Recombine.Quality:1                ; cheap slight out of focus]]
[2022.01.17-21.58.33:152][  0]LogConfig: Setting CVar [[r.DOF.Recombine.EnableBokehSettings:0    ; no bokeh simulation on slight out of focus]]
[2022.01.17-21.58.33:152][  0]LogConfig: Setting CVar [[r.DOF.TemporalAAQuality:1                ; more stable temporal accumulation]]
[2022.01.17-21.58.33:152][  0]LogConfig: Setting CVar [[r.DOF.Kernel.MaxForegroundRadius:0.025]]
[2022.01.17-21.58.33:152][  0]LogConfig: Setting CVar [[r.DOF.Kernel.MaxBackgroundRadius:0.025]]
[2022.01.17-21.58.33:152][  0]LogConfig: Applying CVar settings from Section [TextureQuality@3] File [C:/Users/rasmus.jacobsson/Documents/GitHub/Deathbattle7.0/Saved/Config/Windows/Scalability.ini]
[2022.01.17-21.58.33:152][  0]LogConfig: Setting CVar [[r.Streaming.MipBias:0]]
[2022.01.17-21.58.33:152][  0]LogConfig: Setting CVar [[r.Streaming.AmortizeCPUToGPUCopy:0]]
[2022.01.17-21.58.33:152][  0]LogConfig: Setting CVar [[r.Streaming.MaxNumTexturesToStreamPerFrame:0]]
[2022.01.17-21.58.33:152][  0]LogConfig: Setting CVar [[r.Streaming.Boost:1]]
[2022.01.17-21.58.33:152][  0]LogConfig: Setting CVar [[r.MaxAnisotropy:8]]
[2022.01.17-21.58.33:152][  0]LogConfig: Setting CVar [[r.VT.MaxAnisotropy:8]]
[2022.01.17-21.58.33:152][  0]LogConfig: Setting CVar [[r.Streaming.LimitPoolSizeToVRAM:0]]
[2022.01.17-21.58.33:152][  0]LogConfig: Setting CVar [[r.Streaming.PoolSize:1000]]
[2022.01.17-21.58.33:152][  0]LogConfig: Setting CVar [[r.Streaming.MaxEffectiveScreenSize:0]]
[2022.01.17-21.58.33:152][  0]LogConfig: Applying CVar settings from Section [EffectsQuality@3] File [C:/Users/rasmus.jacobsson/Documents/GitHub/Deathbattle7.0/Saved/Config/Windows/Scalability.ini]
[2022.01.17-21.58.33:152][  0]LogConfig: Setting CVar [[r.TranslucencyLightingVolumeDim:64]]
[2022.01.17-21.58.33:152][  0]LogConfig: Setting CVar [[r.RefractionQuality:2]]
[2022.01.17-21.58.33:152][  0]LogConfig: Setting CVar [[r.SSR.Quality:3]]
[2022.01.17-21.58.33:152][  0]LogConfig: Setting CVar [[r.SSR.HalfResSceneColor:0]]
[2022.01.17-21.58.33:152][  0]LogConfig: Setting CVar [[r.SceneColorFormat:4]]
[2022.01.17-21.58.33:152][  0]LogConfig: Setting CVar [[r.DetailMode:2]]
[2022.01.17-21.58.33:152][  0]LogConfig: Setting CVar [[r.TranslucencyVolumeBlur:1]]
[2022.01.17-21.58.33:152][  0]LogConfig: Setting CVar [[r.MaterialQualityLevel:1 ; High quality]]
[2022.01.17-21.58.33:152][  0]LogConfig: Setting CVar [[r.SSS.Scale:1]]
[2022.01.17-21.58.33:152][  0]LogConfig: Setting CVar [[r.SSS.SampleSet:2]]
[2022.01.17-21.58.33:152][  0]LogConfig: Setting CVar [[r.SSS.Quality:1]]
[2022.01.17-21.58.33:152][  0]LogConfig: Setting CVar [[r.SSS.HalfRes:0]]
[2022.01.17-21.58.33:152][  0]LogConfig: Setting CVar [[r.SSGI.Quality:3]]
[2022.01.17-21.58.33:152][  0]LogConfig: Setting CVar [[r.EmitterSpawnRateScale:1.0]]
[2022.01.17-21.58.33:153][  0]LogConfig: Setting CVar [[r.ParticleLightQuality:2]]
[2022.01.17-21.58.33:153][  0]LogConfig: Setting CVar [[r.SkyAtmosphere.AerialPerspectiveLUT.FastApplyOnOpaque:1 ; Always have FastSkyLUT 1 in this case to avoid wrong sky]]
[2022.01.17-21.58.33:153][  0]LogConfig: Setting CVar [[r.SkyAtmosphere.AerialPerspectiveLUT.SampleCountPerSlice:1]]
[2022.01.17-21.58.33:153][  0]LogConfig: Setting CVar [[r.SkyAtmosphere.AerialPerspectiveLUT.DepthResolution:16.0]]
[2022.01.17-21.58.33:153][  0]LogConfig: Setting CVar [[r.SkyAtmosphere.FastSkyLUT:1]]
[2022.01.17-21.58.33:153][  0]LogConfig: Setting CVar [[r.SkyAtmosphere.FastSkyLUT.SampleCountMin:4.0]]
[2022.01.17-21.58.33:153][  0]LogConfig: Setting CVar [[r.SkyAtmosphere.FastSkyLUT.SampleCountMax:32.0]]
[2022.01.17-21.58.33:153][  0]LogConfig: Setting CVar [[r.SkyAtmosphere.SampleCountMin:4.0]]
[2022.01.17-21.58.33:153][  0]LogConfig: Setting CVar [[r.SkyAtmosphere.SampleCountMax:32.0]]
[2022.01.17-21.58.33:153][  0]LogConfig: Setting CVar [[r.SkyAtmosphere.TransmittanceLUT.UseSmallFormat:0]]
[2022.01.17-21.58.33:153][  0]LogConfig: Setting CVar [[r.SkyAtmosphere.TransmittanceLUT.SampleCount:10.0]]
[2022.01.17-21.58.33:153][  0]LogConfig: Setting CVar [[r.SkyAtmosphere.MultiScatteringLUT.SampleCount:15.0]]
[2022.01.17-21.58.33:153][  0]LogConfig: Applying CVar settings from Section [FoliageQuality@3] File [C:/Users/rasmus.jacobsson/Documents/GitHub/Deathbattle7.0/Saved/Config/Windows/Scalability.ini]
[2022.01.17-21.58.33:153][  0]LogConfig: Setting CVar [[foliage.DensityScale:1.0]]
[2022.01.17-21.58.33:153][  0]LogConfig: Setting CVar [[grass.DensityScale:1.0]]
[2022.01.17-21.58.33:153][  0]LogConfig: Applying CVar settings from Section [ShadingQuality@3] File [C:/Users/rasmus.jacobsson/Documents/GitHub/Deathbattle7.0/Saved/Config/Windows/Scalability.ini]
[2022.01.17-21.58.33:153][  0]LogConfig: Setting CVar [[r.HairStrands.SkyLighting.SampleCount:16]]
[2022.01.17-21.58.33:153][  0]LogConfig: Setting CVar [[r.HairStrands.SkyLighting.JitterIntegration:0]]
[2022.01.17-21.58.33:153][  0]LogConfig: Setting CVar [[r.HairStrands.SkyAO.SampleCount:16]]
[2022.01.17-21.58.33:153][  0]LogConfig: Setting CVar [[r.HairStrands.DeepShadow.SuperSampling:0]]
[2022.01.17-21.58.33:153][  0]LogConfig: Setting CVar [[r.HairStrands.VisibilityPPLL:0]]
[2022.01.17-21.58.33:153][  0]LogConfig: Setting CVar [[r.HairStrands.RasterizationScale:0.5]]
[2022.01.17-21.58.33:153][  0]LogConfig: Setting CVar [[r.HairStrands.VelocityRasterizationScale:1]]
[2022.01.17-21.58.33:153][  0]LogInit: Selected Device Profile: [Windows]
[2022.01.17-21.58.33:153][  0]LogInit: Applying CVar settings loaded from the selected device profile: [Windows]
[2022.01.17-21.58.33:153][  0]LogHAL: Display: Platform has ~ 16 GB [17044439040 / 17179869184 / 16], which maps to Larger [LargestMinGB=32, LargerMinGB=12, DefaultMinGB=8, SmallerMinGB=6, SmallestMinGB=0)
[2022.01.17-21.58.33:154][  0]LogInit: Going up to parent DeviceProfile []
[2022.01.17-21.58.33:154][  0]LogConfig: Applying CVar settings from Section [ViewDistanceQuality@0] File [C:/Users/rasmus.jacobsson/Documents/GitHub/Deathbattle7.0/Saved/Config/Windows/Scalability.ini]
[2022.01.17-21.58.33:154][  0]LogConfig: Setting CVar [[r.SkeletalMeshLODBias:2]]
[2022.01.17-21.58.33:154][  0]LogConfig: Setting CVar [[r.ViewDistanceScale:0.4]]
[2022.01.17-21.58.33:154][  0]LogConfig: Applying CVar settings from Section [AntiAliasingQuality@0] File [C:/Users/rasmus.jacobsson/Documents/GitHub/Deathbattle7.0/Saved/Config/Windows/Scalability.ini]
[2022.01.17-21.58.33:154][  0]LogConfig: Setting CVar [[r.PostProcessAAQuality:0]]
[2022.01.17-21.58.33:154][  0]LogConfig: Applying CVar settings from Section [ShadowQuality@0] File [C:/Users/rasmus.jacobsson/Documents/GitHub/Deathbattle7.0/Saved/Config/Windows/Scalability.ini]
[2022.01.17-21.58.33:154][  0]LogConfig: Setting CVar [[r.LightFunctionQuality:0]]
[2022.01.17-21.58.33:154][  0]LogConfig: Setting CVar [[r.ShadowQuality:0]]
[2022.01.17-21.58.33:154][  0]LogConfig: Setting CVar [[r.Shadow.CSM.MaxCascades:1]]
[2022.01.17-21.58.33:154][  0]LogConfig: Setting CVar [[r.Shadow.MaxResolution:512]]
[2022.01.17-21.58.33:154][  0]LogConfig: Setting CVar [[r.Shadow.MaxCSMResolution:512]]
[2022.01.17-21.58.33:154][  0]LogConfig: Setting CVar [[r.Shadow.RadiusThreshold:0.06]]
[2022.01.17-21.58.33:154][  0]LogConfig: Setting CVar [[r.Shadow.DistanceScale:0.6]]
[2022.01.17-21.58.33:154][  0]LogConfig: Setting CVar [[r.Shadow.CSM.TransitionScale:0]]
[2022.01.17-21.58.33:154][  0]LogConfig: Setting CVar [[r.Shadow.PreShadowResolutionFactor:0.5]]
[2022.01.17-21.58.33:154][  0]LogConfig: Setting CVar [[r.DistanceFieldShadowing:0]]
[2022.01.17-21.58.33:154][  0]LogConfig: Setting CVar [[r.DistanceFieldAO:0]]
[2022.01.17-21.58.33:154][  0]LogConfig: Setting CVar [[r.VolumetricFog:0]]
[2022.01.17-21.58.33:154][  0]LogConfig: Setting CVar [[r.LightMaxDrawDistanceScale:0]]
[2022.01.17-21.58.33:154][  0]LogConfig: Setting CVar [[r.CapsuleShadows:0]]
[2022.01.17-21.58.33:154][  0]LogConfig: Applying CVar settings from Section [PostProcessQuality@0] File [C:/Users/rasmus.jacobsson/Documents/GitHub/Deathbattle7.0/Saved/Config/Windows/Scalability.ini]
[2022.01.17-21.58.33:154][  0]LogConfig: Setting CVar [[r.MotionBlurQuality:0]]
[2022.01.17-21.58.33:154][  0]LogConfig: Setting CVar [[r.AmbientOcclusionMipLevelFactor:1.0]]
[2022.01.17-21.58.33:154][  0]LogConfig: Setting CVar [[r.AmbientOcclusionMaxQuality:0]]
[2022.01.17-21.58.33:154][  0]LogConfig: Setting CVar [[r.AmbientOcclusionLevels:0]]
[2022.01.17-21.58.33:154][  0]LogConfig: Setting CVar [[r.AmbientOcclusionRadiusScale:1.2]]
[2022.01.17-21.58.33:154][  0]LogConfig: Setting CVar [[r.DepthOfFieldQuality:0]]
[2022.01.17-21.58.33:155][  0]LogConfig: Setting CVar [[r.RenderTargetPoolMin:300]]
[2022.01.17-21.58.33:155][  0]LogConfig: Setting CVar [[r.LensFlareQuality:0]]
[2022.01.17-21.58.33:155][  0]LogConfig: Setting CVar [[r.SceneColorFringeQuality:0]]
[2022.01.17-21.58.33:155][  0]LogConfig: Setting CVar [[r.EyeAdaptationQuality:0]]
[2022.01.17-21.58.33:155][  0]LogConfig: Setting CVar [[r.BloomQuality:4]]
[2022.01.17-21.58.33:155][  0]LogConfig: Setting CVar [[r.FastBlurThreshold:0]]
[2022.01.17-21.58.33:155][  0]LogConfig: Setting CVar [[r.Upscale.Quality:1]]
[2022.01.17-21.58.33:155][  0]LogConfig: Setting CVar [[r.Tonemapper.GrainQuantization:0]]
[2022.01.17-21.58.33:155][  0]LogConfig: Setting CVar [[r.LightShaftQuality:0]]
[2022.01.17-21.58.33:155][  0]LogConfig: Setting CVar [[r.Filter.SizeScale:0.6]]
[2022.01.17-21.58.33:155][  0]LogConfig: Setting CVar [[r.Tonemapper.Quality:0]]
[2022.01.17-21.58.33:155][  0]LogConfig: Applying CVar settings from Section [TextureQuality@0] File [C:/Users/rasmus.jacobsson/Documents/GitHub/Deathbattle7.0/Saved/Config/Windows/Scalability.ini]
[2022.01.17-21.58.33:155][  0]LogConfig: Setting CVar [[r.Streaming.MipBias:16]]
[2022.01.17-21.58.33:155][  0]LogConfig: Setting CVar [[r.Streaming.AmortizeCPUToGPUCopy:1]]
[2022.01.17-21.58.33:155][  0]LogConfig: Setting CVar [[r.Streaming.MaxNumTexturesToStreamPerFrame:1]]
[2022.01.17-21.58.33:155][  0]LogConfig: Setting CVar [[r.Streaming.Boost:0.3]]
[2022.01.17-21.58.33:155][  0]LogConfig: Setting CVar [[r.MaxAnisotropy:0]]
[2022.01.17-21.58.33:155][  0]LogConfig: Setting CVar [[r.VT.MaxAnisotropy:4]]
[2022.01.17-21.58.33:155][  0]LogConfig: Setting CVar [[r.Streaming.LimitPoolSizeToVRAM:1]]
[2022.01.17-21.58.33:155][  0]LogConfig: Setting CVar [[r.Streaming.PoolSize:400]]
[2022.01.17-21.58.33:155][  0]LogConfig: Setting CVar [[r.Streaming.MaxEffectiveScreenSize:0]]
[2022.01.17-21.58.33:155][  0]LogConfig: Applying CVar settings from Section [EffectsQuality@0] File [C:/Users/rasmus.jacobsson/Documents/GitHub/Deathbattle7.0/Saved/Config/Windows/Scalability.ini]
[2022.01.17-21.58.33:155][  0]LogConfig: Setting CVar [[r.TranslucencyLightingVolumeDim:24]]
[2022.01.17-21.58.33:155][  0]LogConfig: Setting CVar [[r.RefractionQuality:0]]
[2022.01.17-21.58.33:155][  0]LogConfig: Setting CVar [[r.SSR.Quality:0]]
[2022.01.17-21.58.33:155][  0]LogConfig: Setting CVar [[r.SSR.HalfResSceneColor:1]]
[2022.01.17-21.58.33:155][  0]LogConfig: Setting CVar [[r.SceneColorFormat:3]]
[2022.01.17-21.58.33:155][  0]LogConfig: Setting CVar [[r.DetailMode:0]]
[2022.01.17-21.58.33:155][  0]LogConfig: Setting CVar [[r.TranslucencyVolumeBlur:0]]
[2022.01.17-21.58.33:155][  0]LogConfig: Setting CVar [[r.MaterialQualityLevel:0 ; Low quality]]
[2022.01.17-21.58.33:155][  0]LogConfig: Setting CVar [[r.SSS.Scale:0]]
[2022.01.17-21.58.33:155][  0]LogConfig: Setting CVar [[r.SSS.SampleSet:0]]
[2022.01.17-21.58.33:156][  0]LogConfig: Setting CVar [[r.SSS.Quality:0]]
[2022.01.17-21.58.33:156][  0]LogConfig: Setting CVar [[r.SSS.HalfRes:1]]
[2022.01.17-21.58.33:156][  0]LogConfig: Setting CVar [[r.SSGI.Quality:0]]
[2022.01.17-21.58.33:156][  0]LogConfig: Setting CVar [[r.EmitterSpawnRateScale:0.125]]
[2022.01.17-21.58.33:156][  0]LogConfig: Setting CVar [[r.ParticleLightQuality:0]]
[2022.01.17-21.58.33:156][  0]LogConfig: Setting CVar [[r.SkyAtmosphere.AerialPerspectiveLUT.FastApplyOnOpaque:1 ; Always have FastSkyLUT 1 in this case to avoid wrong sky]]
[2022.01.17-21.58.33:157][  0]LogConfig: Setting CVar [[r.SkyAtmosphere.AerialPerspectiveLUT.SampleCountPerSlice:1]]
[2022.01.17-21.58.33:157][  0]LogConfig: Setting CVar [[r.SkyAtmosphere.AerialPerspectiveLUT.DepthResolution:8.0]]
[2022.01.17-21.58.33:157][  0]LogConfig: Setting CVar [[r.SkyAtmosphere.FastSkyLUT:1]]
[2022.01.17-21.58.33:157][  0]LogConfig: Setting CVar [[r.SkyAtmosphere.FastSkyLUT.SampleCountMin:2.0]]
[2022.01.17-21.58.33:157][  0]LogConfig: Setting CVar [[r.SkyAtmosphere.FastSkyLUT.SampleCountMax:16.0]]
[2022.01.17-21.58.33:157][  0]LogConfig: Setting CVar [[r.SkyAtmosphere.SampleCountMin:2.0]]
[2022.01.17-21.58.33:157][  0]LogConfig: Setting CVar [[r.SkyAtmosphere.SampleCountMax:16.0]]
[2022.01.17-21.58.33:157][  0]LogConfig: Setting CVar [[r.SkyAtmosphere.TransmittanceLUT.UseSmallFormat:1]]
[2022.01.17-21.58.33:157][  0]LogConfig: Setting CVar [[r.SkyAtmosphere.TransmittanceLUT.SampleCount:10.0]]
[2022.01.17-21.58.33:157][  0]LogConfig: Setting CVar [[r.SkyAtmosphere.MultiScatteringLUT.SampleCount:15.0]]
[2022.01.17-21.58.33:157][  0]LogConfig: Applying CVar settings from Section [FoliageQuality@0] File [C:/Users/rasmus.jacobsson/Documents/GitHub/Deathbattle7.0/Saved/Config/Windows/Scalability.ini]
[2022.01.17-21.58.33:157][  0]LogConfig: Setting CVar [[foliage.DensityScale:0]]
[2022.01.17-21.58.33:157][  0]LogConfig: Setting CVar [[grass.DensityScale:0]]
[2022.01.17-21.58.33:157][  0]LogConfig: Applying CVar settings from Section [ShadingQuality@0] File [C:/Users/rasmus.jacobsson/Documents/GitHub/Deathbattle7.0/Saved/Config/Windows/Scalability.ini]
[2022.01.17-21.58.33:157][  0]LogConfig: Setting CVar [[r.HairStrands.SkyLighting.SampleCount:8]]
[2022.01.17-21.58.33:157][  0]LogConfig: Setting CVar [[r.HairStrands.SkyLighting.JitterIntegration:0]]
[2022.01.17-21.58.33:157][  0]LogConfig: Setting CVar [[r.HairStrands.SkyAO.SampleCount:8]]
[2022.01.17-21.58.33:157][  0]LogConfig: Setting CVar [[r.HairStrands.DeepShadow.SuperSampling:0]]
[2022.01.17-21.58.33:157][  0]LogConfig: Setting CVar [[r.HairStrands.VisibilityPPLL:0]]
[2022.01.17-21.58.33:157][  0]LogConfig: Setting CVar [[r.HairStrands.RasterizationScale:0.5]]
[2022.01.17-21.58.33:157][  0]LogConfig: Setting CVar [[r.HairStrands.VelocityRasterizationScale:1]]
[2022.01.17-21.58.33:157][  0]LogConfig: Applying CVar settings from Section [Startup] File [../../../Engine/Config/ConsoleVariables.ini]
[2022.01.17-21.58.33:157][  0]LogConfig: Setting CVar [[net.UseAdaptiveNetUpdateFrequency:0]]
[2022.01.17-21.58.33:157][  0]LogConfig: Setting CVar [[p.chaos.AllowCreatePhysxBodies:1]]
[2022.01.17-21.58.33:157][  0]LogConfig: Setting CVar [[fx.SkipVectorVMBackendOptimizations:1]]
[2022.01.17-21.58.33:157][  0]LogConfig: Applying CVar settings from Section [ConsoleVariables] File [C:/Users/rasmus.jacobsson/Documents/GitHub/Deathbattle7.0/Saved/Config/Windows/Engine.ini]
[2022.01.17-21.58.33:158][  0]LogInit: Computer: 5CD92376TC
[2022.01.17-21.58.33:158][  0]LogInit: User: rasmusjacobsson
[2022.01.17-21.58.33:158][  0]LogInit: CPU Page size=4096, Cores=4
[2022.01.17-21.58.33:158][  0]LogInit: High frequency timer resolution =10.000000 MHz
[2022.01.17-21.58.33:158][  0]LogMemory: Memory total: Physical=15.9GB (16GB approx)
[2022.01.17-21.58.33:158][  0]LogMemory: Platform Memory Stats for Windows
[2022.01.17-21.58.33:158][  0]LogMemory: Process Physical Memory: 118.87 MB used, 118.88 MB peak
[2022.01.17-21.58.33:158][  0]LogMemory: Process Virtual Memory: 101.30 MB used, 101.30 MB peak
[2022.01.17-21.58.33:158][  0]LogMemory: Physical Memory: 10508.57 MB used,  5746.27 MB free, 16254.84 MB total
[2022.01.17-21.58.33:158][  0]LogMemory: Virtual Memory: 5148.70 MB used,  134212576.00 MB free, 134217728.00 MB total
[2022.01.17-21.58.33:169][  0]LogWindows: WindowsPlatformFeatures enabled
[2022.01.17-21.58.33:258][  0]LogInit: Physics initialised using underlying interface: PhysX
[2022.01.17-21.58.33:259][  0]LogInit: Using OS detected language (sv-SE).
[2022.01.17-21.58.33:259][  0]LogInit: Using OS detected locale (sv-SE).
[2022.01.17-21.58.33:264][  0]LogTextLocalizationManager: No localization for 'sv-SE' exists, so 'en' will be used for the language.
[2022.01.17-21.58.33:573][  0]LogInit: Setting process to per monitor DPI aware
[2022.01.17-21.58.33:610][  0]LogSlate: New Slate User Created.  User Index 0, Is Virtual User: 0
[2022.01.17-21.58.33:610][  0]LogSlate: Slate User Registered.  User Index 0, Is Virtual User: 0
[2022.01.17-21.58.33:792][  0]LogHMD: Failed to initialize OpenVR with code 110
[2022.01.17-21.58.33:792][  0]LogD3D11RHI: D3D11 min allowed feature level: 11_0
[2022.01.17-21.58.33:792][  0]LogD3D11RHI: D3D11 max allowed feature level: 11_0
[2022.01.17-21.58.33:792][  0]LogD3D11RHI: D3D11 adapters:
[2022.01.17-21.58.33:835][  0]LogD3D11RHI:    0. 'Intel(R) UHD Graphics 620' (Feature Level 11_0)
[2022.01.17-21.58.33:835][  0]LogD3D11RHI:       128/0/8127 MB DedicatedVideo/DedicatedSystem/SharedSystem, Outputs:1, VendorId:0x8086
[2022.01.17-21.58.34:294][  0]LogD3D11RHI:    1. 'NVIDIA GeForce MX250' (Feature Level 11_0)
[2022.01.17-21.58.34:294][  0]LogD3D11RHI:       1983/0/8127 MB DedicatedVideo/DedicatedSystem/SharedSystem, Outputs:0, VendorId:0x10de
[2022.01.17-21.58.34:298][  0]LogD3D11RHI:    2. 'Microsoft Basic Render Driver' (Feature Level 11_0)
[2022.01.17-21.58.34:298][  0]LogD3D11RHI:       0/0/8127 MB DedicatedVideo/DedicatedSystem/SharedSystem, Outputs:0, VendorId:0x1414
[2022.01.17-21.58.34:298][  0]LogD3D11RHI: Chosen D3D11 Adapter: 1
[2022.01.17-21.58.34:310][  0]LogD3D11RHI: Creating new Direct3DDevice
[2022.01.17-21.58.34:310][  0]LogD3D11RHI:     GPU DeviceId: 0x1d13 (for the marketing name, search the web for "GPU Device Id")
[2022.01.17-21.58.34:310][  0]LogWindows: EnumDisplayDevices:
[2022.01.17-21.58.34:310][  0]LogWindows:    0. 'Intel(R) UHD Graphics 620' (P:1 D:1)
[2022.01.17-21.58.34:310][  0]LogWindows:    1. 'Intel(R) UHD Graphics 620' (P:0 D:0)
[2022.01.17-21.58.34:311][  0]LogWindows:    2. 'Intel(R) UHD Graphics 620' (P:0 D:0)
[2022.01.17-21.58.34:311][  0]LogWindows: DebugString: PrimaryIsNotTheChoosenAdapter PrimaryIsNotTheChoosenAdapter PrimaryIsNotTheChoosenAdapter FoundDriverCount:0 
[2022.01.17-21.58.34:311][  0]LogD3D11RHI:     Adapter Name: NVIDIA GeForce MX250
[2022.01.17-21.58.34:311][  0]LogD3D11RHI:   Driver Version: Unknown (internal:Unknown, unified:Unknown)
[2022.01.17-21.58.34:311][  0]LogD3D11RHI:      Driver Date: Unknown
[2022.01.17-21.58.34:311][  0]LogRHI: Texture pool is 1388 MB (70% of 1983 MB)
[2022.01.17-21.58.34:405][  0]LogD3D11RHI: RHI has support for 64 bit atomics
[2022.01.17-21.58.34:405][  0]LogD3D11RHI: Async texture creation enabled
[2022.01.17-21.58.34:405][  0]LogD3D11RHI: Array index from any shader is supported
[2022.01.17-21.58.34:437][  0]LogD3D11RHI: GPU Timing Frequency: 1000.000000 (Debug: 2 1)
[2022.01.17-21.58.35:164][  0]LogTargetPlatformManager: Display: Loaded TargetPlatform 'AllDesktop'
[2022.01.17-21.58.35:195][  0]LogTargetPlatformManager: Display: Loaded TargetPlatform 'Android'
[2022.01.17-21.58.35:195][  0]LogTargetPlatformManager: Display: Loaded TargetPlatform 'Android_ASTC'
[2022.01.17-21.58.35:195][  0]LogTargetPlatformManager: Display: Loaded TargetPlatform 'Android_DXT'
[2022.01.17-21.58.35:195][  0]LogTargetPlatformManager: Display: Loaded TargetPlatform 'Android_ETC2'
[2022.01.17-21.58.35:195][  0]LogTargetPlatformManager: Display: Loaded TargetPlatform 'AndroidClient'
[2022.01.17-21.58.35:195][  0]LogTargetPlatformManager: Display: Loaded TargetPlatform 'Android_ASTCClient'
[2022.01.17-21.58.35:195][  0]LogTargetPlatformManager: Display: Loaded TargetPlatform 'Android_DXTClient'
[2022.01.17-21.58.35:195][  0]LogTargetPlatformManager: Display: Loaded TargetPlatform 'Android_ETC2Client'
[2022.01.17-21.58.35:195][  0]LogTargetPlatformManager: Display: Loaded TargetPlatform 'Android_Multi'
[2022.01.17-21.58.35:196][  0]LogTargetPlatformManager: Display: Loaded TargetPlatform 'Android_MultiClient'
[2022.01.17-21.58.35:237][  0]LogTargetPlatformManager: Display: Loaded TargetPlatform 'IOSClient'
[2022.01.17-21.58.35:237][  0]LogTargetPlatformManager: Display: Loaded TargetPlatform 'IOS'
[2022.01.17-21.58.35:261][  0]LogTargetPlatformManager: Display: Loaded TargetPlatform 'Linux'
[2022.01.17-21.58.35:285][  0]LogTargetPlatformManager: Display: Loaded TargetPlatform 'LinuxNoEditor'
[2022.01.17-21.58.35:309][  0]LogTargetPlatformManager: Display: Loaded TargetPlatform 'LinuxClient'
[2022.01.17-21.58.35:333][  0]LogTargetPlatformManager: Display: Loaded TargetPlatform 'LinuxServer'
[2022.01.17-21.58.35:357][  0]LogTargetPlatformManager: Display: Loaded TargetPlatform 'LinuxAArch64NoEditor'
[2022.01.17-21.58.35:380][  0]LogTargetPlatformManager: Display: Loaded TargetPlatform 'LinuxAArch64Client'
[2022.01.17-21.58.35:395][  0]LogTargetPlatformManager: Display: Loaded TargetPlatform 'LinuxAArch64Server'
[2022.01.17-21.58.35:435][  0]LogTargetPlatformManager: Display: Loaded TargetPlatform 'Lumin'
[2022.01.17-21.58.35:435][  0]LogTargetPlatformManager: Display: Loaded TargetPlatform 'LuminClient'
[2022.01.17-21.58.35:461][  0]LogTargetPlatformManager: Display: Loaded TargetPlatform 'TVOSClient'
[2022.01.17-21.58.35:461][  0]LogTargetPlatformManager: Display: Loaded TargetPlatform 'TVOS'
[2022.01.17-21.58.35:477][  0]LogTargetPlatformManager: Display: Loaded TargetPlatform 'WindowsNoEditor'
[2022.01.17-21.58.35:494][  0]LogTargetPlatformManager: Display: Loaded TargetPlatform 'Windows'
[2022.01.17-21.58.35:516][  0]LogTargetPlatformManager: Display: Loaded TargetPlatform 'WindowsClient'
[2022.01.17-21.58.35:540][  0]LogTargetPlatformManager: Display: Loaded TargetPlatform 'WindowsServer'
[2022.01.17-21.58.35:540][  0]LogTargetPlatformManager: Display: Building Assets For Windows
[2022.01.17-21.58.35:559][  0]LogAudioDebug: Display: Lib vorbis DLL was dynamically loaded.
[2022.01.17-21.58.35:709][  0]LogShaderCompilers: Guid format shader working directory is -13 characters bigger than the processId version (../../../../../Users/rasmus.jacobsson/Documents/GitHub/Deathbattle7.0/Intermediate/Shaders/WorkingDirectory/14584/).
[2022.01.17-21.58.35:710][  0]LogShaderCompilers: Cleaned the shader compiler working directory 'C:/Users/rasmus.jacobsson/AppData/Local/Temp/UnrealShaderWorkingDir/13F6432248F2C3C0BB3C3FB28D090BC4/'.
[2022.01.17-21.58.35:711][  0]LogXGEController: Cannot use XGE Controller as Incredibuild is not installed on this machine.
[2022.01.17-21.58.35:712][  0]LogShaderCompilers: Cannot use XGE Shader Compiler as Incredibuild is not installed on this machine.
[2022.01.17-21.58.35:712][  0]LogShaderCompilers: Display: Using Local Shader Compiler.
[2022.01.17-21.58.37:088][  0]LogDerivedDataCache: Display: Max Cache Size: 512 MB
[2022.01.17-21.58.37:161][  0]LogDerivedDataCache: Loaded boot cache 0.07s 76MB C:/Users/rasmus.jacobsson/AppData/Local/UnrealEngine/4.25/DerivedDataCache/Boot.ddc.
[2022.01.17-21.58.37:161][  0]LogDerivedDataCache: Display: Loaded Boot cache: C:/Users/rasmus.jacobsson/AppData/Local/UnrealEngine/4.25/DerivedDataCache/Boot.ddc
[2022.01.17-21.58.37:161][  0]LogDerivedDataCache: FDerivedDataBackendGraph:  Pak pak cache file ../../../../../Users/rasmus.jacobsson/Documents/GitHub/Deathbattle7.0/DerivedDataCache/DDC.ddp not found, will not use a pak cache.
[2022.01.17-21.58.37:161][  0]LogDerivedDataCache: Unable to find inner node Pak for hierarchical cache Hierarchy.
[2022.01.17-21.58.37:161][  0]LogDerivedDataCache: FDerivedDataBackendGraph:  CompressedPak pak cache file ../../../../../Users/rasmus.jacobsson/Documents/GitHub/Deathbattle7.0/DerivedDataCache/Compressed.ddp not found, will not use a pak cache.
[2022.01.17-21.58.37:161][  0]LogDerivedDataCache: Unable to find inner node CompressedPak for hierarchical cache Hierarchy.
[2022.01.17-21.58.37:180][  0]LogDerivedDataCache: Display: Pak cache opened for reading ../../../Engine/DerivedDataCache/Compressed.ddp.
[2022.01.17-21.58.37:180][  0]LogDerivedDataCache: FDerivedDataBackendGraph:  EnterprisePak pak cache file ../../../Enterprise/DerivedDataCache/Compressed.ddp not found, will not use a pak cache.
[2022.01.17-21.58.37:180][  0]LogDerivedDataCache: Unable to find inner node EnterprisePak for hierarchical cache Hierarchy.
[2022.01.17-21.58.37:182][  0]LogDerivedDataCache: Using Local data cache path C:/Users/rasmus.jacobsson/AppData/Local/UnrealEngine/Common/DerivedDataCache: Writable
[2022.01.17-21.58.37:182][  0]LogDerivedDataCache: Shared data cache path not found in *engine.ini, will not use an Shared cache.
[2022.01.17-21.58.37:182][  0]LogDerivedDataCache: Unable to find inner node Shared for hierarchical cache Hierarchy.
[2022.01.17-21.58.37:265][  0]LogSlate: Using FreeType 2.10.0
[2022.01.17-21.58.37:265][  0]LogSlate: SlateFontServices - WITH_FREETYPE: 1, WITH_HARFBUZZ: 1
[2022.01.17-21.58.37:303][  0]LogAssetRegistry: FAssetRegistry took 0.0035 seconds to start up
[2022.01.17-21.58.37:653][  0]LogInit: Selected Device Profile: [Windows]
[2022.01.17-21.58.37:835][  0]LogMeshReduction: Using QuadricMeshReduction for automatic static mesh reduction
[2022.01.17-21.58.37:835][  0]LogMeshReduction: Using SimplygonMeshReduction for automatic skeletal mesh reduction
[2022.01.17-21.58.37:835][  0]LogMeshReduction: Using ProxyLODMeshReduction for automatic mesh merging
[2022.01.17-21.58.37:835][  0]LogMeshReduction: No distributed automatic mesh merging module available
[2022.01.17-21.58.37:835][  0]LogMeshMerging: No distributed automatic mesh merging module available
[2022.01.17-21.58.37:864][  0]LogNetVersion: DeathBattle 1.0.0, NetCL: 13144385, EngineNetVer: 14, GameNetVer: 0 (Checksum: 2666842768)
[2022.01.17-21.58.38:609][  0]LogAISub: UAISubsystem::UAISubsystem AISubsystem (000001CD295DF5C0), frame # 0
[2022.01.17-21.58.38:609][  0]LogAISub: UAISubsystem::UAISubsystem AIPerceptionSystem (000001CD295E2AC0), frame # 0
[2022.01.17-21.58.38:612][  0]LogAISub: UAISubsystem::UAISubsystem EnvQueryManager (000001CD29629E00), frame # 0
[2022.01.17-21.58.38:809][  0]LogPackageLocalizationCache: Processed 19 localized package path(s) for 1 prioritized culture(s) in 0.184628 seconds
[2022.01.17-21.58.38:826][  0]LogUObjectArray: 15917 objects as part of root set at end of initial load.
[2022.01.17-21.58.38:826][  0]LogUObjectAllocator: 3965568 out of 0 bytes used by permanent object pool.
[2022.01.17-21.58.38:826][  0]LogUObjectArray: CloseDisregardForGC: 0/0 objects in disregard for GC pool
[2022.01.17-21.58.39:461][  0]LogTcpMessaging: Initializing TcpMessaging bridge
[2022.01.17-21.58.39:469][  0]LogUdpMessaging: Initializing bridge on interface 0.0.0.0:0 to multicast group 230.0.0.1:6666.
[2022.01.17-21.58.39:787][  0]SourceControl: Source control is disabled
[2022.01.17-21.58.39:788][  0]SourceControl: Source control is disabled
[2022.01.17-21.58.39:798][  0]SourceControl: Source control is disabled
[2022.01.17-21.58.39:807][  0]SourceControl: Source control is disabled
[2022.01.17-21.58.39:827][  0]SourceControl: Source control is disabled
[2022.01.17-21.58.40:671][  0]LogAndroidPermission: UAndroidPermissionCallbackProxy::GetInstance
[2022.01.17-21.58.40:714][  0]LogAudioCaptureCore: Display: No Audio Capture implementations found. Audio input will be silent.
[2022.01.17-21.58.40:714][  0]LogAudioCaptureCore: Display: No Audio Capture implementations found. Audio input will be silent.
[2022.01.17-21.58.40:828][  0]LogOcInput: OculusInput pre-init called
[2022.01.17-21.58.40:858][  0]LogWindows: Failed to load 'OVRPlugin.dll' (GetLastError=126)
[2022.01.17-21.58.40:858][  0]LogWindows: File 'OVRPlugin.dll' does not exist
[2022.01.17-21.58.41:033][  0]LogEngine: Initializing Engine...
[2022.01.17-21.58.41:035][  0]LogHMD: Failed to initialize OpenVR with code 110
[2022.01.17-21.58.41:035][  0]LogMagicLeap: Warning: VR disabled because ZI is not enabled.  To enable, in the editor, Edit -> Project Settings -> Plugins -> Magic Leap Plugin -> Enable Zero Iteration
[2022.01.17-21.58.41:037][  0]LogStats: UGameplayTagsManager::InitializeManager -  0.000 s
[2022.01.17-21.58.41:244][  0]LogInit: Initializing FReadOnlyCVARCache
[2022.01.17-21.58.41:258][  0]LogAIModule: Creating AISystem for world Untitled
[2022.01.17-21.58.41:258][  0]LogAISub: UAISubsystem::UAISubsystem EnvQueryManager (000001CD2D6AFC00), frame # 0
[2022.01.17-21.58.41:258][  0]LogAISub: UAISubsystem::UAISubsystem AIPerceptionSystem (000001CD2D6F6E80), frame # 0
[2022.01.17-21.58.41:282][  0]LogAudioMixer: Display: Audio Mixer Platform Settings:
[2022.01.17-21.58.41:282][  0]LogAudioMixer: Display: 	Sample Rate:						  48000
[2022.01.17-21.58.41:282][  0]LogAudioMixer: Display: 	Callback Buffer Frame Size Requested: 1024
[2022.01.17-21.58.41:282][  0]LogAudioMixer: Display: 	Callback Buffer Frame Size To Use:	  1024
[2022.01.17-21.58.41:282][  0]LogAudioMixer: Display: 	Number of buffers to queue:			  2
[2022.01.17-21.58.41:282][  0]LogAudioMixer: Display: 	Max Channels (voices):				  32
[2022.01.17-21.58.41:282][  0]LogAudioMixer: Display: 	Number of Async Source Workers:		  0
[2022.01.17-21.58.41:283][  0]LogAudio: Display: AudioDevice MaxSources: 32
[2022.01.17-21.58.41:283][  0]LogAudio: Display: Using built-in audio occlusion.
[2022.01.17-21.58.41:283][  0]LogAudioMixer: Display: Initializing audio mixer.
[2022.01.17-21.58.41:307][  0]LogAudioMixer: Display: 0: FrontLeft
[2022.01.17-21.58.41:307][  0]LogAudioMixer: Display: 1: FrontRight
[2022.01.17-21.58.41:369][  0]LogAudioMixer: Display: Using Audio Device Högtalare (Realtek(R) Audio)
[2022.01.17-21.58.41:374][  0]LogAudioMixer: Display: Initializing Sound Submixes...
[2022.01.17-21.58.41:378][  0]LogAudioMixer: Display: Creating Master Submix 'MasterSubmixDefault'
[2022.01.17-21.58.41:378][  0]LogAudioMixer: Display: Creating Master Submix 'MasterReverbSubmixDefault'
[2022.01.17-21.58.41:380][  0]LogAudioMixer: Display: Creating Master Submix 'MasterEQSubmixDefault'
[2022.01.17-21.58.41:382][  0]LogInit: FAudioDevice initialized.
[2022.01.17-21.58.41:382][  0]LogNetVersion: Set ProjectVersion to 1.0.0.0. Version Checksum will be recalculated on next use.
[2022.01.17-21.58.41:509][  0]LogDerivedDataCache: Saved boot cache 0.13s 76MB C:/Users/rasmus.jacobsson/AppData/Local/UnrealEngine/4.25/DerivedDataCache/Boot.ddc.
[2022.01.17-21.58.41:520][  0]LogInit: Texture streaming: Enabled
[2022.01.17-21.58.41:582][  0]LogEngineSessionManager: EngineSessionManager initialized
[2022.01.17-21.58.41:582][  0]LogEditorSessionSummary: Verbose: Initializing EditorSessionSummaryWriter for editor session tracking
[2022.01.17-21.58.41:590][  0]LogEditorSessionSummary: EditorSessionSummaryWriter initialized
[2022.01.17-21.58.41:801][  0]LogInit: Transaction tracking system initialized
[2022.01.17-21.58.41:897][  0]BlueprintLog: New page: Editor Load
[2022.01.17-21.58.42:181][  0]LocalizationService: Localization service is disabled
[2022.01.17-21.58.43:726][  0]LogCook: Display: Max memory allowance for cook 16384mb min free memory 0mb
[2022.01.17-21.58.43:726][  0]LogCook: Display: Mobile HDR setting 1
[2022.01.17-21.58.44:225][  0]LogFileCache: Scanning file cache for directory 'C:/Users/rasmus.jacobsson/Documents/GitHub/Deathbattle7.0/Content/' took 0.04s
[2022.01.17-21.58.44:606][  0]SourceControl: Source control is disabled
[2022.01.17-21.58.44:606][  0]LogUnrealEdMisc: Loading editor; pre map load, took 14.293
[2022.01.17-21.58.44:607][  0]Cmd: MAP LOAD FILE="../../../../../Users/rasmus.jacobsson/Documents/GitHub/Deathbattle7.0/Content/Map/Moon.umap" TEMPLATE=0 SHOWPROGRESS=1 FEATURELEVEL=3
[2022.01.17-21.58.44:627][  0]LightingResults: New page: Lighting Build
[2022.01.17-21.58.44:630][  0]LogWorld: UWorld::CleanupWorld for Untitled, bSessionEnded=true, bCleanupResources=true
[2022.01.17-21.58.44:630][  0]LogSlate: InvalidateAllWidgets triggered.  All widgets were invalidated
[2022.01.17-21.58.44:631][  0]MapCheck: New page: Map Check
[2022.01.17-21.58.44:631][  0]LightingResults: New page: Lighting Build
[2022.01.17-21.58.44:670][  0]LogAISub: UAISubsystem::~UAISubsystem EnvQueryManager (000001CD2D6AFC00), frame # 0
[2022.01.17-21.58.44:670][  0]LogAISub: UAISubsystem::~UAISubsystem AIPerceptionSystem (000001CD2D6F6E80), frame # 0
[2022.01.17-21.58.44:674][  0]LogUObjectHash: Compacting FUObjectHashTables data took   3.61ms
[2022.01.17-21.58.48:843][  0]LogAIModule: Creating AISystem for world Moon
[2022.01.17-21.58.48:843][  0]LogAISub: UAISubsystem::UAISubsystem EnvQueryManager (000001CD1F925600), frame # 0
[2022.01.17-21.58.48:843][  0]LogAISub: UAISubsystem::UAISubsystem AIPerceptionSystem (000001CD1F995A80), frame # 0
[2022.01.17-21.58.48:885][  0]LogEditorServer: Finished looking for orphan Actors (0.000 secs)
[2022.01.17-21.58.48:946][  0]LogUObjectHash: Compacting FUObjectHashTables data took   3.84ms
[2022.01.17-21.58.48:947][  0]Cmd: MAP CHECKDEP NOCLEARLOG
[2022.01.17-21.58.48:948][  0]MapCheck: Map check complete: 0 Error(s), 0 Warning(s), took 0,523ms to complete.
[2022.01.17-21.58.48:948][  0]LogFileHelpers: Loading map 'Moon' took 4.341
[2022.01.17-21.58.48:955][  0]LogUnrealEdMisc: Total Editor Startup Time, took 18.640
[2022.01.17-21.58.49:388][  0]LogSlate: Updating window title bar state: overlay mode, drag disabled, window buttons hidden, title bar hidden
[2022.01.17-21.58.49:419][  0]LogSlate: Updating window title bar state: overlay mode, drag disabled, window buttons hidden, title bar hidden
[2022.01.17-21.58.49:448][  0]LogSlate: Updating window title bar state: overlay mode, drag disabled, window buttons hidden, title bar hidden
[2022.01.17-21.58.49:475][  0]LogSlate: Updating window title bar state: overlay mode, drag disabled, window buttons hidden, title bar hidden
[2022.01.17-21.58.49:516][  0]LogCollectionManager: Loaded 0 collections in 0.006327 seconds
[2022.01.17-21.58.49:613][  0]LogFileCache: Scanning file cache for directory 'C:/Users/rasmus.jacobsson/Documents/GitHub/Deathbattle7.0/Saved/Collections/' took 0.00s
[2022.01.17-21.58.49:613][  0]LogFileCache: Scanning file cache for directory 'C:/Users/rasmus.jacobsson/Documents/GitHub/Deathbattle7.0/Content/Developers/rasmusjacobsson/Collections/' took 0.01s
[2022.01.17-21.58.49:613][  0]LogFileCache: Scanning file cache for directory 'C:/Users/rasmus.jacobsson/Documents/GitHub/Deathbattle7.0/Content/Collections/' took 0.00s
[2022.01.17-21.58.49:613][  0]LogContentBrowser: Native class hierarchy populated in 0.0378 seconds. Added 3440 classes and 830 folders.
[2022.01.17-21.58.49:639][  0]LogContentBrowser: Native class hierarchy updated for 'WidgetCarousel' in 0.0013 seconds. Added 0 classes and 0 folders.
[2022.01.17-21.58.50:954][  0]LogContentBrowser: Native class hierarchy updated for 'AddContentDialog' in 0.0010 seconds. Added 0 classes and 0 folders.
[2022.01.17-21.58.53:424][  0]LogSlate: Took 0.000665 seconds to synchronously load lazily loaded font '../../../Engine/Content/Slate/Fonts/Roboto-Regular.ttf' (155K)
[2022.01.17-21.58.53:439][  0]LogSlate: Took 0.000222 seconds to synchronously load lazily loaded font '../../../Engine/Content/Slate/Fonts/Roboto-Bold.ttf' (160K)
[2022.01.17-21.58.53:456][  0]LogSlate: Took 0.011372 seconds to synchronously load lazily loaded font '../../../Engine/Content/Editor/Slate/Fonts/FontAwesome.ttf' (139K)
[2022.01.17-21.58.53:634][  0]LogRenderer: Reallocating scene render targets to support 1048x540 Format 9 NumSamples 1 (Frame:1).
[2022.01.17-21.58.53:800][  0]LogContentBrowser: Native class hierarchy updated for 'HierarchicalLODOutliner' in 0.0007 seconds. Added 0 classes and 0 folders.
[2022.01.17-21.58.53:801][  0]LogLoad: (Engine Initialization) Total time: 23.49 seconds
[2022.01.17-21.58.53:801][  0]LogLoad: (Engine Initialization) Total Blueprint compile time: 0.00 seconds
[2022.01.17-21.58.54:024][  0]LogAssetRegistry: Asset discovery search completed in 16.7220 seconds
[2022.01.17-21.58.54:031][  0]LogCollectionManager: Fixed up redirectors for 0 collections in 0.000003 seconds (updated 0 objects)
[2022.01.17-21.58.54:033][  0]LogContentStreaming: Texture pool size now 400 MB
[2022.01.17-21.58.54:108][  0]LogSlate: Took 0.010429 seconds to synchronously load lazily loaded font '../../../Engine/Content/Slate/Fonts/Roboto-Light.ttf' (167K)
[2022.01.17-21.58.55:273][  4]LogSlate: Took 0.000520 seconds to synchronously load lazily loaded font '../../../Engine/Content/Slate/Fonts/Roboto-Light.ttf' (167K)
[2022.01.17-21.59.05:847][250]LogAssetEditorSubsystem: Opening Asset editor for World /Game/Map/Test1.Test1
[2022.01.17-21.59.05:903][250]LogUObjectHash: Compacting FUObjectHashTables data took   4.45ms
[2022.01.17-21.59.05:909][250]Cmd: MAP LOAD FILE="../../../../../Users/rasmus.jacobsson/Documents/GitHub/Deathbattle7.0/Content/Map/Test1.umap" TEMPLATE=0 SHOWPROGRESS=1 FEATURELEVEL=3
[2022.01.17-21.59.05:910][250]LightingResults: New page: Lighting Build
[2022.01.17-21.59.05:910][250]LoadErrors: New page: Loading map: Test1.umap
[2022.01.17-21.59.05:917][250]LogWorld: UWorld::CleanupWorld for Moon, bSessionEnded=true, bCleanupResources=true
[2022.01.17-21.59.05:917][250]LogSlate: InvalidateAllWidgets triggered.  All widgets were invalidated
[2022.01.17-21.59.05:918][250]MapCheck: New page: Map Check
[2022.01.17-21.59.05:918][250]LightingResults: New page: Lighting Build
[2022.01.17-21.59.05:964][250]LogAISub: UAISubsystem::~UAISubsystem EnvQueryManager (000001CD1F925600), frame # 250
[2022.01.17-21.59.05:964][250]LogAISub: UAISubsystem::~UAISubsystem AIPerceptionSystem (000001CD1F995A80), frame # 250
[2022.01.17-21.59.05:968][250]LogUObjectHash: Compacting FUObjectHashTables data took   3.92ms
[2022.01.17-21.59.06:495][250]LogEditorServer: Finished looking for orphan Actors (0.000 secs)
[2022.01.17-21.59.06:495][250]LogAIModule: Creating AISystem for world Test1
[2022.01.17-21.59.06:495][250]LogAISub: UAISubsystem::UAISubsystem EnvQueryManager (000001CD491E0E00), frame # 250
[2022.01.17-21.59.06:495][250]LogAISub: UAISubsystem::UAISubsystem AIPerceptionSystem (000001CD3588E840), frame # 250
[2022.01.17-21.59.06:547][250]LogUObjectHash: Compacting FUObjectHashTables data took   2.88ms
[2022.01.17-21.59.06:666][250]Cmd: MAP CHECKDEP NOCLEARLOG
[2022.01.17-21.59.06:666][250]MapCheck: Map check complete: 0 Error(s), 0 Warning(s), took 0,402ms to complete.
[2022.01.17-21.59.06:666][250]LogFileHelpers: Loading map 'Test1' took 0.757
[2022.01.17-21.59.08:646][332]Cmd: OBJ SAVEPACKAGE PACKAGE="/Game/Map/Test1" FILE="../../../../../Users/rasmus.jacobsson/Documents/GitHub/Deathbattle7.0/Content/Map/Test1.umap" SILENT=true AUTOSAVING=false KEEPDIRTY=false
[2022.01.17-21.59.08:690][332]LogUObjectHash: Compacting FUObjectHashTables data took   1.06ms
[2022.01.17-21.59.09:214][332]LogSavePackage: Moving '../../../../../Users/rasmus.jacobsson/Documents/GitHub/Deathbattle7.0/Saved/Test104A9DD0A48C5AC9CFE8C3980E3B336A3.tmp' to '../../../../../Users/rasmus.jacobsson/Documents/GitHub/Deathbattle7.0/Content/Map/Test1.umap'
[2022.01.17-21.59.09:317][332]LogFileHelpers: Saving map 'Test1' took 0.672
[2022.01.17-21.59.09:403][332]AssetCheck: New page: Asset Save: Test1
[2022.01.17-21.59.09:403][332]LogContentValidation: Display: Validating World /Game/Map/Test1.Test1
[2022.01.17-21.59.09:847][345]Cmd: OBJ SAVEPACKAGE PACKAGE="/Game/Map/Test1" FILE="../../../../../Users/rasmus.jacobsson/Documents/GitHub/Deathbattle7.0/Content/Map/Test1.umap" SILENT=true AUTOSAVING=false KEEPDIRTY=false
[2022.01.17-21.59.09:890][345]LogUObjectHash: Compacting FUObjectHashTables data took   1.10ms
[2022.01.17-21.59.10:112][345]LogSavePackage: Moving '../../../../../Users/rasmus.jacobsson/Documents/GitHub/Deathbattle7.0/Saved/Test15265B02D47D0C6C65841CBBDE9CAF37F.tmp' to '../../../../../Users/rasmus.jacobsson/Documents/GitHub/Deathbattle7.0/Content/Map/Test1.umap'
[2022.01.17-21.59.10:232][345]LogFileHelpers: Saving map 'Test1' took 0.387
[2022.01.17-21.59.10:266][345]AssetCheck: New page: Asset Save: Test1
[2022.01.17-21.59.10:266][345]LogContentValidation: Display: Validating World /Game/Map/Test1.Test1
