Log file open, 09/30/21 10:10:55
LogInit: Display: Running engine for game: DeathBattle
LogPlatformFile: Not using cached read wrapper
LogTaskGraph: Started task graph with 5 named threads and 23 total threads with 3 sets of task threads.
LogStats: Stats thread started at 0.350400
LogD3D11RHI: Loaded GFSDK_Aftermath_Lib.x64.dll
LogICUInternationalization: ICU TimeZone Detection - Raw Offset: +1:00, Platform Override: ''
LogPluginManager: Mounting plugin Paper2D
LogPluginManager: Mounting plugin AISupport
LogPluginManager: Mounting plugin LightPropagationVolume
LogPluginManager: Mounting plugin CameraShakePreviewer
LogPluginManager: Mounting plugin ActorLayerUtilities
LogPluginManager: Mounting plugin AnimationSharing
LogPluginManager: Mounting plugin CLionSourceCodeAccess
LogPluginManager: Mounting plugin CodeLiteSourceCodeAccess
LogPluginManager: Mounting plugin GitSourceControl
LogPluginManager: Mounting plugin KDevelopSourceCodeAccess
LogPluginManager: Mounting plugin NullSourceCodeAccess
LogPluginManager: Mounting plugin PerforceSourceControl
LogPluginManager: Mounting plugin PlasticSourceControl
LogPluginManager: Mounting plugin RiderSourceCodeAccess
LogPluginManager: Mounting plugin SubversionSourceControl
LogPluginManager: Mounting plugin UObjectPlugin
LogPluginManager: Mounting plugin VisualStudioCodeSourceCodeAccess
LogPluginManager: Mounting plugin VisualStudioSourceCodeAccess
LogPluginManager: Mounting plugin XCodeSourceCodeAccess
LogPluginManager: Mounting plugin AssetManagerEditor
LogPluginManager: Mounting plugin CryptoKeys
LogPluginManager: Mounting plugin CurveEditorTools
LogPluginManager: Mounting plugin DataValidation
LogPluginManager: Mounting plugin EditorScriptingUtilities
LogPluginManager: Mounting plugin FacialAnimation
LogPluginManager: Mounting plugin GameplayTagsEditor
LogPluginManager: Mounting plugin GeometryMode
LogPluginManager: Mounting plugin MacGraphicsSwitching
LogPluginManager: Mounting plugin MaterialAnalyzer
LogPluginManager: Mounting plugin MobileLauncherProfileWizard
LogPluginManager: Mounting plugin PluginBrowser
LogPluginManager: Mounting plugin SpeedTreeImporter
LogPluginManager: Mounting plugin DatasmithContent
LogPluginManager: Mounting plugin VariantManagerContent
LogPluginManager: Mounting plugin AlembicImporter
LogPluginManager: Mounting plugin AutomationUtils
LogPluginManager: Mounting plugin BackChannel
LogPluginManager: Mounting plugin ChaosCloth
LogPluginManager: Mounting plugin ChaosClothEditor
LogPluginManager: Mounting plugin ChaosEditor
LogPluginManager: Mounting plugin ChaosNiagara
LogPluginManager: Mounting plugin ChaosSolverPlugin
LogPluginManager: Mounting plugin CharacterAI
LogPluginManager: Mounting plugin GeometryCache
LogPluginManager: Mounting plugin GeometryCollectionPlugin
LogPluginManager: Mounting plugin GeometryProcessing
LogPluginManager: Mounting plugin PlanarCut
LogPluginManager: Mounting plugin PlatformCrypto
LogPluginManager: Mounting plugin ProxyLODPlugin
LogPluginManager: Mounting plugin SkeletalReduction
LogPluginManager: Mounting plugin Niagara
LogPluginManager: Mounting plugin MagicLeap
LogPluginManager: Mounting plugin MagicLeapLightEstimation
LogPluginManager: Mounting plugin MagicLeapMedia
LogPluginManager: Mounting plugin MagicLeapPassableWorld
LogPluginManager: Mounting plugin MLSDK
LogPluginManager: Mounting plugin AndroidMedia
LogPluginManager: Mounting plugin AvfMedia
LogPluginManager: Mounting plugin ImgMedia
LogPluginManager: Mounting plugin MediaCompositing
LogPluginManager: Mounting plugin MediaPlayerEditor
LogPluginManager: Mounting plugin WebMMedia
LogPluginManager: Mounting plugin WmfMedia
LogPluginManager: Mounting plugin MeshPainting
LogPluginManager: Mounting plugin TcpMessaging
LogPluginManager: Mounting plugin UdpMessaging
LogPluginManager: Mounting plugin ActorSequence
LogPluginManager: Mounting plugin LevelSequenceEditor
LogPluginManager: Mounting plugin MatineeToLevelSequence
LogPluginManager: Mounting plugin MovieRenderPipeline
LogPluginManager: Mounting plugin TemplateSequence
LogPluginManager: Mounting plugin NetcodeUnitTest
LogPluginManager: Mounting plugin NUTUnrealEngine4
LogPluginManager: Mounting plugin OnlineSubsystemGooglePlay
LogPluginManager: Mounting plugin OnlineSubsystemIOS
LogPluginManager: Mounting plugin OnlineSubsystem
LogPluginManager: Mounting plugin OnlineSubsystemNull
LogPluginManager: Mounting plugin OnlineSubsystemUtils
LogPluginManager: Mounting plugin LauncherChunkInstaller
LogPluginManager: Mounting plugin AndroidDeviceProfileSelector
LogPluginManager: Mounting plugin AndroidMoviePlayer
LogPluginManager: Mounting plugin AndroidPermission
LogPluginManager: Mounting plugin ApexDestruction
LogPluginManager: Mounting plugin AppleImageUtils
LogPluginManager: Mounting plugin AppleMoviePlayer
LogPluginManager: Mounting plugin ArchVisCharacter
LogPluginManager: Mounting plugin AssetTags
LogPluginManager: Mounting plugin AudioCapture
LogPluginManager: Mounting plugin CableComponent
LogPluginManager: Mounting plugin CustomMeshComponent
LogPluginManager: Mounting plugin EditableMesh
LogPluginManager: Mounting plugin ExampleDeviceProfileSelector
LogPluginManager: Mounting plugin GoogleCloudMessaging
LogPluginManager: Mounting plugin GooglePAD
LogPluginManager: Mounting plugin IOSDeviceProfileSelector
LogPluginManager: Mounting plugin LinuxDeviceProfileSelector
LogPluginManager: Mounting plugin LocationServicesBPLibrary
LogPluginManager: Mounting plugin MobilePatchingUtils
LogPluginManager: Mounting plugin OculusVR
LogPluginManager: Mounting plugin PhysXVehicles
LogPluginManager: Mounting plugin PostSplashScreen
LogPluginManager: Mounting plugin ProceduralMeshComponent
LogPluginManager: Mounting plugin RuntimePhysXCooking
LogPluginManager: Mounting plugin SignificanceManager
LogPluginManager: Mounting plugin SoundFields
LogPluginManager: Mounting plugin SteamVR
LogPluginManager: Mounting plugin Synthesis
LogPluginManager: Mounting plugin WebMMoviePlayer
LogPluginManager: Mounting plugin WindowsMoviePlayer
LogPluginManager: Mounting plugin ScreenshotTools
LogInit: Using libcurl 7.55.1-DEV
LogInit:  - built for x86_64-pc-win32
LogInit:  - supports SSL with OpenSSL/1.1.1
LogInit:  - supports HTTP deflate (compression) using libz 1.2.8
LogInit:  - other features:
LogInit:      CURL_VERSION_SSL
LogInit:      CURL_VERSION_LIBZ
LogInit:      CURL_VERSION_IPV6
LogInit:      CURL_VERSION_ASYNCHDNS
LogInit:      CURL_VERSION_LARGEFILE
LogInit:      CURL_VERSION_IDN
LogInit:  CurlRequestOptions (configurable via config and command line):
LogInit:  - bVerifyPeer = true  - Libcurl will verify peer certificate
LogInit:  - bUseHttpProxy = false  - Libcurl will NOT use HTTP proxy
LogInit:  - bDontReuseConnections = false  - Libcurl will reuse connections
LogInit:  - MaxHostConnections = 16  - Libcurl will limit the number of connections to a host
LogInit:  - LocalHostAddr = Default
LogInit:  - BufferSize = 65536
LogOnline: OSS: Creating online subsystem instance for: NULL
LogInit: WinSock: version 1.1 (2.2), MaxSocks=32767, MaxUdp=65467
LogOnline: OSS: TryLoadSubsystemAndSetDefault: Loaded subsystem for module [NULL]
LogInit: Build: ++UE4+Release-4.25-CL-14469661
LogInit: Engine Version: 4.25.4-14469661+++UE4+Release-4.25
LogInit: Compatible Engine Version: 4.25.0-13144385+++UE4+Release-4.25
LogInit: Net CL: 13144385
LogInit: OS: Windows 10 (Release 1909) (), CPU: Intel(R) Core(TM) i5-10210U CPU @ 1.60GHz, GPU: Intel(R) UHD Graphics
LogInit: Compiled (64-bit): Oct 11 2020 08:10:49
LogInit: Compiled with Visual C++: 19.24.28315.00
LogInit: Build Configuration: Development
LogInit: Branch Name: ++UE4+Release-4.25
LogInit: Command Line:  -EpicPortal -epicusername=Herculesgrey -epicuserid=9ca475f35d374fbc9faa9c0e7e973408 -epiclocale=en -epicsandboxid=ue
LogInit: Base Directory: C:/Program Files/Epic Games/UE_4.25/Engine/Binaries/Win64/
LogInit: Allocator: TBB
LogInit: Installed Engine Build: 1
LogDevObjectVersion: Number of dev versions registered: 26
LogDevObjectVersion:   Dev-Blueprints (B0D832E4-1F89-4F0D-ACCF-7EB736FD4AA2): 10
LogDevObjectVersion:   Dev-Build (E1C64328-A22C-4D53-A36C-8E866417BD8C): 0
LogDevObjectVersion:   Dev-Core (375EC13C-06E4-48FB-B500-84F0262A717E): 4
LogDevObjectVersion:   Dev-Editor (E4B068ED-F494-42E9-A231-DA0B2E46BB41): 38
LogDevObjectVersion:   Dev-Framework (CFFC743F-43B0-4480-9391-14DF171D2073): 37
LogDevObjectVersion:   Dev-Mobile (B02B49B5-BB20-44E9-A304-32B752E40360): 2
LogDevObjectVersion:   Dev-Networking (A4E4105C-59A1-49B5-A7C5-40C4547EDFEE): 0
LogDevObjectVersion:   Dev-Online (39C831C9-5AE6-47DC-9A44-9C173E1C8E7C): 0
LogDevObjectVersion:   Dev-Physics (78F01B33-EBEA-4F98-B9B4-84EACCB95AA2): 4
LogDevObjectVersion:   Dev-Platform (6631380F-2D4D-43E0-8009-CF276956A95A): 0
LogDevObjectVersion:   Dev-Rendering (12F88B9F-8875-4AFC-A67C-D90C383ABD29): 43
LogDevObjectVersion:   Dev-Sequencer (7B5AE74C-D270-4C10-A958-57980B212A5A): 12
LogDevObjectVersion:   Dev-VR (D7296918-1DD6-4BDD-9DE2-64A83CC13884): 3
LogDevObjectVersion:   Dev-LoadTimes (C2A15278-BFE7-4AFE-6C17-90FF531DF755): 1
LogDevObjectVersion:   Private-Geometry (6EACA3D4-40EC-4CC1-B786-8BED09428FC5): 3
LogDevObjectVersion:   Dev-AnimPhys (29E575DD-E0A3-4627-9D10-D276232CDCEA): 17
LogDevObjectVersion:   Dev-Anim (AF43A65D-7FD3-4947-9873-3E8ED9C1BB05): 7
LogDevObjectVersion:   Dev-ReflectionCapture (6B266CEC-1EC7-4B8F-A30B-E4D90942FC07): 1
LogDevObjectVersion:   Dev-Automation (0DF73D61-A23F-47EA-B727-89E90C41499A): 1
LogDevObjectVersion:   FortniteMain (601D1886-AC64-4F84-AA16-D3DE0DEAC7D6): 31
LogDevObjectVersion:   Dev-Enterprise (9DFFBCD6-494F-0158-E221-12823C92A888): 10
LogDevObjectVersion:   Dev-Niagara (F2AED0AC-9AFE-416F-8664-AA7FFA26D6FC): 1
LogDevObjectVersion:   Dev-Destruction (174F1F0B-B4C6-45A5-B13F-2EE8D0FB917D): 10
LogDevObjectVersion:   Dev-Physics-Ext (35F94A83-E258-406C-A318-09F59610247C): 37
LogDevObjectVersion:   Dev-PhysicsMaterial-Chaos (B68FC16E-8B1B-42E2-B453-215C058844FE): 1
LogDevObjectVersion:   Dev-CineCamera (B2E18506-4273-CFC2-A54E-F4BB758BBA07): 1
LogInit: Presizing for max 25165824 objects, including 0 objects not considered by GC, pre-allocating 0 bytes for permanent pool.
LogConfig: Applying CVar settings from Section [/Script/Engine.StreamingSettings] File [C:/Users/gustav.anderssongut/Documents/GitHub/Deathbattle7.0/Saved/Config/Windows/Engine.ini]
LogConfig: Setting CVar [[s.MinBulkDataSizeForAsyncLoading:131072]]
LogConfig: Setting CVar [[s.AsyncLoadingThreadEnabled:0]]
LogConfig: Setting CVar [[s.EventDrivenLoaderEnabled:1]]
LogConfig: Setting CVar [[s.WarnIfTimeLimitExceeded:0]]
LogConfig: Setting CVar [[s.TimeLimitExceededMultiplier:1.5]]
LogConfig: Setting CVar [[s.TimeLimitExceededMinTime:0.005]]
LogConfig: Setting CVar [[s.UseBackgroundLevelStreaming:1]]
LogConfig: Setting CVar [[s.PriorityAsyncLoadingExtraTime:15.0]]
LogConfig: Setting CVar [[s.LevelStreamingActorsUpdateTimeLimit:5.0]]
LogConfig: Setting CVar [[s.PriorityLevelStreamingActorsUpdateExtraTime:5.0]]
LogConfig: Setting CVar [[s.LevelStreamingComponentsRegistrationGranularity:10]]
LogConfig: Setting CVar [[s.UnregisterComponentsTimeLimit:1.0]]
LogConfig: Setting CVar [[s.LevelStreamingComponentsUnregistrationGranularity:5]]
LogConfig: Setting CVar [[s.FlushStreamingOnExit:1]]
LogInit: Object subsystem initialized
LogConfig: Setting CVar [[con.DebugEarlyDefault:1]]
LogConfig: Setting CVar [[r.setres:1280x720]]
[2021.09.30-08.10.56:422][  0]LogConfig: Setting CVar [[r.VSync:0]]
[2021.09.30-08.10.56:422][  0]LogConfig: Setting CVar [[r.RHICmdBypass:0]]
[2021.09.30-08.10.56:422][  0]LogConfig: Applying CVar settings from Section [/Script/Engine.RendererSettings] File [C:/Users/gustav.anderssongut/Documents/GitHub/Deathbattle7.0/Saved/Config/Windows/Engine.ini]
[2021.09.30-08.10.56:422][  0]LogConfig: Setting CVar [[r.GPUCrashDebugging:0]]
[2021.09.30-08.10.56:422][  0]LogConfig: Applying CVar settings from Section [/Script/Engine.RendererOverrideSettings] File [C:/Users/gustav.anderssongut/Documents/GitHub/Deathbattle7.0/Saved/Config/Windows/Engine.ini]
[2021.09.30-08.10.56:422][  0]LogConfig: Applying CVar settings from Section [/Script/Engine.StreamingSettings] File [C:/Users/gustav.anderssongut/Documents/GitHub/Deathbattle7.0/Saved/Config/Windows/Engine.ini]
[2021.09.30-08.10.56:422][  0]LogConfig: Setting CVar [[s.MinBulkDataSizeForAsyncLoading:131072]]
[2021.09.30-08.10.56:422][  0]LogConfig: Setting CVar [[s.AsyncLoadingThreadEnabled:0]]
[2021.09.30-08.10.56:422][  0]LogConfig: Setting CVar [[s.EventDrivenLoaderEnabled:1]]
[2021.09.30-08.10.56:422][  0]LogConfig: Setting CVar [[s.WarnIfTimeLimitExceeded:0]]
[2021.09.30-08.10.56:422][  0]LogConfig: Setting CVar [[s.TimeLimitExceededMultiplier:1.5]]
[2021.09.30-08.10.56:422][  0]LogConfig: Setting CVar [[s.TimeLimitExceededMinTime:0.005]]
[2021.09.30-08.10.56:422][  0]LogConfig: Setting CVar [[s.UseBackgroundLevelStreaming:1]]
[2021.09.30-08.10.56:422][  0]LogConfig: Setting CVar [[s.PriorityAsyncLoadingExtraTime:15.0]]
[2021.09.30-08.10.56:422][  0]LogConfig: Setting CVar [[s.LevelStreamingActorsUpdateTimeLimit:5.0]]
[2021.09.30-08.10.56:422][  0]LogConfig: Setting CVar [[s.PriorityLevelStreamingActorsUpdateExtraTime:5.0]]
[2021.09.30-08.10.56:422][  0]LogConfig: Setting CVar [[s.LevelStreamingComponentsRegistrationGranularity:10]]
[2021.09.30-08.10.56:422][  0]LogConfig: Setting CVar [[s.UnregisterComponentsTimeLimit:1.0]]
[2021.09.30-08.10.56:422][  0]LogConfig: Setting CVar [[s.LevelStreamingComponentsUnregistrationGranularity:5]]
[2021.09.30-08.10.56:422][  0]LogConfig: Setting CVar [[s.FlushStreamingOnExit:1]]
[2021.09.30-08.10.56:422][  0]LogConfig: Applying CVar settings from Section [/Script/Engine.GarbageCollectionSettings] File [C:/Users/gustav.anderssongut/Documents/GitHub/Deathbattle7.0/Saved/Config/Windows/Engine.ini]
[2021.09.30-08.10.56:423][  0]LogConfig: Setting CVar [[gc.MaxObjectsNotConsideredByGC:1]]
[2021.09.30-08.10.56:423][  0]LogConfig: Setting CVar [[gc.SizeOfPermanentObjectPool:0]]
[2021.09.30-08.10.56:423][  0]LogConfig: Setting CVar [[gc.FlushStreamingOnGC:0]]
[2021.09.30-08.10.56:423][  0]LogConfig: Setting CVar [[gc.NumRetriesBeforeForcingGC:10]]
[2021.09.30-08.10.56:423][  0]LogConfig: Setting CVar [[gc.AllowParallelGC:1]]
[2021.09.30-08.10.56:423][  0]LogConfig: Setting CVar [[gc.TimeBetweenPurgingPendingKillObjects:61.1]]
[2021.09.30-08.10.56:423][  0]LogConfig: Setting CVar [[gc.MaxObjectsInEditor:25165824]]
[2021.09.30-08.10.56:423][  0]LogConfig: Setting CVar [[gc.IncrementalBeginDestroyEnabled:1]]
[2021.09.30-08.10.56:423][  0]LogConfig: Setting CVar [[gc.CreateGCClusters:1]]
[2021.09.30-08.10.56:423][  0]LogConfig: Setting CVar [[gc.MinGCClusterSize:5]]
[2021.09.30-08.10.56:423][  0]LogConfig: Setting CVar [[gc.ActorClusteringEnabled:0]]
[2021.09.30-08.10.56:423][  0]LogConfig: Setting CVar [[gc.BlueprintClusteringEnabled:0]]
[2021.09.30-08.10.56:423][  0]LogConfig: Setting CVar [[gc.UseDisregardForGCOnDedicatedServers:0]]
[2021.09.30-08.10.56:423][  0]LogConfig: Applying CVar settings from Section [/Script/Engine.NetworkSettings] File [C:/Users/gustav.anderssongut/Documents/GitHub/Deathbattle7.0/Saved/Config/Windows/Engine.ini]
[2021.09.30-08.10.56:423][  0]LogConfig: Applying CVar settings from Section [/Script/UnrealEd.CookerSettings] File [C:/Users/gustav.anderssongut/Documents/GitHub/Deathbattle7.0/Saved/Config/Windows/Engine.ini]
[2021.09.30-08.10.56:427][  0]LogConfig: Applying CVar settings from Section [ViewDistanceQuality@3] File [C:/Users/gustav.anderssongut/Documents/GitHub/Deathbattle7.0/Saved/Config/Windows/Scalability.ini]
[2021.09.30-08.10.56:427][  0]LogConfig: Setting CVar [[r.SkeletalMeshLODBias:0]]
[2021.09.30-08.10.56:427][  0]LogConfig: Setting CVar [[r.ViewDistanceScale:1.0]]
[2021.09.30-08.10.56:428][  0]LogConfig: Applying CVar settings from Section [AntiAliasingQuality@3] File [C:/Users/gustav.anderssongut/Documents/GitHub/Deathbattle7.0/Saved/Config/Windows/Scalability.ini]
[2021.09.30-08.10.56:428][  0]LogConfig: Setting CVar [[r.PostProcessAAQuality:4]]
[2021.09.30-08.10.56:428][  0]LogConfig: Applying CVar settings from Section [ShadowQuality@3] File [C:/Users/gustav.anderssongut/Documents/GitHub/Deathbattle7.0/Saved/Config/Windows/Scalability.ini]
[2021.09.30-08.10.56:428][  0]LogConfig: Setting CVar [[r.LightFunctionQuality:1]]
[2021.09.30-08.10.56:428][  0]LogConfig: Setting CVar [[r.ShadowQuality:5]]
[2021.09.30-08.10.56:428][  0]LogConfig: Setting CVar [[r.Shadow.CSM.MaxCascades:10]]
[2021.09.30-08.10.56:428][  0]LogConfig: Setting CVar [[r.Shadow.MaxResolution:2048]]
[2021.09.30-08.10.56:428][  0]LogConfig: Setting CVar [[r.Shadow.MaxCSMResolution:2048]]
[2021.09.30-08.10.56:428][  0]LogConfig: Setting CVar [[r.Shadow.RadiusThreshold:0.01]]
[2021.09.30-08.10.56:428][  0]LogConfig: Setting CVar [[r.Shadow.DistanceScale:1.0]]
[2021.09.30-08.10.56:428][  0]LogConfig: Setting CVar [[r.Shadow.CSM.TransitionScale:1.0]]
[2021.09.30-08.10.56:428][  0]LogConfig: Setting CVar [[r.Shadow.PreShadowResolutionFactor:1.0]]
[2021.09.30-08.10.56:428][  0]LogConfig: Setting CVar [[r.DistanceFieldShadowing:1]]
[2021.09.30-08.10.56:428][  0]LogConfig: Setting CVar [[r.DistanceFieldAO:1]]
[2021.09.30-08.10.56:428][  0]LogConfig: Setting CVar [[r.AOQuality:2]]
[2021.09.30-08.10.56:428][  0]LogConfig: Setting CVar [[r.VolumetricFog:1]]
[2021.09.30-08.10.56:428][  0]LogConfig: Setting CVar [[r.VolumetricFog.GridPixelSize:8]]
[2021.09.30-08.10.56:428][  0]LogConfig: Setting CVar [[r.VolumetricFog.GridSizeZ:128]]
[2021.09.30-08.10.56:428][  0]LogConfig: Setting CVar [[r.VolumetricFog.HistoryMissSupersampleCount:4]]
[2021.09.30-08.10.56:429][  0]LogConfig: Setting CVar [[r.LightMaxDrawDistanceScale:1]]
[2021.09.30-08.10.56:429][  0]LogConfig: Setting CVar [[r.CapsuleShadows:1]]
[2021.09.30-08.10.56:429][  0]LogConfig: Applying CVar settings from Section [PostProcessQuality@3] File [C:/Users/gustav.anderssongut/Documents/GitHub/Deathbattle7.0/Saved/Config/Windows/Scalability.ini]
[2021.09.30-08.10.56:429][  0]LogConfig: Setting CVar [[r.MotionBlurQuality:4]]
[2021.09.30-08.10.56:429][  0]LogConfig: Setting CVar [[r.AmbientOcclusionMipLevelFactor:0.4]]
[2021.09.30-08.10.56:429][  0]LogConfig: Setting CVar [[r.AmbientOcclusionMaxQuality:100]]
[2021.09.30-08.10.56:429][  0]LogConfig: Setting CVar [[r.AmbientOcclusionLevels:-1]]
[2021.09.30-08.10.56:429][  0]LogConfig: Setting CVar [[r.AmbientOcclusionRadiusScale:1.0]]
[2021.09.30-08.10.56:429][  0]LogConfig: Setting CVar [[r.DepthOfFieldQuality:2]]
[2021.09.30-08.10.56:429][  0]LogConfig: Setting CVar [[r.RenderTargetPoolMin:400]]
[2021.09.30-08.10.56:429][  0]LogConfig: Setting CVar [[r.LensFlareQuality:2]]
[2021.09.30-08.10.56:429][  0]LogConfig: Setting CVar [[r.SceneColorFringeQuality:1]]
[2021.09.30-08.10.56:429][  0]LogConfig: Setting CVar [[r.EyeAdaptationQuality:2]]
[2021.09.30-08.10.56:429][  0]LogConfig: Setting CVar [[r.BloomQuality:5]]
[2021.09.30-08.10.56:429][  0]LogConfig: Setting CVar [[r.FastBlurThreshold:100]]
[2021.09.30-08.10.56:429][  0]LogConfig: Setting CVar [[r.Upscale.Quality:3]]
[2021.09.30-08.10.56:429][  0]LogConfig: Setting CVar [[r.Tonemapper.GrainQuantization:1]]
[2021.09.30-08.10.56:429][  0]LogConfig: Setting CVar [[r.LightShaftQuality:1]]
[2021.09.30-08.10.56:429][  0]LogConfig: Setting CVar [[r.Filter.SizeScale:1]]
[2021.09.30-08.10.56:429][  0]LogConfig: Setting CVar [[r.Tonemapper.Quality:5]]
[2021.09.30-08.10.56:429][  0]LogConfig: Setting CVar [[r.DOF.Gather.AccumulatorQuality:1        ; higher gathering accumulator quality]]
[2021.09.30-08.10.56:429][  0]LogConfig: Setting CVar [[r.DOF.Gather.PostfilterMethod:1          ; Median3x3 postfilering method]]
[2021.09.30-08.10.56:430][  0]LogConfig: Setting CVar [[r.DOF.Gather.EnableBokehSettings:0       ; no bokeh simulation when gathering]]
[2021.09.30-08.10.56:430][  0]LogConfig: Setting CVar [[r.DOF.Gather.RingCount:4                 ; medium number of samples when gathering]]
[2021.09.30-08.10.56:430][  0]LogConfig: Setting CVar [[r.DOF.Scatter.ForegroundCompositing:1    ; additive foreground scattering]]
[2021.09.30-08.10.56:430][  0]LogConfig: Setting CVar [[r.DOF.Scatter.BackgroundCompositing:2    ; additive background scattering]]
[2021.09.30-08.10.56:430][  0]LogConfig: Setting CVar [[r.DOF.Scatter.EnableBokehSettings:1      ; bokeh simulation when scattering]]
[2021.09.30-08.10.56:430][  0]LogConfig: Setting CVar [[r.DOF.Scatter.MaxSpriteRatio:0.1         ; only a maximum of 10% of scattered bokeh]]
[2021.09.30-08.10.56:430][  0]LogConfig: Setting CVar [[r.DOF.Recombine.Quality:1                ; cheap slight out of focus]]
[2021.09.30-08.10.56:430][  0]LogConfig: Setting CVar [[r.DOF.Recombine.EnableBokehSettings:0    ; no bokeh simulation on slight out of focus]]
[2021.09.30-08.10.56:430][  0]LogConfig: Setting CVar [[r.DOF.TemporalAAQuality:1                ; more stable temporal accumulation]]
[2021.09.30-08.10.56:430][  0]LogConfig: Setting CVar [[r.DOF.Kernel.MaxForegroundRadius:0.025]]
[2021.09.30-08.10.56:430][  0]LogConfig: Setting CVar [[r.DOF.Kernel.MaxBackgroundRadius:0.025]]
[2021.09.30-08.10.56:430][  0]LogConfig: Applying CVar settings from Section [TextureQuality@3] File [C:/Users/gustav.anderssongut/Documents/GitHub/Deathbattle7.0/Saved/Config/Windows/Scalability.ini]
[2021.09.30-08.10.56:430][  0]LogConfig: Setting CVar [[r.Streaming.MipBias:0]]
[2021.09.30-08.10.56:430][  0]LogConfig: Setting CVar [[r.Streaming.AmortizeCPUToGPUCopy:0]]
[2021.09.30-08.10.56:430][  0]LogConfig: Setting CVar [[r.Streaming.MaxNumTexturesToStreamPerFrame:0]]
[2021.09.30-08.10.56:430][  0]LogConfig: Setting CVar [[r.Streaming.Boost:1]]
[2021.09.30-08.10.56:430][  0]LogConfig: Setting CVar [[r.MaxAnisotropy:8]]
[2021.09.30-08.10.56:430][  0]LogConfig: Setting CVar [[r.VT.MaxAnisotropy:8]]
[2021.09.30-08.10.56:430][  0]LogConfig: Setting CVar [[r.Streaming.LimitPoolSizeToVRAM:0]]
[2021.09.30-08.10.56:430][  0]LogConfig: Setting CVar [[r.Streaming.PoolSize:1000]]
[2021.09.30-08.10.56:430][  0]LogConfig: Setting CVar [[r.Streaming.MaxEffectiveScreenSize:0]]
[2021.09.30-08.10.56:430][  0]LogConfig: Applying CVar settings from Section [EffectsQuality@3] File [C:/Users/gustav.anderssongut/Documents/GitHub/Deathbattle7.0/Saved/Config/Windows/Scalability.ini]
[2021.09.30-08.10.56:430][  0]LogConfig: Setting CVar [[r.TranslucencyLightingVolumeDim:64]]
[2021.09.30-08.10.56:430][  0]LogConfig: Setting CVar [[r.RefractionQuality:2]]
[2021.09.30-08.10.56:431][  0]LogConfig: Setting CVar [[r.SSR.Quality:3]]
[2021.09.30-08.10.56:431][  0]LogConfig: Setting CVar [[r.SSR.HalfResSceneColor:0]]
[2021.09.30-08.10.56:431][  0]LogConfig: Setting CVar [[r.SceneColorFormat:4]]
[2021.09.30-08.10.56:431][  0]LogConfig: Setting CVar [[r.DetailMode:2]]
[2021.09.30-08.10.56:431][  0]LogConfig: Setting CVar [[r.TranslucencyVolumeBlur:1]]
[2021.09.30-08.10.56:431][  0]LogConfig: Setting CVar [[r.MaterialQualityLevel:1 ; High quality]]
[2021.09.30-08.10.56:431][  0]LogConfig: Setting CVar [[r.SSS.Scale:1]]
[2021.09.30-08.10.56:431][  0]LogConfig: Setting CVar [[r.SSS.SampleSet:2]]
[2021.09.30-08.10.56:431][  0]LogConfig: Setting CVar [[r.SSS.Quality:1]]
[2021.09.30-08.10.56:431][  0]LogConfig: Setting CVar [[r.SSS.HalfRes:0]]
[2021.09.30-08.10.56:431][  0]LogConfig: Setting CVar [[r.SSGI.Quality:3]]
[2021.09.30-08.10.56:431][  0]LogConfig: Setting CVar [[r.EmitterSpawnRateScale:1.0]]
[2021.09.30-08.10.56:431][  0]LogConfig: Setting CVar [[r.ParticleLightQuality:2]]
[2021.09.30-08.10.56:431][  0]LogConfig: Setting CVar [[r.SkyAtmosphere.AerialPerspectiveLUT.FastApplyOnOpaque:1 ; Always have FastSkyLUT 1 in this case to avoid wrong sky]]
[2021.09.30-08.10.56:431][  0]LogConfig: Setting CVar [[r.SkyAtmosphere.AerialPerspectiveLUT.SampleCountPerSlice:1]]
[2021.09.30-08.10.56:431][  0]LogConfig: Setting CVar [[r.SkyAtmosphere.AerialPerspectiveLUT.DepthResolution:16.0]]
[2021.09.30-08.10.56:431][  0]LogConfig: Setting CVar [[r.SkyAtmosphere.FastSkyLUT:1]]
[2021.09.30-08.10.56:431][  0]LogConfig: Setting CVar [[r.SkyAtmosphere.FastSkyLUT.SampleCountMin:4.0]]
[2021.09.30-08.10.56:431][  0]LogConfig: Setting CVar [[r.SkyAtmosphere.FastSkyLUT.SampleCountMax:32.0]]
[2021.09.30-08.10.56:431][  0]LogConfig: Setting CVar [[r.SkyAtmosphere.SampleCountMin:4.0]]
[2021.09.30-08.10.56:431][  0]LogConfig: Setting CVar [[r.SkyAtmosphere.SampleCountMax:32.0]]
[2021.09.30-08.10.56:431][  0]LogConfig: Setting CVar [[r.SkyAtmosphere.TransmittanceLUT.UseSmallFormat:0]]
[2021.09.30-08.10.56:431][  0]LogConfig: Setting CVar [[r.SkyAtmosphere.TransmittanceLUT.SampleCount:10.0]]
[2021.09.30-08.10.56:431][  0]LogConfig: Setting CVar [[r.SkyAtmosphere.MultiScatteringLUT.SampleCount:15.0]]
[2021.09.30-08.10.56:431][  0]LogConfig: Applying CVar settings from Section [FoliageQuality@3] File [C:/Users/gustav.anderssongut/Documents/GitHub/Deathbattle7.0/Saved/Config/Windows/Scalability.ini]
[2021.09.30-08.10.56:431][  0]LogConfig: Setting CVar [[foliage.DensityScale:1.0]]
[2021.09.30-08.10.56:431][  0]LogConfig: Setting CVar [[grass.DensityScale:1.0]]
[2021.09.30-08.10.56:431][  0]LogConfig: Applying CVar settings from Section [ShadingQuality@3] File [C:/Users/gustav.anderssongut/Documents/GitHub/Deathbattle7.0/Saved/Config/Windows/Scalability.ini]
[2021.09.30-08.10.56:432][  0]LogConfig: Setting CVar [[r.HairStrands.SkyLighting.SampleCount:16]]
[2021.09.30-08.10.56:432][  0]LogConfig: Setting CVar [[r.HairStrands.SkyLighting.JitterIntegration:0]]
[2021.09.30-08.10.56:432][  0]LogConfig: Setting CVar [[r.HairStrands.SkyAO.SampleCount:16]]
[2021.09.30-08.10.56:432][  0]LogConfig: Setting CVar [[r.HairStrands.DeepShadow.SuperSampling:0]]
[2021.09.30-08.10.56:432][  0]LogConfig: Setting CVar [[r.HairStrands.VisibilityPPLL:0]]
[2021.09.30-08.10.56:432][  0]LogConfig: Setting CVar [[r.HairStrands.RasterizationScale:0.5]]
[2021.09.30-08.10.56:432][  0]LogConfig: Setting CVar [[r.HairStrands.VelocityRasterizationScale:1]]
[2021.09.30-08.10.56:432][  0]LogInit: Selected Device Profile: [Windows]
[2021.09.30-08.10.56:432][  0]LogInit: Applying CVar settings loaded from the selected device profile: [Windows]
[2021.09.30-08.10.56:432][  0]LogHAL: Display: Platform has ~ 16 GB [17009516544 / 17179869184 / 16], which maps to Larger [LargestMinGB=32, LargerMinGB=12, DefaultMinGB=8, SmallerMinGB=6, SmallestMinGB=0)
[2021.09.30-08.10.56:432][  0]LogInit: Going up to parent DeviceProfile []
[2021.09.30-08.10.56:432][  0]LogConfig: Applying CVar settings from Section [ViewDistanceQuality@3] File [C:/Users/gustav.anderssongut/Documents/GitHub/Deathbattle7.0/Saved/Config/Windows/Scalability.ini]
[2021.09.30-08.10.56:432][  0]LogConfig: Setting CVar [[r.SkeletalMeshLODBias:0]]
[2021.09.30-08.10.56:433][  0]LogConfig: Setting CVar [[r.ViewDistanceScale:1.0]]
[2021.09.30-08.10.56:433][  0]LogConfig: Applying CVar settings from Section [AntiAliasingQuality@3] File [C:/Users/gustav.anderssongut/Documents/GitHub/Deathbattle7.0/Saved/Config/Windows/Scalability.ini]
[2021.09.30-08.10.56:433][  0]LogConfig: Setting CVar [[r.PostProcessAAQuality:4]]
[2021.09.30-08.10.56:433][  0]LogConfig: Applying CVar settings from Section [ShadowQuality@3] File [C:/Users/gustav.anderssongut/Documents/GitHub/Deathbattle7.0/Saved/Config/Windows/Scalability.ini]
[2021.09.30-08.10.56:433][  0]LogConfig: Setting CVar [[r.LightFunctionQuality:1]]
[2021.09.30-08.10.56:433][  0]LogConfig: Setting CVar [[r.ShadowQuality:5]]
[2021.09.30-08.10.56:433][  0]LogConfig: Setting CVar [[r.Shadow.CSM.MaxCascades:10]]
[2021.09.30-08.10.56:433][  0]LogConfig: Setting CVar [[r.Shadow.MaxResolution:2048]]
[2021.09.30-08.10.56:433][  0]LogConfig: Setting CVar [[r.Shadow.MaxCSMResolution:2048]]
[2021.09.30-08.10.56:433][  0]LogConfig: Setting CVar [[r.Shadow.RadiusThreshold:0.01]]
[2021.09.30-08.10.56:433][  0]LogConfig: Setting CVar [[r.Shadow.DistanceScale:1.0]]
[2021.09.30-08.10.56:433][  0]LogConfig: Setting CVar [[r.Shadow.CSM.TransitionScale:1.0]]
[2021.09.30-08.10.56:433][  0]LogConfig: Setting CVar [[r.Shadow.PreShadowResolutionFactor:1.0]]
[2021.09.30-08.10.56:433][  0]LogConfig: Setting CVar [[r.DistanceFieldShadowing:1]]
[2021.09.30-08.10.56:433][  0]LogConfig: Setting CVar [[r.DistanceFieldAO:1]]
[2021.09.30-08.10.56:433][  0]LogConfig: Setting CVar [[r.AOQuality:2]]
[2021.09.30-08.10.56:433][  0]LogConfig: Setting CVar [[r.VolumetricFog:1]]
[2021.09.30-08.10.56:433][  0]LogConfig: Setting CVar [[r.VolumetricFog.GridPixelSize:8]]
[2021.09.30-08.10.56:433][  0]LogConfig: Setting CVar [[r.VolumetricFog.GridSizeZ:128]]
[2021.09.30-08.10.56:433][  0]LogConfig: Setting CVar [[r.VolumetricFog.HistoryMissSupersampleCount:4]]
[2021.09.30-08.10.56:434][  0]LogConfig: Setting CVar [[r.LightMaxDrawDistanceScale:1]]
[2021.09.30-08.10.56:434][  0]LogConfig: Setting CVar [[r.CapsuleShadows:1]]
[2021.09.30-08.10.56:434][  0]LogConfig: Applying CVar settings from Section [PostProcessQuality@3] File [C:/Users/gustav.anderssongut/Documents/GitHub/Deathbattle7.0/Saved/Config/Windows/Scalability.ini]
[2021.09.30-08.10.56:434][  0]LogConfig: Setting CVar [[r.MotionBlurQuality:4]]
[2021.09.30-08.10.56:434][  0]LogConfig: Setting CVar [[r.AmbientOcclusionMipLevelFactor:0.4]]
[2021.09.30-08.10.56:434][  0]LogConfig: Setting CVar [[r.AmbientOcclusionMaxQuality:100]]
[2021.09.30-08.10.56:434][  0]LogConfig: Setting CVar [[r.AmbientOcclusionLevels:-1]]
[2021.09.30-08.10.56:434][  0]LogConfig: Setting CVar [[r.AmbientOcclusionRadiusScale:1.0]]
[2021.09.30-08.10.56:434][  0]LogConfig: Setting CVar [[r.DepthOfFieldQuality:2]]
[2021.09.30-08.10.56:434][  0]LogConfig: Setting CVar [[r.RenderTargetPoolMin:400]]
[2021.09.30-08.10.56:434][  0]LogConfig: Setting CVar [[r.LensFlareQuality:2]]
[2021.09.30-08.10.56:434][  0]LogConfig: Setting CVar [[r.SceneColorFringeQuality:1]]
[2021.09.30-08.10.56:434][  0]LogConfig: Setting CVar [[r.EyeAdaptationQuality:2]]
[2021.09.30-08.10.56:434][  0]LogConfig: Setting CVar [[r.BloomQuality:5]]
[2021.09.30-08.10.56:434][  0]LogConfig: Setting CVar [[r.FastBlurThreshold:100]]
[2021.09.30-08.10.56:434][  0]LogConfig: Setting CVar [[r.Upscale.Quality:3]]
[2021.09.30-08.10.56:434][  0]LogConfig: Setting CVar [[r.Tonemapper.GrainQuantization:1]]
[2021.09.30-08.10.56:434][  0]LogConfig: Setting CVar [[r.LightShaftQuality:1]]
[2021.09.30-08.10.56:434][  0]LogConfig: Setting CVar [[r.Filter.SizeScale:1]]
[2021.09.30-08.10.56:434][  0]LogConfig: Setting CVar [[r.Tonemapper.Quality:5]]
[2021.09.30-08.10.56:434][  0]LogConfig: Setting CVar [[r.DOF.Gather.AccumulatorQuality:1        ; higher gathering accumulator quality]]
[2021.09.30-08.10.56:434][  0]LogConfig: Setting CVar [[r.DOF.Gather.PostfilterMethod:1          ; Median3x3 postfilering method]]
[2021.09.30-08.10.56:434][  0]LogConfig: Setting CVar [[r.DOF.Gather.EnableBokehSettings:0       ; no bokeh simulation when gathering]]
[2021.09.30-08.10.56:434][  0]LogConfig: Setting CVar [[r.DOF.Gather.RingCount:4                 ; medium number of samples when gathering]]
[2021.09.30-08.10.56:434][  0]LogConfig: Setting CVar [[r.DOF.Scatter.ForegroundCompositing:1    ; additive foreground scattering]]
[2021.09.30-08.10.56:434][  0]LogConfig: Setting CVar [[r.DOF.Scatter.BackgroundCompositing:2    ; additive background scattering]]
[2021.09.30-08.10.56:434][  0]LogConfig: Setting CVar [[r.DOF.Scatter.EnableBokehSettings:1      ; bokeh simulation when scattering]]
[2021.09.30-08.10.56:434][  0]LogConfig: Setting CVar [[r.DOF.Scatter.MaxSpriteRatio:0.1         ; only a maximum of 10% of scattered bokeh]]
[2021.09.30-08.10.56:434][  0]LogConfig: Setting CVar [[r.DOF.Recombine.Quality:1                ; cheap slight out of focus]]
[2021.09.30-08.10.56:434][  0]LogConfig: Setting CVar [[r.DOF.Recombine.EnableBokehSettings:0    ; no bokeh simulation on slight out of focus]]
[2021.09.30-08.10.56:435][  0]LogConfig: Setting CVar [[r.DOF.TemporalAAQuality:1                ; more stable temporal accumulation]]
[2021.09.30-08.10.56:435][  0]LogConfig: Setting CVar [[r.DOF.Kernel.MaxForegroundRadius:0.025]]
[2021.09.30-08.10.56:435][  0]LogConfig: Setting CVar [[r.DOF.Kernel.MaxBackgroundRadius:0.025]]
[2021.09.30-08.10.56:435][  0]LogConfig: Applying CVar settings from Section [TextureQuality@3] File [C:/Users/gustav.anderssongut/Documents/GitHub/Deathbattle7.0/Saved/Config/Windows/Scalability.ini]
[2021.09.30-08.10.56:435][  0]LogConfig: Setting CVar [[r.Streaming.MipBias:0]]
[2021.09.30-08.10.56:435][  0]LogConfig: Setting CVar [[r.Streaming.AmortizeCPUToGPUCopy:0]]
[2021.09.30-08.10.56:435][  0]LogConfig: Setting CVar [[r.Streaming.MaxNumTexturesToStreamPerFrame:0]]
[2021.09.30-08.10.56:435][  0]LogConfig: Setting CVar [[r.Streaming.Boost:1]]
[2021.09.30-08.10.56:435][  0]LogConfig: Setting CVar [[r.MaxAnisotropy:8]]
[2021.09.30-08.10.56:435][  0]LogConfig: Setting CVar [[r.VT.MaxAnisotropy:8]]
[2021.09.30-08.10.56:435][  0]LogConfig: Setting CVar [[r.Streaming.LimitPoolSizeToVRAM:0]]
[2021.09.30-08.10.56:435][  0]LogConfig: Setting CVar [[r.Streaming.PoolSize:1000]]
[2021.09.30-08.10.56:435][  0]LogConfig: Setting CVar [[r.Streaming.MaxEffectiveScreenSize:0]]
[2021.09.30-08.10.56:435][  0]LogConfig: Applying CVar settings from Section [EffectsQuality@3] File [C:/Users/gustav.anderssongut/Documents/GitHub/Deathbattle7.0/Saved/Config/Windows/Scalability.ini]
[2021.09.30-08.10.56:435][  0]LogConfig: Setting CVar [[r.TranslucencyLightingVolumeDim:64]]
[2021.09.30-08.10.56:435][  0]LogConfig: Setting CVar [[r.RefractionQuality:2]]
[2021.09.30-08.10.56:435][  0]LogConfig: Setting CVar [[r.SSR.Quality:3]]
[2021.09.30-08.10.56:435][  0]LogConfig: Setting CVar [[r.SSR.HalfResSceneColor:0]]
[2021.09.30-08.10.56:435][  0]LogConfig: Setting CVar [[r.SceneColorFormat:4]]
[2021.09.30-08.10.56:435][  0]LogConfig: Setting CVar [[r.DetailMode:2]]
[2021.09.30-08.10.56:435][  0]LogConfig: Setting CVar [[r.TranslucencyVolumeBlur:1]]
[2021.09.30-08.10.56:435][  0]LogConfig: Setting CVar [[r.MaterialQualityLevel:1 ; High quality]]
[2021.09.30-08.10.56:435][  0]LogConfig: Setting CVar [[r.SSS.Scale:1]]
[2021.09.30-08.10.56:435][  0]LogConfig: Setting CVar [[r.SSS.SampleSet:2]]
[2021.09.30-08.10.56:435][  0]LogConfig: Setting CVar [[r.SSS.Quality:1]]
[2021.09.30-08.10.56:435][  0]LogConfig: Setting CVar [[r.SSS.HalfRes:0]]
[2021.09.30-08.10.56:435][  0]LogConfig: Setting CVar [[r.SSGI.Quality:3]]
[2021.09.30-08.10.56:435][  0]LogConfig: Setting CVar [[r.EmitterSpawnRateScale:1.0]]
[2021.09.30-08.10.56:435][  0]LogConfig: Setting CVar [[r.ParticleLightQuality:2]]
[2021.09.30-08.10.56:435][  0]LogConfig: Setting CVar [[r.SkyAtmosphere.AerialPerspectiveLUT.FastApplyOnOpaque:1 ; Always have FastSkyLUT 1 in this case to avoid wrong sky]]
[2021.09.30-08.10.56:436][  0]LogConfig: Setting CVar [[r.SkyAtmosphere.AerialPerspectiveLUT.SampleCountPerSlice:1]]
[2021.09.30-08.10.56:436][  0]LogConfig: Setting CVar [[r.SkyAtmosphere.AerialPerspectiveLUT.DepthResolution:16.0]]
[2021.09.30-08.10.56:436][  0]LogConfig: Setting CVar [[r.SkyAtmosphere.FastSkyLUT:1]]
[2021.09.30-08.10.56:436][  0]LogConfig: Setting CVar [[r.SkyAtmosphere.FastSkyLUT.SampleCountMin:4.0]]
[2021.09.30-08.10.56:436][  0]LogConfig: Setting CVar [[r.SkyAtmosphere.FastSkyLUT.SampleCountMax:32.0]]
[2021.09.30-08.10.56:436][  0]LogConfig: Setting CVar [[r.SkyAtmosphere.SampleCountMin:4.0]]
[2021.09.30-08.10.56:436][  0]LogConfig: Setting CVar [[r.SkyAtmosphere.SampleCountMax:32.0]]
[2021.09.30-08.10.56:436][  0]LogConfig: Setting CVar [[r.SkyAtmosphere.TransmittanceLUT.UseSmallFormat:0]]
[2021.09.30-08.10.56:436][  0]LogConfig: Setting CVar [[r.SkyAtmosphere.TransmittanceLUT.SampleCount:10.0]]
[2021.09.30-08.10.56:436][  0]LogConfig: Setting CVar [[r.SkyAtmosphere.MultiScatteringLUT.SampleCount:15.0]]
[2021.09.30-08.10.56:436][  0]LogConfig: Applying CVar settings from Section [FoliageQuality@3] File [C:/Users/gustav.anderssongut/Documents/GitHub/Deathbattle7.0/Saved/Config/Windows/Scalability.ini]
[2021.09.30-08.10.56:436][  0]LogConfig: Setting CVar [[foliage.DensityScale:1.0]]
[2021.09.30-08.10.56:436][  0]LogConfig: Setting CVar [[grass.DensityScale:1.0]]
[2021.09.30-08.10.56:436][  0]LogConfig: Applying CVar settings from Section [ShadingQuality@3] File [C:/Users/gustav.anderssongut/Documents/GitHub/Deathbattle7.0/Saved/Config/Windows/Scalability.ini]
[2021.09.30-08.10.56:436][  0]LogConfig: Setting CVar [[r.HairStrands.SkyLighting.SampleCount:16]]
[2021.09.30-08.10.56:436][  0]LogConfig: Setting CVar [[r.HairStrands.SkyLighting.JitterIntegration:0]]
[2021.09.30-08.10.56:436][  0]LogConfig: Setting CVar [[r.HairStrands.SkyAO.SampleCount:16]]
[2021.09.30-08.10.56:436][  0]LogConfig: Setting CVar [[r.HairStrands.DeepShadow.SuperSampling:0]]
[2021.09.30-08.10.56:436][  0]LogConfig: Setting CVar [[r.HairStrands.VisibilityPPLL:0]]
[2021.09.30-08.10.56:436][  0]LogConfig: Setting CVar [[r.HairStrands.RasterizationScale:0.5]]
[2021.09.30-08.10.56:436][  0]LogConfig: Setting CVar [[r.HairStrands.VelocityRasterizationScale:1]]
[2021.09.30-08.10.56:436][  0]LogConfig: Applying CVar settings from Section [Startup] File [../../../Engine/Config/ConsoleVariables.ini]
[2021.09.30-08.10.56:437][  0]LogConfig: Setting CVar [[net.UseAdaptiveNetUpdateFrequency:0]]
[2021.09.30-08.10.56:437][  0]LogConfig: Setting CVar [[p.chaos.AllowCreatePhysxBodies:1]]
[2021.09.30-08.10.56:437][  0]LogConfig: Setting CVar [[fx.SkipVectorVMBackendOptimizations:1]]
[2021.09.30-08.10.56:438][  0]LogConfig: Applying CVar settings from Section [ConsoleVariables] File [C:/Users/gustav.anderssongut/Documents/GitHub/Deathbattle7.0/Saved/Config/Windows/Engine.ini]
[2021.09.30-08.10.56:438][  0]LogInit: Computer: 5CD02327XZ
[2021.09.30-08.10.56:438][  0]LogInit: User: gustavanderssongut
[2021.09.30-08.10.56:438][  0]LogInit: CPU Page size=4096, Cores=4
[2021.09.30-08.10.56:438][  0]LogInit: High frequency timer resolution =10.000000 MHz
[2021.09.30-08.10.56:438][  0]LogMemory: Memory total: Physical=15.8GB (16GB approx)
[2021.09.30-08.10.56:438][  0]LogMemory: Platform Memory Stats for Windows
[2021.09.30-08.10.56:438][  0]LogMemory: Process Physical Memory: 114.27 MB used, 114.27 MB peak
[2021.09.30-08.10.56:438][  0]LogMemory: Process Virtual Memory: 96.07 MB used, 96.07 MB peak
[2021.09.30-08.10.56:438][  0]LogMemory: Physical Memory: 8945.47 MB used,  7276.07 MB free, 16221.54 MB total
[2021.09.30-08.10.56:438][  0]LogMemory: Virtual Memory: 5143.16 MB used,  134212584.00 MB free, 134217728.00 MB total
[2021.09.30-08.10.56:450][  0]LogWindows: WindowsPlatformFeatures enabled
[2021.09.30-08.10.56:531][  0]LogInit: Physics initialised using underlying interface: PhysX
[2021.09.30-08.10.56:533][  0]LogInit: Using OS detected language (sv-SE).
[2021.09.30-08.10.56:533][  0]LogInit: Using OS detected locale (sv-SE).
[2021.09.30-08.10.56:538][  0]LogTextLocalizationManager: No localization for 'sv-SE' exists, so 'en' will be used for the language.
[2021.09.30-08.10.56:942][  0]LogInit: Setting process to per monitor DPI aware
[2021.09.30-08.10.57:012][  0]LogSlate: New Slate User Created.  User Index 0, Is Virtual User: 0
[2021.09.30-08.10.57:013][  0]LogSlate: Slate User Registered.  User Index 0, Is Virtual User: 0
[2021.09.30-08.10.57:271][  0]LogHMD: Failed to initialize OpenVR with code 110
[2021.09.30-08.10.57:271][  0]LogD3D11RHI: D3D11 min allowed feature level: 11_0
[2021.09.30-08.10.57:271][  0]LogD3D11RHI: D3D11 max allowed feature level: 11_0
[2021.09.30-08.10.57:271][  0]LogD3D11RHI: D3D11 adapters:
[2021.09.30-08.10.57:365][  0]LogD3D11RHI:    0. 'NVIDIA GeForce MX250' (Feature Level 11_0)
[2021.09.30-08.10.57:365][  0]LogD3D11RHI:       1983/0/8110 MB DedicatedVideo/DedicatedSystem/SharedSystem, Outputs:1, VendorId:0x10de
[2021.09.30-08.10.57:400][  0]LogD3D11RHI:    1. 'Intel(R) UHD Graphics' (Feature Level 11_0)
[2021.09.30-08.10.57:400][  0]LogD3D11RHI:       128/0/8110 MB DedicatedVideo/DedicatedSystem/SharedSystem, Outputs:0, VendorId:0x8086
[2021.09.30-08.10.57:404][  0]LogD3D11RHI:    2. 'Microsoft Basic Render Driver' (Feature Level 11_0)
[2021.09.30-08.10.57:404][  0]LogD3D11RHI:       0/0/8110 MB DedicatedVideo/DedicatedSystem/SharedSystem, Outputs:0, VendorId:0x1414
[2021.09.30-08.10.57:404][  0]LogD3D11RHI: Chosen D3D11 Adapter: 0
[2021.09.30-08.10.57:432][  0]LogD3D11RHI: Creating new Direct3DDevice
[2021.09.30-08.10.57:432][  0]LogD3D11RHI:     GPU DeviceId: 0x1d13 (for the marketing name, search the web for "GPU Device Id")
[2021.09.30-08.10.57:432][  0]LogWindows: EnumDisplayDevices:
[2021.09.30-08.10.57:432][  0]LogWindows:    0. 'Intel(R) UHD Graphics' (P:1 D:1)
[2021.09.30-08.10.57:433][  0]LogWindows:    1. 'Intel(R) UHD Graphics' (P:0 D:0)
[2021.09.30-08.10.57:433][  0]LogWindows:    2. 'Intel(R) UHD Graphics' (P:0 D:0)
[2021.09.30-08.10.57:433][  0]LogWindows: DebugString: PrimaryIsNotTheChoosenAdapter PrimaryIsNotTheChoosenAdapter PrimaryIsNotTheChoosenAdapter FoundDriverCount:0 
[2021.09.30-08.10.57:433][  0]LogD3D11RHI:     Adapter Name: NVIDIA GeForce MX250
[2021.09.30-08.10.57:433][  0]LogD3D11RHI:   Driver Version: Unknown (internal:Unknown, unified:Unknown)
[2021.09.30-08.10.57:433][  0]LogD3D11RHI:      Driver Date: Unknown
[2021.09.30-08.10.57:433][  0]LogRHI: Texture pool is 1388 MB (70% of 1983 MB)
[2021.09.30-08.10.57:496][  0]LogD3D11RHI: RHI has support for 64 bit atomics
[2021.09.30-08.10.57:496][  0]LogD3D11RHI: Async texture creation enabled
[2021.09.30-08.10.57:496][  0]LogD3D11RHI: Array index from any shader is supported
[2021.09.30-08.10.57:517][  0]LogD3D11RHI: GPU Timing Frequency: 1000.000000 (Debug: 2 1)
[2021.09.30-08.10.58:053][  0]LogTargetPlatformManager: Display: Loaded TargetPlatform 'AllDesktop'
[2021.09.30-08.10.58:095][  0]LogTargetPlatformManager: Display: Loaded TargetPlatform 'Android'
[2021.09.30-08.10.58:095][  0]LogTargetPlatformManager: Display: Loaded TargetPlatform 'Android_ASTC'
[2021.09.30-08.10.58:095][  0]LogTargetPlatformManager: Display: Loaded TargetPlatform 'Android_DXT'
[2021.09.30-08.10.58:095][  0]LogTargetPlatformManager: Display: Loaded TargetPlatform 'Android_ETC2'
[2021.09.30-08.10.58:095][  0]LogTargetPlatformManager: Display: Loaded TargetPlatform 'AndroidClient'
[2021.09.30-08.10.58:096][  0]LogTargetPlatformManager: Display: Loaded TargetPlatform 'Android_ASTCClient'
[2021.09.30-08.10.58:096][  0]LogTargetPlatformManager: Display: Loaded TargetPlatform 'Android_DXTClient'
[2021.09.30-08.10.58:096][  0]LogTargetPlatformManager: Display: Loaded TargetPlatform 'Android_ETC2Client'
[2021.09.30-08.10.58:096][  0]LogTargetPlatformManager: Display: Loaded TargetPlatform 'Android_Multi'
[2021.09.30-08.10.58:096][  0]LogTargetPlatformManager: Display: Loaded TargetPlatform 'Android_MultiClient'
[2021.09.30-08.10.58:138][  0]LogTargetPlatformManager: Display: Loaded TargetPlatform 'IOSClient'
[2021.09.30-08.10.58:138][  0]LogTargetPlatformManager: Display: Loaded TargetPlatform 'IOS'
[2021.09.30-08.10.58:158][  0]LogTargetPlatformManager: Display: Loaded TargetPlatform 'Linux'
[2021.09.30-08.10.58:173][  0]LogTargetPlatformManager: Display: Loaded TargetPlatform 'LinuxNoEditor'
[2021.09.30-08.10.58:192][  0]LogTargetPlatformManager: Display: Loaded TargetPlatform 'LinuxClient'
[2021.09.30-08.10.58:207][  0]LogTargetPlatformManager: Display: Loaded TargetPlatform 'LinuxServer'
[2021.09.30-08.10.58:224][  0]LogTargetPlatformManager: Display: Loaded TargetPlatform 'LinuxAArch64NoEditor'
[2021.09.30-08.10.58:240][  0]LogTargetPlatformManager: Display: Loaded TargetPlatform 'LinuxAArch64Client'
[2021.09.30-08.10.58:257][  0]LogTargetPlatformManager: Display: Loaded TargetPlatform 'LinuxAArch64Server'
[2021.09.30-08.10.58:310][  0]LogTargetPlatformManager: Display: Loaded TargetPlatform 'Lumin'
[2021.09.30-08.10.58:310][  0]LogTargetPlatformManager: Display: Loaded TargetPlatform 'LuminClient'
[2021.09.30-08.10.58:340][  0]LogTargetPlatformManager: Display: Loaded TargetPlatform 'TVOSClient'
[2021.09.30-08.10.58:340][  0]LogTargetPlatformManager: Display: Loaded TargetPlatform 'TVOS'
[2021.09.30-08.10.58:358][  0]LogTargetPlatformManager: Display: Loaded TargetPlatform 'WindowsNoEditor'
[2021.09.30-08.10.58:375][  0]LogTargetPlatformManager: Display: Loaded TargetPlatform 'Windows'
[2021.09.30-08.10.58:392][  0]LogTargetPlatformManager: Display: Loaded TargetPlatform 'WindowsClient'
[2021.09.30-08.10.58:406][  0]LogTargetPlatformManager: Display: Loaded TargetPlatform 'WindowsServer'
[2021.09.30-08.10.58:407][  0]LogTargetPlatformManager: Display: Building Assets For Windows
[2021.09.30-08.10.58:421][  0]LogAudioDebug: Display: Lib vorbis DLL was dynamically loaded.
[2021.09.30-08.10.58:525][  0]LogShaderCompilers: Guid format shader working directory is -16 characters bigger than the processId version (../../../../../../Users/gustav.anderssongut/Documents/GitHub/Deathbattle7.0/Intermediate/Shaders/WorkingDirectory/16200/).
[2021.09.30-08.10.58:525][  0]LogShaderCompilers: Cleaned the shader compiler working directory 'C:/Users/gustav.anderssongut/AppData/Local/Temp/UnrealShaderWorkingDir/734EDFB7437FBA69571CC095F03FA7E3/'.
[2021.09.30-08.10.58:526][  0]LogXGEController: Cannot use XGE Controller as Incredibuild is not installed on this machine.
[2021.09.30-08.10.58:526][  0]LogShaderCompilers: Cannot use XGE Shader Compiler as Incredibuild is not installed on this machine.
[2021.09.30-08.10.58:526][  0]LogShaderCompilers: Display: Using Local Shader Compiler.
[2021.09.30-08.10.59:856][  0]LogDerivedDataCache: Display: Max Cache Size: 512 MB
[2021.09.30-08.10.59:927][  0]LogDerivedDataCache: Loaded boot cache 0.07s 75MB C:/Users/gustav.anderssongut/AppData/Local/UnrealEngine/4.25/DerivedDataCache/Boot.ddc.
[2021.09.30-08.10.59:927][  0]LogDerivedDataCache: Display: Loaded Boot cache: C:/Users/gustav.anderssongut/AppData/Local/UnrealEngine/4.25/DerivedDataCache/Boot.ddc
[2021.09.30-08.10.59:928][  0]LogDerivedDataCache: FDerivedDataBackendGraph:  Pak pak cache file ../../../../../../Users/gustav.anderssongut/Documents/GitHub/Deathbattle7.0/DerivedDataCache/DDC.ddp not found, will not use a pak cache.
[2021.09.30-08.10.59:928][  0]LogDerivedDataCache: Unable to find inner node Pak for hierarchical cache Hierarchy.
[2021.09.30-08.10.59:928][  0]LogDerivedDataCache: FDerivedDataBackendGraph:  CompressedPak pak cache file ../../../../../../Users/gustav.anderssongut/Documents/GitHub/Deathbattle7.0/DerivedDataCache/Compressed.ddp not found, will not use a pak cache.
[2021.09.30-08.10.59:928][  0]LogDerivedDataCache: Unable to find inner node CompressedPak for hierarchical cache Hierarchy.
[2021.09.30-08.10.59:945][  0]LogDerivedDataCache: Display: Pak cache opened for reading ../../../Engine/DerivedDataCache/Compressed.ddp.
[2021.09.30-08.10.59:945][  0]LogDerivedDataCache: FDerivedDataBackendGraph:  EnterprisePak pak cache file ../../../Enterprise/DerivedDataCache/Compressed.ddp not found, will not use a pak cache.
[2021.09.30-08.10.59:945][  0]LogDerivedDataCache: Unable to find inner node EnterprisePak for hierarchical cache Hierarchy.
[2021.09.30-08.10.59:947][  0]LogDerivedDataCache: Using Local data cache path C:/Users/gustav.anderssongut/AppData/Local/UnrealEngine/Common/DerivedDataCache: Writable
[2021.09.30-08.10.59:948][  0]LogDerivedDataCache: Shared data cache path not found in *engine.ini, will not use an Shared cache.
[2021.09.30-08.10.59:948][  0]LogDerivedDataCache: Unable to find inner node Shared for hierarchical cache Hierarchy.
[2021.09.30-08.11.00:063][  0]LogSlate: Using FreeType 2.10.0
[2021.09.30-08.11.00:064][  0]LogSlate: SlateFontServices - WITH_FREETYPE: 1, WITH_HARFBUZZ: 1
[2021.09.30-08.11.00:112][  0]LogAssetRegistry: FAssetRegistry took 0.0052 seconds to start up
[2021.09.30-08.11.00:563][  0]LogInit: Selected Device Profile: [Windows]
[2021.09.30-08.11.00:781][  0]LogMeshReduction: Using QuadricMeshReduction for automatic static mesh reduction
[2021.09.30-08.11.00:781][  0]LogMeshReduction: Using SimplygonMeshReduction for automatic skeletal mesh reduction
[2021.09.30-08.11.00:781][  0]LogMeshReduction: Using ProxyLODMeshReduction for automatic mesh merging
[2021.09.30-08.11.00:781][  0]LogMeshReduction: No distributed automatic mesh merging module available
[2021.09.30-08.11.00:781][  0]LogMeshMerging: No distributed automatic mesh merging module available
[2021.09.30-08.11.00:806][  0]LogNetVersion: DeathBattle 1.0.0, NetCL: 13144385, EngineNetVer: 14, GameNetVer: 0 (Checksum: 2666842768)
[2021.09.30-08.11.01:690][  0]LogAISub: UAISubsystem::UAISubsystem AISubsystem (0000020EA0C63880), frame # 0
[2021.09.30-08.11.01:690][  0]LogAISub: UAISubsystem::UAISubsystem AIPerceptionSystem (0000020EA0C98400), frame # 0
[2021.09.30-08.11.01:693][  0]LogAISub: UAISubsystem::UAISubsystem EnvQueryManager (0000020EA0CB5E00), frame # 0
[2021.09.30-08.11.01:780][  0]LogPackageLocalizationCache: Processed 19 localized package path(s) for 1 prioritized culture(s) in 0.078052 seconds
[2021.09.30-08.11.01:789][  0]LogUObjectArray: 15917 objects as part of root set at end of initial load.
[2021.09.30-08.11.01:789][  0]LogUObjectAllocator: 3965568 out of 0 bytes used by permanent object pool.
[2021.09.30-08.11.01:789][  0]LogUObjectArray: CloseDisregardForGC: 0/0 objects in disregard for GC pool
[2021.09.30-08.11.02:375][  0]LogTcpMessaging: Initializing TcpMessaging bridge
[2021.09.30-08.11.02:384][  0]LogUdpMessaging: Initializing bridge on interface 0.0.0.0:0 to multicast group 230.0.0.1:6666.
[2021.09.30-08.11.02:518][  0]LogLinker: Warning: Failed to load '/Game/2DSideScrollerBP/2DSideScrollerOverview': Can't find file.
[2021.09.30-08.11.02:518][  0]LogLinker: Warning: Failed to load '/Game/2DSideScrollerBP/2DSideScrollerOverview': Can't find file.
[2021.09.30-08.11.02:518][  0]LogUObjectGlobals: Warning: Failed to find object 'Class /Game/2DSideScrollerBP/2DSideScrollerOverview.2DSideScrollerOverview_C'
[2021.09.30-08.11.02:578][  0]SourceControl: Source control is disabled
[2021.09.30-08.11.02:578][  0]SourceControl: Source control is disabled
[2021.09.30-08.11.02:583][  0]SourceControl: Source control is disabled
[2021.09.30-08.11.02:589][  0]SourceControl: Source control is disabled
[2021.09.30-08.11.02:600][  0]SourceControl: Source control is disabled
[2021.09.30-08.11.02:977][  0]LogAndroidPermission: UAndroidPermissionCallbackProxy::GetInstance
[2021.09.30-08.11.03:007][  0]LogAudioCaptureCore: Display: No Audio Capture implementations found. Audio input will be silent.
[2021.09.30-08.11.03:007][  0]LogAudioCaptureCore: Display: No Audio Capture implementations found. Audio input will be silent.
[2021.09.30-08.11.03:106][  0]LogOcInput: OculusInput pre-init called
[2021.09.30-08.11.03:131][  0]LogWindows: Failed to load 'OVRPlugin.dll' (GetLastError=126)
[2021.09.30-08.11.03:131][  0]LogWindows: File 'OVRPlugin.dll' does not exist
[2021.09.30-08.11.03:224][  0]LogEngine: Initializing Engine...
[2021.09.30-08.11.03:226][  0]LogHMD: Failed to initialize OpenVR with code 110
[2021.09.30-08.11.03:226][  0]LogMagicLeap: Warning: VR disabled because ZI is not enabled.  To enable, in the editor, Edit -> Project Settings -> Plugins -> Magic Leap Plugin -> Enable Zero Iteration
[2021.09.30-08.11.03:227][  0]LogStats: UGameplayTagsManager::InitializeManager -  0.000 s
[2021.09.30-08.11.03:424][  0]LogInit: Initializing FReadOnlyCVARCache
[2021.09.30-08.11.03:437][  0]LogAIModule: Creating AISystem for world Untitled
[2021.09.30-08.11.03:437][  0]LogAISub: UAISubsystem::UAISubsystem EnvQueryManager (0000020EA2CD3C00), frame # 0
[2021.09.30-08.11.03:437][  0]LogAISub: UAISubsystem::UAISubsystem AIPerceptionSystem (0000020EA2D03100), frame # 0
[2021.09.30-08.11.03:551][  0]LogAudioMixer: Display: Audio Mixer Platform Settings:
[2021.09.30-08.11.03:551][  0]LogAudioMixer: Display: 	Sample Rate:						  48000
[2021.09.30-08.11.03:551][  0]LogAudioMixer: Display: 	Callback Buffer Frame Size Requested: 1024
[2021.09.30-08.11.03:551][  0]LogAudioMixer: Display: 	Callback Buffer Frame Size To Use:	  1024
[2021.09.30-08.11.03:551][  0]LogAudioMixer: Display: 	Number of buffers to queue:			  2
[2021.09.30-08.11.03:551][  0]LogAudioMixer: Display: 	Max Channels (voices):				  32
[2021.09.30-08.11.03:551][  0]LogAudioMixer: Display: 	Number of Async Source Workers:		  0
[2021.09.30-08.11.03:551][  0]LogAudio: Display: AudioDevice MaxSources: 32
[2021.09.30-08.11.03:552][  0]LogAudio: Display: Using built-in audio occlusion.
[2021.09.30-08.11.03:552][  0]LogAudioMixer: Display: Initializing audio mixer.
[2021.09.30-08.11.03:576][  0]LogAudioMixer: Display: 0: FrontLeft
[2021.09.30-08.11.03:576][  0]LogAudioMixer: Display: 1: FrontRight
[2021.09.30-08.11.03:643][  0]LogAudioMixer: Display: Using Audio Device Högtalare (Realtek(R) Audio)
[2021.09.30-08.11.03:648][  0]LogAudioMixer: Display: Initializing Sound Submixes...
[2021.09.30-08.11.03:654][  0]LogAudioMixer: Display: Creating Master Submix 'MasterSubmixDefault'
[2021.09.30-08.11.03:654][  0]LogAudioMixer: Display: Creating Master Submix 'MasterReverbSubmixDefault'
[2021.09.30-08.11.03:655][  0]LogAudioMixer: Display: Creating Master Submix 'MasterEQSubmixDefault'
[2021.09.30-08.11.03:657][  0]LogInit: FAudioDevice initialized.
[2021.09.30-08.11.03:657][  0]LogNetVersion: Set ProjectVersion to 1.0.0.0. Version Checksum will be recalculated on next use.
[2021.09.30-08.11.03:743][  0]LogDerivedDataCache: Saved boot cache 0.09s 75MB C:/Users/gustav.anderssongut/AppData/Local/UnrealEngine/4.25/DerivedDataCache/Boot.ddc.
[2021.09.30-08.11.03:743][  0]LogInit: Texture streaming: Enabled
[2021.09.30-08.11.03:770][  0]LogEngineSessionManager: EngineSessionManager initialized
[2021.09.30-08.11.03:771][  0]LogEditorSessionSummary: Verbose: Initializing EditorSessionSummaryWriter for editor session tracking
[2021.09.30-08.11.03:774][  0]LogEditorSessionSummary: EditorSessionSummaryWriter initialized
[2021.09.30-08.11.03:844][  0]LogInit: Transaction tracking system initialized
[2021.09.30-08.11.03:877][  0]BlueprintLog: New page: Editor Load
[2021.09.30-08.11.03:998][  0]LocalizationService: Localization service is disabled
[2021.09.30-08.11.04:315][  0]LogCook: Display: Max memory allowance for cook 16384mb min free memory 0mb
[2021.09.30-08.11.04:315][  0]LogCook: Display: Mobile HDR setting 1
[2021.09.30-08.11.04:586][  0]LogFileCache: Scanning file cache for directory 'C:/Users/gustav.anderssongut/Documents/GitHub/Deathbattle7.0/Content/' took 0.01s
[2021.09.30-08.11.05:055][  0]SourceControl: Source control is disabled
[2021.09.30-08.11.05:056][  0]LogUnrealEdMisc: Loading editor; pre map load, took 11.666
[2021.09.30-08.11.05:056][  0]Cmd: MAP LOAD FILE="../../../../../../Users/gustav.anderssongut/Documents/GitHub/Deathbattle7.0/Content/SideScrollerBP/Maps/SideScrollerExampleMap.umap" TEMPLATE=0 SHOWPROGRESS=1 FEATURELEVEL=3
[2021.09.30-08.11.05:066][  0]LightingResults: New page: Lighting Build
[2021.09.30-08.11.05:068][  0]LogWorld: UWorld::CleanupWorld for Untitled, bSessionEnded=true, bCleanupResources=true
[2021.09.30-08.11.05:068][  0]LogSlate: InvalidateAllWidgets triggered.  All widgets were invalidated
[2021.09.30-08.11.05:068][  0]MapCheck: New page: Map Check
[2021.09.30-08.11.05:068][  0]LightingResults: New page: Lighting Build
[2021.09.30-08.11.05:086][  0]LogAISub: UAISubsystem::~UAISubsystem EnvQueryManager (0000020EA2CD3C00), frame # 0
[2021.09.30-08.11.05:087][  0]LogAISub: UAISubsystem::~UAISubsystem AIPerceptionSystem (0000020EA2D03100), frame # 0
[2021.09.30-08.11.05:088][  0]LogUObjectHash: Compacting FUObjectHashTables data took   1.54ms
[2021.09.30-08.11.06:083][  0]LogAIModule: Creating AISystem for world SideScrollerExampleMap
[2021.09.30-08.11.06:083][  0]LogAISub: UAISubsystem::UAISubsystem EnvQueryManager (0000020E973F4800), frame # 0
[2021.09.30-08.11.06:083][  0]LogAISub: UAISubsystem::UAISubsystem AIPerceptionSystem (0000020E973DF380), frame # 0
[2021.09.30-08.11.06:172][  0]LogEditorServer: Finished looking for orphan Actors (0.000 secs)
[2021.09.30-08.11.06:199][  0]LogUObjectHash: Compacting FUObjectHashTables data took   2.62ms
[2021.09.30-08.11.06:200][  0]Cmd: MAP CHECKDEP NOCLEARLOG
[2021.09.30-08.11.06:200][  0]MapCheck: Map check complete: 0 Error(s), 0 Warning(s), took 0,33ms to complete.
[2021.09.30-08.11.06:200][  0]LogFileHelpers: Loading map 'SideScrollerExampleMap' took 1.144
[2021.09.30-08.11.06:204][  0]LogUnrealEdMisc: Total Editor Startup Time, took 12.814
[2021.09.30-08.11.06:378][  0]LogSlate: Updating window title bar state: overlay mode, drag disabled, window buttons hidden, title bar hidden
[2021.09.30-08.11.06:390][  0]LogSlate: Updating window title bar state: overlay mode, drag disabled, window buttons hidden, title bar hidden
[2021.09.30-08.11.06:404][  0]LogSlate: Updating window title bar state: overlay mode, drag disabled, window buttons hidden, title bar hidden
[2021.09.30-08.11.06:415][  0]LogSlate: Updating window title bar state: overlay mode, drag disabled, window buttons hidden, title bar hidden
[2021.09.30-08.11.06:425][  0]LogCollectionManager: Loaded 0 collections in 0.002142 seconds
[2021.09.30-08.11.06:449][  0]LogFileCache: Scanning file cache for directory 'C:/Users/gustav.anderssongut/Documents/GitHub/Deathbattle7.0/Saved/Collections/' took 0.00s
[2021.09.30-08.11.06:450][  0]LogFileCache: Scanning file cache for directory 'C:/Users/gustav.anderssongut/Documents/GitHub/Deathbattle7.0/Content/Developers/gustavanderssongut/Collections/' took 0.00s
[2021.09.30-08.11.06:450][  0]LogFileCache: Scanning file cache for directory 'C:/Users/gustav.anderssongut/Documents/GitHub/Deathbattle7.0/Content/Collections/' took 0.00s
[2021.09.30-08.11.06:450][  0]LogContentBrowser: Native class hierarchy populated in 0.0156 seconds. Added 3436 classes and 826 folders.
[2021.09.30-08.11.06:453][  0]LogContentBrowser: Native class hierarchy updated for 'WidgetCarousel' in 0.0003 seconds. Added 0 classes and 0 folders.
[2021.09.30-08.11.07:235][  0]LogContentBrowser: Native class hierarchy updated for 'AddContentDialog' in 0.0004 seconds. Added 0 classes and 0 folders.
[2021.09.30-08.11.07:237][  0]LogContentBrowser: Native class hierarchy updated for 'SceneOutliner' in 0.0006 seconds. Added 2 classes and 0 folders.
[2021.09.30-08.11.07:320][  0]LogSlate: Took 0.000253 seconds to synchronously load lazily loaded font '../../../Engine/Content/Slate/Fonts/Roboto-Regular.ttf' (155K)
[2021.09.30-08.11.07:323][  0]LogSlate: Took 0.000286 seconds to synchronously load lazily loaded font '../../../Engine/Content/Slate/Fonts/Roboto-Bold.ttf' (160K)
[2021.09.30-08.11.07:343][  0]LogSlate: Took 0.011125 seconds to synchronously load lazily loaded font '../../../Engine/Content/Editor/Slate/Fonts/FontAwesome.ttf' (139K)
[2021.09.30-08.11.07:715][  0]LogRenderer: Reallocating scene render targets to support 1920x1080 Format 10 NumSamples 1 (Frame:1).
[2021.09.30-08.11.08:063][  0]LogContentBrowser: Native class hierarchy updated for 'HierarchicalLODOutliner' in 0.0004 seconds. Added 0 classes and 0 folders.
[2021.09.30-08.11.08:063][  0]LogLoad: (Engine Initialization) Total time: 14.67 seconds
[2021.09.30-08.11.08:063][  0]LogLoad: (Engine Initialization) Total Blueprint compile time: 0.00 seconds
[2021.09.30-08.11.08:256][  0]LogAssetRegistry: Asset discovery search completed in 8.1450 seconds
[2021.09.30-08.11.08:264][  0]LogCollectionManager: Fixed up redirectors for 0 collections in 0.000003 seconds (updated 0 objects)
[2021.09.30-08.11.08:266][  0]LogContentStreaming: Texture pool size now 1000 MB
[2021.09.30-08.11.08:340][  0]LogSlate: Took 0.014257 seconds to synchronously load lazily loaded font '../../../Engine/Content/Slate/Fonts/Roboto-Light.ttf' (167K)
[2021.09.30-08.11.09:167][ 15]LogSlate: Took 0.000298 seconds to synchronously load lazily loaded font '../../../Engine/Content/Slate/Fonts/Roboto-Light.ttf' (167K)
[2021.09.30-08.11.14:918][195]LogAssetEditorSubsystem: Opening Asset editor for World /Game/Map/Moon.Moon
[2021.09.30-08.11.14:939][195]LogUObjectHash: Compacting FUObjectHashTables data took   1.65ms
[2021.09.30-08.11.14:941][195]Cmd: MAP LOAD FILE="../../../../../../Users/gustav.anderssongut/Documents/GitHub/Deathbattle7.0/Content/Map/Moon.umap" TEMPLATE=0 SHOWPROGRESS=1 FEATURELEVEL=3
[2021.09.30-08.11.14:941][195]LightingResults: New page: Lighting Build
[2021.09.30-08.11.14:941][195]LoadErrors: New page: Loading map: Moon.umap
[2021.09.30-08.11.14:981][195]LogWorld: UWorld::CleanupWorld for SideScrollerExampleMap, bSessionEnded=true, bCleanupResources=true
[2021.09.30-08.11.14:981][195]LogSlate: InvalidateAllWidgets triggered.  All widgets were invalidated
[2021.09.30-08.11.14:981][195]MapCheck: New page: Map Check
[2021.09.30-08.11.14:981][195]LightingResults: New page: Lighting Build
[2021.09.30-08.11.15:000][195]LogAISub: UAISubsystem::~UAISubsystem EnvQueryManager (0000020E973F4800), frame # 195
[2021.09.30-08.11.15:000][195]LogAISub: UAISubsystem::~UAISubsystem AIPerceptionSystem (0000020E973DF380), frame # 195
[2021.09.30-08.11.15:001][195]LogUObjectHash: Compacting FUObjectHashTables data took   1.00ms
[2021.09.30-08.11.15:010][195]LogEditorServer: Finished looking for orphan Actors (0.000 secs)
[2021.09.30-08.11.15:010][195]LogAIModule: Creating AISystem for world Moon
[2021.09.30-08.11.15:010][195]LogAISub: UAISubsystem::UAISubsystem EnvQueryManager (0000020E97324A00), frame # 195
[2021.09.30-08.11.15:010][195]LogAISub: UAISubsystem::UAISubsystem AIPerceptionSystem (0000020E972DFEC0), frame # 195
[2021.09.30-08.11.15:029][195]LogUObjectHash: Compacting FUObjectHashTables data took   1.20ms
[2021.09.30-08.11.15:072][195]Cmd: MAP CHECKDEP NOCLEARLOG
[2021.09.30-08.11.15:072][195]MapCheck: Map check complete: 0 Error(s), 0 Warning(s), took 0,155ms to complete.
[2021.09.30-08.11.15:072][195]LogFileHelpers: Loading map 'Moon' took 0.131
[2021.09.30-08.11.23:478][946]LogTemp: Repeating last play command: Standalone Game
[2021.09.30-08.11.23:524][946]LogUObjectHash: Compacting FUObjectHashTables data took   0.44ms
[2021.09.30-08.11.24:201][998]LogTemp: Repeating last play command: Standalone Game
[2021.09.30-08.11.24:261][998]LogUObjectHash: Compacting FUObjectHashTables data took   0.79ms
[2021.09.30-08.11.24:745][ 33]LogTemp: Repeating last play command: Standalone Game
[2021.09.30-08.11.24:803][ 33]LogUObjectHash: Compacting FUObjectHashTables data took   0.48ms
[2021.09.30-08.11.25:175][ 58]LogTemp: Repeating last play command: Standalone Game
[2021.09.30-08.11.25:237][ 58]LogUObjectHash: Compacting FUObjectHashTables data took   0.66ms
[2021.09.30-08.11.30:065][446]MapCheck: New page: Map Check
[2021.09.30-08.11.30:108][446]Cmd: MAP REBUILD ALLVISIBLE
[2021.09.30-08.11.30:108][446]LogEditorServer: Rebuildmap Clear paths rebuilt
[2021.09.30-08.11.30:114][446]LogWorld: UWorld::CleanupWorld for Moon, bSessionEnded=true, bCleanupResources=false
[2021.09.30-08.11.30:141][446]LogNavigationDataBuild: Display: UNavigationSystemV1::Build started...
[2021.09.30-08.11.30:141][446]LogNavigationDataBuild: Display:    Building navigation data using PHYSICS_INTERFACE_PHYSX.
[2021.09.30-08.11.30:141][446]LogNavigationDataBuild: Display:    Building navigation data using WITH_PHYSX.
[2021.09.30-08.11.30:188][446]LogUObjectHash: Compacting FUObjectHashTables data took   2.17ms
[2021.09.30-08.11.30:204][446]LogMaterial: Display: Missing cached shader map for material DebugViewMode MaterialTexCoordScale, compiling. 
[2021.09.30-08.11.30:220][446]LogMaterial: Display: Missing cached shader map for material DebugViewMode MaterialTexCoordScale, compiling. 
[2021.09.30-08.11.30:225][446]LogShaderCompilers: Display: Worker (1/5): shaders left to compile 2
[2021.09.30-08.11.30:225][446]LogShaderCompilers: Display: Worker (2/5): shaders left to compile 1
[2021.09.30-08.11.30:225][446]LogMaterial: Display: Missing cached shader map for material DebugViewMode MaterialTexCoordScale, compiling. 
[2021.09.30-08.11.30:230][446]LogMaterial: Display: Missing cached shader map for material DebugViewMode MaterialTexCoordScale, compiling. 
[2021.09.30-08.11.30:236][446]LogMaterial: Display: Missing cached shader map for material DebugViewMode MaterialTexCoordScale, compiling. 
[2021.09.30-08.11.30:241][446]LogMaterial: Display: Missing cached shader map for material DebugViewMode MaterialTexCoordScale, compiling. 
[2021.09.30-08.11.30:246][446]LogMaterial: Display: Missing cached shader map for material DebugViewMode MaterialTexCoordScale, compiling. 
[2021.09.30-08.11.30:251][446]LogShaderCompilers: Display: Worker (3/5): shaders left to compile 10
[2021.09.30-08.11.30:251][446]LogShaderCompilers: Display: Worker (4/5): shaders left to compile 9
[2021.09.30-08.11.30:251][446]LogMaterial: Display: Missing cached shader map for material DebugViewMode MaterialTexCoordScale, compiling. 
[2021.09.30-08.11.30:256][446]LogMaterial: Display: Missing cached shader map for material DebugViewMode MaterialTexCoordScale, compiling. 
[2021.09.30-08.11.30:261][446]LogMaterial: Display: Missing cached shader map for material DebugViewMode MaterialTexCoordScale, compiling. 
[2021.09.30-08.11.30:266][446]LogMaterial: Display: Missing cached shader map for material DebugViewMode MaterialTexCoordScale, compiling. 
[2021.09.30-08.11.30:271][446]LogMaterial: Display: Missing cached shader map for material DebugViewMode MaterialTexCoordScale, compiling. 
[2021.09.30-08.11.30:276][446]LogMaterial: Display: Missing cached shader map for material DebugViewMode MaterialTexCoordScale, compiling. 
[2021.09.30-08.11.30:281][446]LogMaterial: Display: Missing cached shader map for material DebugViewMode MaterialTexCoordScale, compiling. 
[2021.09.30-08.11.30:287][446]LogMaterial: Display: Missing cached shader map for material DebugViewMode MaterialTexCoordScale, compiling. 
[2021.09.30-08.11.30:294][446]LogMaterial: Display: Missing cached shader map for material DebugViewMode MaterialTexCoordScale, compiling. 
[2021.09.30-08.11.30:299][446]LogMaterial: Display: Missing cached shader map for material DebugViewMode MaterialTexCoordScale, compiling. 
[2021.09.30-08.11.30:304][446]LogMaterial: Display: Missing cached shader map for material DebugViewMode MaterialTexCoordScale, compiling. 
[2021.09.30-08.11.30:309][446]LogMaterial: Display: Missing cached shader map for material DebugViewMode MaterialTexCoordScale, compiling. 
[2021.09.30-08.11.30:314][446]LogMaterial: Display: Missing cached shader map for material DebugViewMode MaterialTexCoordScale, compiling. 
[2021.09.30-08.11.30:320][446]LogMaterial: Display: Missing cached shader map for material DebugViewMode MaterialTexCoordScale, compiling. 
[2021.09.30-08.11.35:932][446]LogShaderCompilers: Display: Worker (3/5): shaders left to compile 38
[2021.09.30-08.11.35:932][446]LogShaderCompilers: Display: Worker (2/5): shaders left to compile 37
[2021.09.30-08.11.35:932][446]LogShaderCompilers: Display: Worker (4/5): shaders left to compile 36
[2021.09.30-08.11.35:932][446]LogShaderCompilers: Display: Worker (1/5): shaders left to compile 35
[2021.09.30-08.11.35:932][446]LogShaderCompilers: Display: Worker (3/5): shaders left to compile 34
[2021.09.30-08.11.35:932][446]LogShaderCompilers: Display: Worker (4/5): shaders left to compile 33
[2021.09.30-08.11.35:932][446]LogShaderCompilers: Display: Worker (2/5): shaders left to compile 32
[2021.09.30-08.11.35:932][446]LogShaderCompilers: Display: Worker (3/5): shaders left to compile 31
[2021.09.30-08.11.35:932][446]LogShaderCompilers: Display: Worker (1/5): shaders left to compile 30
[2021.09.30-08.11.35:932][446]LogShaderCompilers: Display: Worker (4/5): shaders left to compile 29
[2021.09.30-08.11.35:932][446]LogShaderCompilers: Display: Worker (2/5): shaders left to compile 28
[2021.09.30-08.11.35:932][446]LogShaderCompilers: Display: Worker (1/5): shaders left to compile 27
[2021.09.30-08.11.35:932][446]LogShaderCompilers: Display: Worker (3/5): shaders left to compile 26
[2021.09.30-08.11.35:932][446]LogShaderCompilers: Display: Worker (2/5): shaders left to compile 25
[2021.09.30-08.11.35:932][446]LogShaderCompilers: Display: Worker (4/5): shaders left to compile 24
[2021.09.30-08.11.35:932][446]LogShaderCompilers: Display: Worker (3/5): shaders left to compile 23
[2021.09.30-08.11.35:932][446]LogShaderCompilers: Display: Worker (1/5): shaders left to compile 22
[2021.09.30-08.11.35:932][446]LogShaderCompilers: Display: Worker (4/5): shaders left to compile 21
[2021.09.30-08.11.35:932][446]LogShaderCompilers: Display: Worker (2/5): shaders left to compile 20
[2021.09.30-08.11.35:932][446]LogShaderCompilers: Display: Worker (1/5): shaders left to compile 19
[2021.09.30-08.11.35:932][446]LogShaderCompilers: Display: Worker (3/5): shaders left to compile 18
[2021.09.30-08.11.35:932][446]LogShaderCompilers: Display: Worker (2/5): shaders left to compile 17
[2021.09.30-08.11.35:932][446]LogShaderCompilers: Display: Worker (4/5): shaders left to compile 16
[2021.09.30-08.11.35:932][446]LogShaderCompilers: Display: Worker (3/5): shaders left to compile 15
[2021.09.30-08.11.35:932][446]LogShaderCompilers: Display: Worker (1/5): shaders left to compile 14
[2021.09.30-08.11.35:932][446]LogShaderCompilers: Display: Worker (4/5): shaders left to compile 13
[2021.09.30-08.11.35:932][446]LogShaderCompilers: Display: Worker (2/5): shaders left to compile 12
[2021.09.30-08.11.35:932][446]LogShaderCompilers: Display: Worker (1/5): shaders left to compile 11
[2021.09.30-08.11.35:932][446]LogShaderCompilers: Display: Worker (3/5): shaders left to compile 10
[2021.09.30-08.11.35:932][446]LogShaderCompilers: Display: Worker (2/5): shaders left to compile 9
[2021.09.30-08.11.35:932][446]LogShaderCompilers: Display: Worker (4/5): shaders left to compile 8
[2021.09.30-08.11.35:932][446]LogShaderCompilers: Display: Worker (3/5): shaders left to compile 7
[2021.09.30-08.11.35:932][446]LogShaderCompilers: Display: Worker (1/5): shaders left to compile 6
[2021.09.30-08.11.35:932][446]LogShaderCompilers: Display: Worker (4/5): shaders left to compile 5
[2021.09.30-08.11.35:932][446]LogShaderCompilers: Display: Worker (2/5): shaders left to compile 4
[2021.09.30-08.11.35:932][446]LogShaderCompilers: Display: Worker (1/5): shaders left to compile 3
[2021.09.30-08.11.35:933][446]LogShaderCompilers: Display: Worker (3/5): shaders left to compile 2
[2021.09.30-08.11.35:933][446]LogShaderCompilers: Display: Worker (2/5): shaders left to compile 1
[2021.09.30-08.11.35:933][446]TextureStreamingBuild: Display: Compiling optional shaders took 5.740 seconds.
[2021.09.30-08.11.35:961][446]LogLevel: Display: Export Material TexCoord Scales took 0.028 seconds.
[2021.09.30-08.11.35:963][446]TextureStreamingBuild: Display: Build Texture Streaming took 0.002 seconds.
[2021.09.30-08.11.35:981][446]LogUObjectHash: Compacting FUObjectHashTables data took   0.51ms
[2021.09.30-08.11.35:993][446]LightingResults: New page: Lighting Build - 30 sep. 2021 12:11:35
[2021.09.30-08.11.36:238][446]LogSwarmInterface: [OpenConnection] Registering TCP channel ...
[2021.09.30-08.11.36:733][446]LogSwarmInterface: [OpenConnection] Connecting to agent ...
[2021.09.30-08.11.36:759][446]LogSwarmInterface: [TryOpenConnection] Testing the Agent
[2021.09.30-08.11.37:786][446]LogSwarmInterface: [TryOpenConnection] Opening Connection to Agent
[2021.09.30-08.11.37:787][446]LogSwarmInterface: [TryOpenConnection] Local Process ID is 16200
[2021.09.30-08.11.45:412][446]LogStaticLightingSystem: Warning: No importance volume found, so the scene bounding box was used.  You can optimize your scene's quality and lighting build times by adding importance volumes.
[2021.09.30-08.11.45:414][446]LogStaticLightingSystem: Running Lightmass w/ ImmediateImport mode ENABLED
[2021.09.30-08.11.45:414][446]LogStaticLightingSystem: Running Lightmass w/ ImmediateProcess mode ENABLED
[2021.09.30-08.11.45:414][446]LogStaticLightingSystem: Running Lightmass w/ Sorting mode ENABLED
[2021.09.30-08.11.45:414][446]LogStaticLightingSystem: Running Lightmass w/ Mapping paddings ENABLED
[2021.09.30-08.11.45:414][446]LogStaticLightingSystem: Running Lightmass w/ Mapping debug paddings DISABLED
[2021.09.30-08.11.45:863][446]Cmd: MAP CHECK DONTDISPLAYDIALOG
[2021.09.30-08.11.45:863][446]MapCheck: New page: Moon - 30 sep. 2021 12:11:45
[2021.09.30-08.11.45:899][446]MapCheck: Error: WorldSettings_1 Maps need lighting rebuilt 
[2021.09.30-08.11.45:901][446]MapCheck: Map check complete: 1 Error(s), 0 Warning(s), took 37,375ms to complete.
[2021.09.30-08.11.45:905][446]LogEditorBuildUtils: Build time 0:15
[2021.09.30-08.11.46:027][446]LogMaterial: Display: Missing cached shader map for material FLightmassMaterialRenderer MaterialInstanceDynamic_0, compiling. 
[2021.09.30-08.11.46:044][446]LogMaterial: Display: Missing cached shader map for material FLightmassMaterialRenderer MaterialInstanceDynamic_0, compiling. 
[2021.09.30-08.11.46:168][446]LogShaderCompilers: Display: Worker (1/5): shaders left to compile 4
[2021.09.30-08.11.46:168][446]LogShaderCompilers: Display: Worker (2/5): shaders left to compile 2
[2021.09.30-08.11.46:168][446]LogSlate: Took 0.024569 seconds to synchronously load lazily loaded font '../../../Engine/Content/Slate/Fonts/DroidSansMono.ttf' (77K)
[2021.09.30-08.11.46:206][447]LogMaterial: Display: Missing cached shader map for material FLightmassMaterialRenderer Material, compiling. 
[2021.09.30-08.11.46:216][447]LogShaderCompilers: Display: Worker (3/5): shaders left to compile 2
[2021.09.30-08.11.46:216][447]LogShaderCompilers: Display: Worker (4/5): shaders left to compile 1
[2021.09.30-08.11.46:216][447]LogMaterial: Display: Missing cached shader map for material FLightmassMaterialRenderer Material, compiling. 
[2021.09.30-08.11.46:366][448]LogMaterial: Display: Missing cached shader map for material FLightmassMaterialRenderer Material_001, compiling. 
[2021.09.30-08.11.46:375][448]LogMaterial: Display: Missing cached shader map for material FLightmassMaterialRenderer Material_001, compiling. 
[2021.09.30-08.11.46:430][449]LogMaterial: Display: Missing cached shader map for material FLightmassMaterialRenderer Material_002, compiling. 
[2021.09.30-08.11.46:439][449]LogMaterial: Display: Missing cached shader map for material FLightmassMaterialRenderer Material_002, compiling. 
[2021.09.30-08.11.46:462][450]LogMaterial: Display: Missing cached shader map for material FLightmassMaterialRenderer Material_003, compiling. 
[2021.09.30-08.11.46:472][450]LogMaterial: Display: Missing cached shader map for material FLightmassMaterialRenderer Material_003, compiling. 
[2021.09.30-08.11.46:498][451]LogMaterial: Display: Missing cached shader map for material FLightmassMaterialRenderer Material_004, compiling. 
[2021.09.30-08.11.46:508][451]LogMaterial: Display: Missing cached shader map for material FLightmassMaterialRenderer Material_004, compiling. 
[2021.09.30-08.11.46:569][452]LogMaterial: Display: Missing cached shader map for material FLightmassMaterialRenderer Material_005, compiling. 
[2021.09.30-08.11.46:580][452]LogMaterial: Display: Missing cached shader map for material FLightmassMaterialRenderer Material_005, compiling. 
[2021.09.30-08.11.46:605][453]LogMaterial: Display: Missing cached shader map for material FLightmassMaterialRenderer Material_006, compiling. 
[2021.09.30-08.11.46:615][453]LogMaterial: Display: Missing cached shader map for material FLightmassMaterialRenderer Material_006, compiling. 
[2021.09.30-08.11.46:640][454]LogMaterial: Display: Missing cached shader map for material FLightmassMaterialRenderer Material_007, compiling. 
[2021.09.30-08.11.46:650][454]LogMaterial: Display: Missing cached shader map for material FLightmassMaterialRenderer Material_007, compiling. 
[2021.09.30-08.11.46:674][455]LogMaterial: Display: Missing cached shader map for material FLightmassMaterialRenderer Material_008, compiling. 
[2021.09.30-08.11.46:685][455]LogMaterial: Display: Missing cached shader map for material FLightmassMaterialRenderer Material_008, compiling. 
[2021.09.30-08.11.46:723][456]LogMaterial: Display: Missing cached shader map for material FLightmassMaterialRenderer Material_009, compiling. 
[2021.09.30-08.11.46:732][456]LogMaterial: Display: Missing cached shader map for material FLightmassMaterialRenderer Material_009, compiling. 
[2021.09.30-08.11.46:756][457]LogMaterial: Display: Missing cached shader map for material FLightmassMaterialRenderer Material_010, compiling. 
[2021.09.30-08.11.46:769][457]LogMaterial: Display: Missing cached shader map for material FLightmassMaterialRenderer Material_010, compiling. 
[2021.09.30-08.11.46:801][458]LogMaterial: Display: Missing cached shader map for material FLightmassMaterialRenderer Material_011, compiling. 
[2021.09.30-08.11.46:812][458]LogMaterial: Display: Missing cached shader map for material FLightmassMaterialRenderer Material_011, compiling. 
[2021.09.30-08.11.46:845][459]LogMaterial: Display: Missing cached shader map for material FLightmassMaterialRenderer Material_012, compiling. 
[2021.09.30-08.11.46:855][459]LogMaterial: Display: Missing cached shader map for material FLightmassMaterialRenderer Material_012, compiling. 
[2021.09.30-08.11.46:892][460]LogMaterial: Display: Missing cached shader map for material FLightmassMaterialRenderer Material_013, compiling. 
[2021.09.30-08.11.46:901][460]LogMaterial: Display: Missing cached shader map for material FLightmassMaterialRenderer Material_013, compiling. 
[2021.09.30-08.11.46:927][461]LogMaterial: Display: Missing cached shader map for material FLightmassMaterialRenderer Material_014, compiling. 
[2021.09.30-08.11.46:936][461]LogMaterial: Display: Missing cached shader map for material FLightmassMaterialRenderer Material_014, compiling. 
[2021.09.30-08.11.46:969][462]LogMaterial: Display: Missing cached shader map for material FLightmassMaterialRenderer Material_015, compiling. 
[2021.09.30-08.11.46:980][462]LogMaterial: Display: Missing cached shader map for material FLightmassMaterialRenderer Material_015, compiling. 
[2021.09.30-08.11.47:011][463]LogMaterial: Display: Missing cached shader map for material FLightmassMaterialRenderer Material_016, compiling. 
[2021.09.30-08.11.47:022][463]LogMaterial: Display: Missing cached shader map for material FLightmassMaterialRenderer Material_016, compiling. 
[2021.09.30-08.11.47:055][464]LogMaterial: Display: Missing cached shader map for material FLightmassMaterialRenderer Material_017, compiling. 
[2021.09.30-08.11.47:066][464]LogMaterial: Display: Missing cached shader map for material FLightmassMaterialRenderer Material_017, compiling. 
[2021.09.30-08.11.47:103][465]LogMaterial: Display: Missing cached shader map for material FLightmassMaterialRenderer WorldGridMaterial, compiling. Is special engine material.
[2021.09.30-08.11.47:119][465]LogMaterial: Display: Missing cached shader map for material FLightmassMaterialRenderer WorldGridMaterial, compiling. Is special engine material.
[2021.09.30-08.12.02:141][467]LogShaderCompilers: Display: Worker (4/5): shaders left to compile 74
[2021.09.30-08.12.02:141][467]LogShaderCompilers: Display: Worker (3/5): shaders left to compile 64
[2021.09.30-08.12.02:141][467]LogShaderCompilers: Display: Worker (1/5): shaders left to compile 54
[2021.09.30-08.12.02:141][467]LogShaderCompilers: Display: Worker (2/5): shaders left to compile 44
[2021.09.30-08.12.02:141][467]LogShaderCompilers: Display: Worker (4/5): shaders left to compile 34
[2021.09.30-08.12.02:141][467]LogShaderCompilers: Display: Worker (3/5): shaders left to compile 25
[2021.09.30-08.12.02:141][467]LogShaderCompilers: Display: Worker (1/5): shaders left to compile 18
[2021.09.30-08.12.02:141][467]LogShaderCompilers: Display: Worker (2/5): shaders left to compile 13
[2021.09.30-08.12.02:141][467]LogShaderCompilers: Display: Worker (2/5): shaders left to compile 9
[2021.09.30-08.12.02:141][467]LogShaderCompilers: Display: Worker (1/5): shaders left to compile 6
[2021.09.30-08.12.02:141][467]LogShaderCompilers: Display: Worker (3/5): shaders left to compile 4
[2021.09.30-08.12.02:141][467]LogShaderCompilers: Display: Worker (2/5): shaders left to compile 2
[2021.09.30-08.12.02:141][467]LogShaderCompilers: Display: Worker (1/5): shaders left to compile 1
[2021.09.30-08.12.02:973][495]LogUObjectHash: Compacting FUObjectHashTables data took   0.49ms
[2021.09.30-08.12.05:448][503]LogEditorViewport: Clicking on Actor (LMB): BP_Sky_Sphere_C (Sky Sphere)
[2021.09.30-08.12.07:208][568]LogSlate: Window 'Message Log' being destroyed
[2021.09.30-08.12.07:226][568]LogSlate: Window 'Message Log' being destroyed
[2021.09.30-08.12.07:712][587]Job is a success!
[2021.09.30-08.12.07:951][588]LogVolumetricLightmapImport: Imported Volumetric Lightmap in 0.021s
[2021.09.30-08.12.07:951][588]LogVolumetricLightmapImport:      Indirection Texture 16x16x16 = 0.0Mb
[2021.09.30-08.12.07:951][588]LogVolumetricLightmapImport:      BrickData (all levels) 0.1Mb
[2021.09.30-08.12.07:951][588]LogVolumetricLightmapImport:      Bricks at depth
[2021.09.30-08.12.07:951][588]LogVolumetricLightmapImport:          0: 5.9% covering 100.0% of volume
[2021.09.30-08.12.07:951][588]LogVolumetricLightmapImport:          1: 11.8% covering 3.1% of volume
[2021.09.30-08.12.07:951][588]LogVolumetricLightmapImport:          2: 82.4% covering 0.3% of volume
[2021.09.30-08.12.07:951][588]LogVolumetricLightmapImport:      Bricks in each level
[2021.09.30-08.12.07:951][588]LogVolumetricLightmapImport:          Moon 			 17 bricks 	 100.0% (Persistent Level)
[2021.09.30-08.12.08:057][588]LogTexture: Display: Building textures: HQ_Lightmap0_1 (AutoDXT, 128X128)
[2021.09.30-08.12.08:058][588]LogTexture: Display: Building textures: LQ_Lightmap_0_1 (DXT1, 128X128)
[2021.09.30-08.12.08:058][588]LogTexture: Display: Building textures: HQ_Lightmap0_2 (AutoDXT, 64X64)
[2021.09.30-08.12.08:058][588]LogTexture: Display: Building textures: LQ_Lightmap_0_2 (DXT1, 64X64)
[2021.09.30-08.12.08:058][588]LogTexture: Display: Building textures: ShadowMapTexture2D_1 (G8, 32X32)
[2021.09.30-08.12.08:058][588]LogTexture: Display: Building textures: ShadowMapTexture2D_0 (G8, 64X64)
[2021.09.30-08.12.08:058][588]Lightmass on 5CD02327XZ: 2.39 sec total, 502 ms importing, 40 ms setup, 267 ms photons, 1.52 sec processing, 0 ms extra exporting [2/2 mappings]. Threads: 10.6 sec total, 1.63 sec processing.
[2021.09.30-08.12.08:058][588]LogStaticLightingSystem: Moon_BuiltData storing lightmap data for 2 meshes in 2 LightmapResourceClusters (1.0 Meshes per cluster).
[2021.09.30-08.12.08:079][588]LogUObjectHash: Compacting FUObjectHashTables data took   1.37ms
[2021.09.30-08.12.08:185][588]LogStaticLightingSystem: Illumination: 32.0 sec (29 ms encoding lightmaps, 5 ms encoding shadowmaps)
[2021.09.30-08.12.08:186][588]LogStaticLightingSystem: Lightmap texture memory:  0.0 MB (0.0 MB streaming, 0.0 MB non-streaming), 4 textures
[2021.09.30-08.12.08:186][588]LogStaticLightingSystem: Shadowmap texture memory: 0.0 MB (0.0 MB streaming, 0.0 MB non-streaming), 2 textures
[2021.09.30-08.12.08:444][588]DumpUnbuiltLightIteractions
[2021.09.30-08.12.08:444][588]Lights with unbuilt interactions: 0
[2021.09.30-08.12.08:444][588]
[2021.09.30-08.12.08:444][588]Primitives with unbuilt interactions: 0
[2021.09.30-08.12.08:604][589]Cmd: MAP CHECK NOTIFYRESULTS
[2021.09.30-08.12.08:605][589]MapCheck: New page: Moon - 30 sep. 2021 12:12:08
[2021.09.30-08.12.08:605][589]MapCheck: Map check complete: 0 Error(s), 0 Warning(s), took 0,647ms to complete.
[2021.09.30-08.12.12:178][775]LogSlate: Took 0.013926 seconds to synchronously load lazily loaded font '../../../Engine/Content/Slate/Fonts/Roboto-Italic.ttf' (157K)
[2021.09.30-08.12.37:342][407]LogSlate: Window 'Color Picker' being destroyed
[2021.09.30-08.12.48:734][268]LogTemp: Repeating last play command: Standalone Game
[2021.09.30-08.12.48:788][268]LogUObjectHash: Compacting FUObjectHashTables data took   1.44ms
[2021.09.30-08.12.51:681][268]LogSlate: Window 'Save Content' being destroyed
[2021.09.30-08.12.51:737][268]Cmd: OBJ SAVEPACKAGE PACKAGE="/Game/Map/Moon" FILE="../../../../../../Users/gustav.anderssongut/Documents/GitHub/Deathbattle7.0/Content/Map/Moon.umap" SILENT=true AUTOSAVING=false KEEPDIRTY=false
[2021.09.30-08.12.51:756][268]LogUObjectHash: Compacting FUObjectHashTables data took   0.33ms
[2021.09.30-08.12.51:810][268]LogSavePackage: Moving '../../../../../../Users/gustav.anderssongut/Documents/GitHub/Deathbattle7.0/Saved/MoonA08A14BC4B42535524760F9902ABF530.tmp' to '../../../../../../Users/gustav.anderssongut/Documents/GitHub/Deathbattle7.0/Content/Map/Moon.umap'
[2021.09.30-08.12.51:862][268]LogFileHelpers: Saving map 'Moon' took 0.126
[2021.09.30-08.12.51:863][268]Cmd: OBJ SAVEPACKAGE PACKAGE="/Game/Map/Moon_BuiltData" FILE="../../../../../../Users/gustav.anderssongut/Documents/GitHub/Deathbattle7.0/Content/Map/Moon_BuiltData.uasset" SILENT=true
[2021.09.30-08.12.51:907][268]LogSavePackage: Moving '../../../../../../Users/gustav.anderssongut/Documents/GitHub/Deathbattle7.0/Saved/Moon_BuiltData445092D24989C4D05A23F2BED6DB7F83.tmp' to '../../../../../../Users/gustav.anderssongut/Documents/GitHub/Deathbattle7.0/Content/Map/Moon_BuiltData.uasset'
[2021.09.30-08.12.51:957][269]AssetCheck: New page: Asset Save: multiple assets
[2021.09.30-08.12.51:958][269]LogContentValidation: Display: Validating World /Game/Map/Moon.Moon
[2021.09.30-08.12.51:958][269]LogContentValidation: Display: Validating MapBuildDataRegistry /Game/Map/Moon_BuiltData.Moon_BuiltData
[2021.09.30-08.13.48:753][ 48]LogSlate: Window 'Color Picker' being destroyed
[2021.09.30-08.13.53:674][320]LogTemp: Repeating last play command: Standalone Game
[2021.09.30-08.13.53:712][320]LogUObjectHash: Compacting FUObjectHashTables data took   0.42ms
[2021.09.30-08.13.55:295][320]LogSlate: Window 'Save Content' being destroyed
[2021.09.30-08.13.55:353][320]Cmd: OBJ SAVEPACKAGE PACKAGE="/Game/Map/Moon" FILE="../../../../../../Users/gustav.anderssongut/Documents/GitHub/Deathbattle7.0/Content/Map/Moon.umap" SILENT=true AUTOSAVING=false KEEPDIRTY=false
[2021.09.30-08.13.55:376][320]LogUObjectHash: Compacting FUObjectHashTables data took   0.97ms
[2021.09.30-08.13.55:441][320]LogSavePackage: Moving '../../../../../../Users/gustav.anderssongut/Documents/GitHub/Deathbattle7.0/Saved/Moon6518C47E4CF872ABB4149DA3A8DDCB0D.tmp' to '../../../../../../Users/gustav.anderssongut/Documents/GitHub/Deathbattle7.0/Content/Map/Moon.umap'
[2021.09.30-08.13.55:506][320]LogFileHelpers: Saving map 'Moon' took 0.154
[2021.09.30-08.13.55:506][320]Cmd: OBJ SAVEPACKAGE PACKAGE="/Game/Map/Moon_BuiltData" FILE="../../../../../../Users/gustav.anderssongut/Documents/GitHub/Deathbattle7.0/Content/Map/Moon_BuiltData.uasset" SILENT=true
[2021.09.30-08.13.55:554][320]LogSavePackage: Moving '../../../../../../Users/gustav.anderssongut/Documents/GitHub/Deathbattle7.0/Saved/Moon_BuiltDataFEE301FF4D8397194FF6529CFB9DB806.tmp' to '../../../../../../Users/gustav.anderssongut/Documents/GitHub/Deathbattle7.0/Content/Map/Moon_BuiltData.uasset'
[2021.09.30-08.13.55:599][321]AssetCheck: New page: Asset Save: multiple assets
[2021.09.30-08.13.55:599][321]LogContentValidation: Display: Validating World /Game/Map/Moon.Moon
[2021.09.30-08.13.55:599][321]LogContentValidation: Display: Validating MapBuildDataRegistry /Game/Map/Moon_BuiltData.Moon_BuiltData
[2021.09.30-08.16.32:212][273]LogTemp: Repeating last play command: Standalone Game
[2021.09.30-08.16.32:253][273]LogUObjectHash: Compacting FUObjectHashTables data took   1.13ms
[2021.09.30-08.16.34:089][273]LogSlate: Window 'Save Content' being destroyed
[2021.09.30-08.16.34:152][273]Cmd: OBJ SAVEPACKAGE PACKAGE="/Game/Map/Moon" FILE="../../../../../../Users/gustav.anderssongut/Documents/GitHub/Deathbattle7.0/Content/Map/Moon.umap" SILENT=true AUTOSAVING=false KEEPDIRTY=false
[2021.09.30-08.16.34:170][273]LogUObjectHash: Compacting FUObjectHashTables data took   0.47ms
[2021.09.30-08.16.34:211][273]LogSavePackage: Moving '../../../../../../Users/gustav.anderssongut/Documents/GitHub/Deathbattle7.0/Saved/Moon1E1730C54F8422239085B3AB09FD1D9A.tmp' to '../../../../../../Users/gustav.anderssongut/Documents/GitHub/Deathbattle7.0/Content/Map/Moon.umap'
[2021.09.30-08.16.34:259][273]LogFileHelpers: Saving map 'Moon' took 0.109
[2021.09.30-08.16.34:260][273]Cmd: OBJ SAVEPACKAGE PACKAGE="/Game/Map/Moon_BuiltData" FILE="../../../../../../Users/gustav.anderssongut/Documents/GitHub/Deathbattle7.0/Content/Map/Moon_BuiltData.uasset" SILENT=true
[2021.09.30-08.16.34:293][273]LogSavePackage: Moving '../../../../../../Users/gustav.anderssongut/Documents/GitHub/Deathbattle7.0/Saved/Moon_BuiltData888BE024477FE47ED87C0984CA44F499.tmp' to '../../../../../../Users/gustav.anderssongut/Documents/GitHub/Deathbattle7.0/Content/Map/Moon_BuiltData.uasset'
[2021.09.30-08.16.34:335][274]AssetCheck: New page: Asset Save: multiple assets
[2021.09.30-08.16.34:335][274]LogContentValidation: Display: Validating World /Game/Map/Moon.Moon
[2021.09.30-08.16.34:335][274]LogContentValidation: Display: Validating MapBuildDataRegistry /Game/Map/Moon_BuiltData.Moon_BuiltData
[2021.09.30-08.16.54:915][205]LogAssetEditorSubsystem: Opening Asset editor for MaterialInstanceDynamic /Game/Map/Moon.Moon:PersistentLevel.SkySphere.SkySphereMesh.MaterialInstanceDynamic_0
[2021.09.30-08.17.12:720][886]LogSlate: Window 'Save Asset As' being destroyed
[2021.09.30-08.21.23:140][277]LogSlate: Window 'MaterialInstanceDynamic_0' being destroyed
[2021.09.30-08.21.23:144][277]LogSlate: Window 'MaterialInstanceDynamic_0' being destroyed
[2021.09.30-08.21.24:528][277]LogSlate: Window 'Save Asset As' being destroyed
[2021.09.30-08.21.35:073][831]LogUObjectHash: Compacting FUObjectHashTables data took   1.86ms
[2021.09.30-08.21.35:120][831]Cmd: OBJ SAVEPACKAGE PACKAGE="/Game/Map/Moon" FILE="../../../../../../Users/gustav.anderssongut/Documents/GitHub/Deathbattle7.0/Content/Map/Moon.umap" SILENT=true AUTOSAVING=false KEEPDIRTY=false
[2021.09.30-08.21.35:138][831]LogUObjectHash: Compacting FUObjectHashTables data took   0.36ms
[2021.09.30-08.21.35:185][831]LogSavePackage: Moving '../../../../../../Users/gustav.anderssongut/Documents/GitHub/Deathbattle7.0/Saved/Moon688510BE49339069EE4C7D99DC298B40.tmp' to '../../../../../../Users/gustav.anderssongut/Documents/GitHub/Deathbattle7.0/Content/Map/Moon.umap'
[2021.09.30-08.21.35:237][831]LogFileHelpers: Saving map 'Moon' took 0.118
[2021.09.30-08.21.35:238][831]Cmd: OBJ SAVEPACKAGE PACKAGE="/Game/Map/Moon_BuiltData" FILE="../../../../../../Users/gustav.anderssongut/Documents/GitHub/Deathbattle7.0/Content/Map/Moon_BuiltData.uasset" SILENT=true
[2021.09.30-08.21.35:275][831]LogSavePackage: Moving '../../../../../../Users/gustav.anderssongut/Documents/GitHub/Deathbattle7.0/Saved/Moon_BuiltData4F1B3C9140B1AFAD40EB0A8EEB8271C3.tmp' to '../../../../../../Users/gustav.anderssongut/Documents/GitHub/Deathbattle7.0/Content/Map/Moon_BuiltData.uasset'
[2021.09.30-08.21.35:298][831]AssetCheck: New page: Asset Save: multiple assets
[2021.09.30-08.21.35:299][831]LogContentValidation: Display: Validating World /Game/Map/Moon.Moon
[2021.09.30-08.21.35:299][831]LogContentValidation: Display: Validating MapBuildDataRegistry /Game/Map/Moon_BuiltData.Moon_BuiltData
[2021.09.30-08.21.39:122][ 44]Cmd: OBJ SAVEPACKAGE PACKAGE="/Game/Map/Moon" FILE="../../../../../../Users/gustav.anderssongut/Documents/GitHub/Deathbattle7.0/Content/Map/Moon.umap" SILENT=true AUTOSAVING=false KEEPDIRTY=false
[2021.09.30-08.21.39:143][ 44]LogUObjectHash: Compacting FUObjectHashTables data took   1.00ms
[2021.09.30-08.21.39:193][ 44]LogSavePackage: Moving '../../../../../../Users/gustav.anderssongut/Documents/GitHub/Deathbattle7.0/Saved/MoonDC3D76F447D95B50CD1277823676BAA1.tmp' to '../../../../../../Users/gustav.anderssongut/Documents/GitHub/Deathbattle7.0/Content/Map/Moon.umap'
[2021.09.30-08.21.39:240][ 44]Cmd: OBJ SAVEPACKAGE PACKAGE="/Game/Map/Moon_BuiltData" FILE="../../../../../../Users/gustav.anderssongut/Documents/GitHub/Deathbattle7.0/Content/Map/Moon_BuiltData.uasset" SILENT=true
[2021.09.30-08.21.39:271][ 44]LogSavePackage: Moving '../../../../../../Users/gustav.anderssongut/Documents/GitHub/Deathbattle7.0/Saved/Moon_BuiltDataF79E115749176BD383A7F4BC0D9E2AE0.tmp' to '../../../../../../Users/gustav.anderssongut/Documents/GitHub/Deathbattle7.0/Content/Map/Moon_BuiltData.uasset'
[2021.09.30-08.21.39:298][ 44]AssetCheck: New page: Asset Save: multiple assets
[2021.09.30-08.21.39:298][ 44]LogContentValidation: Display: Validating World /Game/Map/Moon.Moon
[2021.09.30-08.21.39:298][ 44]LogContentValidation: Display: Validating MapBuildDataRegistry /Game/Map/Moon_BuiltData.Moon_BuiltData
[2021.09.30-08.21.39:820][ 72]Cmd: OBJ SAVEPACKAGE PACKAGE="/Game/Map/Moon" FILE="../../../../../../Users/gustav.anderssongut/Documents/GitHub/Deathbattle7.0/Content/Map/Moon.umap" SILENT=true AUTOSAVING=false KEEPDIRTY=false
[2021.09.30-08.21.39:839][ 72]LogUObjectHash: Compacting FUObjectHashTables data took   0.45ms
[2021.09.30-08.21.39:875][ 72]LogSavePackage: Moving '../../../../../../Users/gustav.anderssongut/Documents/GitHub/Deathbattle7.0/Saved/Moon165E2D524CB06E047BBD5AA3D0331A0D.tmp' to '../../../../../../Users/gustav.anderssongut/Documents/GitHub/Deathbattle7.0/Content/Map/Moon.umap'
[2021.09.30-08.21.39:919][ 72]Cmd: OBJ SAVEPACKAGE PACKAGE="/Game/Map/Moon_BuiltData" FILE="../../../../../../Users/gustav.anderssongut/Documents/GitHub/Deathbattle7.0/Content/Map/Moon_BuiltData.uasset" SILENT=true
[2021.09.30-08.21.39:949][ 72]LogSavePackage: Moving '../../../../../../Users/gustav.anderssongut/Documents/GitHub/Deathbattle7.0/Saved/Moon_BuiltDataE36076B640B6E6C009633D9BA4C36328.tmp' to '../../../../../../Users/gustav.anderssongut/Documents/GitHub/Deathbattle7.0/Content/Map/Moon_BuiltData.uasset'
[2021.09.30-08.21.39:969][ 72]AssetCheck: New page: Asset Save: multiple assets
[2021.09.30-08.21.39:969][ 72]LogContentValidation: Display: Validating World /Game/Map/Moon.Moon
[2021.09.30-08.21.39:969][ 72]LogContentValidation: Display: Validating MapBuildDataRegistry /Game/Map/Moon_BuiltData.Moon_BuiltData
[2021.09.30-08.21.40:514][102]Cmd: OBJ SAVEPACKAGE PACKAGE="/Game/Map/Moon" FILE="../../../../../../Users/gustav.anderssongut/Documents/GitHub/Deathbattle7.0/Content/Map/Moon.umap" SILENT=true AUTOSAVING=false KEEPDIRTY=false
[2021.09.30-08.21.40:530][102]LogUObjectHash: Compacting FUObjectHashTables data took   0.29ms
[2021.09.30-08.21.40:567][102]LogSavePackage: Moving '../../../../../../Users/gustav.anderssongut/Documents/GitHub/Deathbattle7.0/Saved/Moon02E6157041810063DD88889155FCF6DE.tmp' to '../../../../../../Users/gustav.anderssongut/Documents/GitHub/Deathbattle7.0/Content/Map/Moon.umap'
[2021.09.30-08.21.40:613][102]Cmd: OBJ SAVEPACKAGE PACKAGE="/Game/Map/Moon_BuiltData" FILE="../../../../../../Users/gustav.anderssongut/Documents/GitHub/Deathbattle7.0/Content/Map/Moon_BuiltData.uasset" SILENT=true
[2021.09.30-08.21.40:644][102]LogSavePackage: Moving '../../../../../../Users/gustav.anderssongut/Documents/GitHub/Deathbattle7.0/Saved/Moon_BuiltDataCD3C277942BD9D8021E4E58439DA0ED8.tmp' to '../../../../../../Users/gustav.anderssongut/Documents/GitHub/Deathbattle7.0/Content/Map/Moon_BuiltData.uasset'
[2021.09.30-08.21.40:665][102]AssetCheck: New page: Asset Save: multiple assets
[2021.09.30-08.21.40:665][102]LogContentValidation: Display: Validating World /Game/Map/Moon.Moon
[2021.09.30-08.21.40:665][102]LogContentValidation: Display: Validating MapBuildDataRegistry /Game/Map/Moon_BuiltData.Moon_BuiltData
[2021.09.30-08.27.04:001][265]Cmd: OBJ SAVEPACKAGE PACKAGE="/Game/Map/Moon" FILE="../../../../../../Users/gustav.anderssongut/Documents/GitHub/Deathbattle7.0/Content/Map/Moon.umap" SILENT=true AUTOSAVING=false KEEPDIRTY=false
[2021.09.30-08.27.04:021][265]LogUObjectHash: Compacting FUObjectHashTables data took   0.65ms
[2021.09.30-08.27.04:064][265]LogSavePackage: Moving '../../../../../../Users/gustav.anderssongut/Documents/GitHub/Deathbattle7.0/Saved/MoonA65DCCA5412A58F3E2CDE4B7083D6872.tmp' to '../../../../../../Users/gustav.anderssongut/Documents/GitHub/Deathbattle7.0/Content/Map/Moon.umap'
[2021.09.30-08.27.04:109][265]Cmd: OBJ SAVEPACKAGE PACKAGE="/Game/Map/Moon_BuiltData" FILE="../../../../../../Users/gustav.anderssongut/Documents/GitHub/Deathbattle7.0/Content/Map/Moon_BuiltData.uasset" SILENT=true
[2021.09.30-08.27.04:143][265]LogSavePackage: Moving '../../../../../../Users/gustav.anderssongut/Documents/GitHub/Deathbattle7.0/Saved/Moon_BuiltDataE0EB3C99442A7869D90FBCB433CD0400.tmp' to '../../../../../../Users/gustav.anderssongut/Documents/GitHub/Deathbattle7.0/Content/Map/Moon_BuiltData.uasset'
[2021.09.30-08.27.04:167][265]AssetCheck: New page: Asset Save: multiple assets
[2021.09.30-08.27.04:167][265]LogContentValidation: Display: Validating World /Game/Map/Moon.Moon
[2021.09.30-08.27.04:167][265]LogContentValidation: Display: Validating MapBuildDataRegistry /Game/Map/Moon_BuiltData.Moon_BuiltData
